{"C:\\Users\\guerr\\Desktop\\Trabalhos\\LEI\\TrabalhoLDS2025\\LDSGrupo04\\Bid-Go_Frontend\\src\\reportWebVitals.js":{"path":"C:\\Users\\guerr\\Desktop\\Trabalhos\\LEI\\TrabalhoLDS2025\\LDSGrupo04\\Bid-Go_Frontend\\src\\reportWebVitals.js","statementMap":{"0":{"start":{"line":1,"column":24},"end":{"line":11,"column":1}},"1":{"start":{"line":2,"column":2},"end":{"line":10,"column":3}},"2":{"start":{"line":3,"column":4},"end":{"line":9,"column":7}},"3":{"start":{"line":4,"column":6},"end":{"line":4,"column":26}},"4":{"start":{"line":5,"column":6},"end":{"line":5,"column":26}},"5":{"start":{"line":6,"column":6},"end":{"line":6,"column":26}},"6":{"start":{"line":7,"column":6},"end":{"line":7,"column":26}},"7":{"start":{"line":8,"column":6},"end":{"line":8,"column":27}}},"fnMap":{"0":{"name":"(anonymous_0)","decl":{"start":{"line":1,"column":24},"end":{"line":1,"column":25}},"loc":{"start":{"line":1,"column":39},"end":{"line":11,"column":1}},"line":1},"1":{"name":"(anonymous_1)","decl":{"start":{"line":3,"column":30},"end":{"line":3,"column":31}},"loc":{"start":{"line":3,"column":79},"end":{"line":9,"column":5}},"line":3}},"branchMap":{"0":{"loc":{"start":{"line":2,"column":2},"end":{"line":10,"column":3}},"type":"if","locations":[{"start":{"line":2,"column":2},"end":{"line":10,"column":3}},{"start":{},"end":{}}],"line":2},"1":{"loc":{"start":{"line":2,"column":6},"end":{"line":2,"column":52}},"type":"binary-expr","locations":[{"start":{"line":2,"column":6},"end":{"line":2,"column":17}},{"start":{"line":2,"column":21},"end":{"line":2,"column":52}}],"line":2}},"s":{"0":1,"1":1,"2":0,"3":0,"4":0,"5":0,"6":0,"7":0},"f":{"0":1,"1":0},"b":{"0":[0,1],"1":[1,0]},"_coverageSchema":"1a1c01bbd47fc00a2c39e90264f33305004495a9","hash":"0c043c97de33a06f5f4d5e92c14ab84d00acd158"},"C:\\Users\\guerr\\Desktop\\Trabalhos\\LEI\\TrabalhoLDS2025\\LDSGrupo04\\Bid-Go_Frontend\\src\\api\\axiosConfig.js":{"path":"C:\\Users\\guerr\\Desktop\\Trabalhos\\LEI\\TrabalhoLDS2025\\LDSGrupo04\\Bid-Go_Frontend\\src\\api\\axiosConfig.js","statementMap":{"0":{"start":{"line":5,"column":12},"end":{"line":8,"column":2}},"1":{"start":{"line":11,"column":0},"end":{"line":19,"column":2}},"2":{"start":{"line":14,"column":6},"end":{"line":14,"column":70}},"3":{"start":{"line":15,"column":4},"end":{"line":15,"column":64}},"4":{"start":{"line":15,"column":15},"end":{"line":15,"column":64}},"5":{"start":{"line":16,"column":4},"end":{"line":16,"column":18}},"6":{"start":{"line":18,"column":13},"end":{"line":18,"column":34}},"7":{"start":{"line":23,"column":0},"end":{"line":45,"column":2}},"8":{"start":{"line":24,"column":16},"end":{"line":24,"column":24}},"9":{"start":{"line":26,"column":23},"end":{"line":26,"column":46}},"10":{"start":{"line":29,"column":6},"end":{"line":41,"column":5}},"11":{"start":{"line":32,"column":8},"end":{"line":35,"column":9}},"12":{"start":{"line":34,"column":10},"end":{"line":34,"column":39}},"13":{"start":{"line":37,"column":8},"end":{"line":37,"column":65}},"14":{"start":{"line":38,"column":8},"end":{"line":38,"column":41}},"15":{"start":{"line":39,"column":8},"end":{"line":39,"column":43}},"16":{"start":{"line":40,"column":8},"end":{"line":40,"column":40}},"17":{"start":{"line":43,"column":4},"end":{"line":43,"column":33}}},"fnMap":{"0":{"name":"(anonymous_0)","decl":{"start":{"line":12,"column":2},"end":{"line":12,"column":3}},"loc":{"start":{"line":12,"column":14},"end":{"line":17,"column":3}},"line":12},"1":{"name":"(anonymous_1)","decl":{"start":{"line":18,"column":2},"end":{"line":18,"column":3}},"loc":{"start":{"line":18,"column":13},"end":{"line":18,"column":34}},"line":18},"2":{"name":"(anonymous_2)","decl":{"start":{"line":24,"column":2},"end":{"line":24,"column":3}},"loc":{"start":{"line":24,"column":16},"end":{"line":24,"column":24}},"line":24},"3":{"name":"(anonymous_3)","decl":{"start":{"line":25,"column":2},"end":{"line":25,"column":3}},"loc":{"start":{"line":25,"column":13},"end":{"line":44,"column":3}},"line":25}},"branchMap":{"0":{"loc":{"start":{"line":14,"column":6},"end":{"line":14,"column":70}},"type":"binary-expr","locations":[{"start":{"line":14,"column":6},"end":{"line":14,"column":35}},{"start":{"line":14,"column":39},"end":{"line":14,"column":70}}],"line":14},"1":{"loc":{"start":{"line":15,"column":4},"end":{"line":15,"column":64}},"type":"if","locations":[{"start":{"line":15,"column":4},"end":{"line":15,"column":64}},{"start":{},"end":{}}],"line":15},"2":{"loc":{"start":{"line":26,"column":23},"end":{"line":26,"column":46}},"type":"binary-expr","locations":[{"start":{"line":26,"column":23},"end":{"line":26,"column":40}},{"start":{"line":26,"column":44},"end":{"line":26,"column":46}}],"line":26},"3":{"loc":{"start":{"line":29,"column":6},"end":{"line":41,"column":5}},"type":"if","locations":[{"start":{"line":29,"column":6},"end":{"line":41,"column":5}},{"start":{},"end":{}}],"line":29},"4":{"loc":{"start":{"line":29,"column":10},"end":{"line":29,"column":79}},"type":"binary-expr","locations":[{"start":{"line":29,"column":10},"end":{"line":29,"column":40}},{"start":{"line":29,"column":44},"end":{"line":29,"column":79}}],"line":29},"5":{"loc":{"start":{"line":32,"column":8},"end":{"line":35,"column":9}},"type":"if","locations":[{"start":{"line":32,"column":8},"end":{"line":35,"column":9}},{"start":{},"end":{}}],"line":32},"6":{"loc":{"start":{"line":32,"column":12},"end":{"line":32,"column":71}},"type":"binary-expr","locations":[{"start":{"line":32,"column":12},"end":{"line":32,"column":41}},{"start":{"line":32,"column":45},"end":{"line":32,"column":71}}],"line":32}},"s":{"0":1,"1":1,"2":11,"3":11,"4":11,"5":11,"6":0,"7":1,"8":3,"9":2,"10":2,"11":0,"12":0,"13":0,"14":0,"15":0,"16":0,"17":2},"f":{"0":11,"1":0,"2":3,"3":2},"b":{"0":[11,0],"1":[11,0],"2":[2,0],"3":[0,2],"4":[2,0],"5":[0,0],"6":[0,0]},"_coverageSchema":"1a1c01bbd47fc00a2c39e90264f33305004495a9","hash":"92525f33706ea6b0c7fbd53ab816a3c884cdbdba"},"C:\\Users\\guerr\\Desktop\\Trabalhos\\LEI\\TrabalhoLDS2025\\LDSGrupo04\\Bid-Go_Frontend\\src\\components\\Navbar\\Navbar.js":{"path":"C:\\Users\\guerr\\Desktop\\Trabalhos\\LEI\\TrabalhoLDS2025\\LDSGrupo04\\Bid-Go_Frontend\\src\\components\\Navbar\\Navbar.js","statementMap":{"0":{"start":{"line":16,"column":28},"end":{"line":16,"column":42}},"1":{"start":{"line":17,"column":36},"end":{"line":17,"column":51}},"2":{"start":{"line":18,"column":21},"end":{"line":18,"column":34}},"3":{"start":{"line":19,"column":42},"end":{"line":19,"column":53}},"4":{"start":{"line":20,"column":54},"end":{"line":20,"column":69}},"5":{"start":{"line":21,"column":58},"end":{"line":21,"column":70}},"6":{"start":{"line":22,"column":44},"end":{"line":22,"column":59}},"7":{"start":{"line":24,"column":4},"end":{"line":70,"column":11}},"8":{"start":{"line":25,"column":26},"end":{"line":67,"column":9}},"9":{"start":{"line":26,"column":12},"end":{"line":66,"column":13}},"10":{"start":{"line":27,"column":30},"end":{"line":27,"column":55}},"11":{"start":{"line":28,"column":31},"end":{"line":28,"column":55}},"12":{"start":{"line":30,"column":33},"end":{"line":32,"column":31}},"13":{"start":{"line":31,"column":20},"end":{"line":32,"column":31}},"14":{"start":{"line":31,"column":39},"end":{"line":31,"column":83}},"15":{"start":{"line":34,"column":31},"end":{"line":34,"column":49}},"16":{"start":{"line":35,"column":33},"end":{"line":35,"column":53}},"17":{"start":{"line":37,"column":16},"end":{"line":37,"column":36}},"18":{"start":{"line":37,"column":29},"end":{"line":37,"column":36}},"19":{"start":{"line":39,"column":39},"end":{"line":39,"column":68}},"20":{"start":{"line":40,"column":16},"end":{"line":40,"column":38}},"21":{"start":{"line":41,"column":37},"end":{"line":41,"column":79}},"22":{"start":{"line":43,"column":47},"end":{"line":46,"column":18}},"23":{"start":{"line":47,"column":32},"end":{"line":47,"column":47}},"24":{"start":{"line":48,"column":38},"end":{"line":48,"column":57}},"25":{"start":{"line":49,"column":31},"end":{"line":49,"column":76}},"26":{"start":{"line":49,"column":59},"end":{"line":49,"column":68}},"27":{"start":{"line":51,"column":16},"end":{"line":55,"column":18}},"28":{"start":{"line":53,"column":40},"end":{"line":53,"column":85}},"29":{"start":{"line":56,"column":16},"end":{"line":56,"column":39}},"30":{"start":{"line":57,"column":16},"end":{"line":57,"column":39}},"31":{"start":{"line":59,"column":16},"end":{"line":63,"column":19}},"32":{"start":{"line":65,"column":16},"end":{"line":65,"column":59}},"33":{"start":{"line":69,"column":8},"end":{"line":69,"column":20}},"34":{"start":{"line":72,"column":26},"end":{"line":95,"column":5}},"35":{"start":{"line":73,"column":8},"end":{"line":94,"column":9}},"36":{"start":{"line":74,"column":12},"end":{"line":74,"column":60}},"37":{"start":{"line":75,"column":26},"end":{"line":75,"column":51}},"38":{"start":{"line":76,"column":27},"end":{"line":76,"column":51}},"39":{"start":{"line":77,"column":29},"end":{"line":78,"column":87}},"40":{"start":{"line":78,"column":16},"end":{"line":78,"column":87}},"41":{"start":{"line":78,"column":35},"end":{"line":78,"column":79}},"42":{"start":{"line":79,"column":27},"end":{"line":79,"column":45}},"43":{"start":{"line":80,"column":12},"end":{"line":80,"column":32}},"44":{"start":{"line":80,"column":25},"end":{"line":80,"column":32}},"45":{"start":{"line":81,"column":12},"end":{"line":81,"column":34}},"46":{"start":{"line":82,"column":29},"end":{"line":82,"column":77}},"47":{"start":{"line":83,"column":34},"end":{"line":83,"column":53}},"48":{"start":{"line":84,"column":12},"end":{"line":88,"column":14}},"49":{"start":{"line":86,"column":36},"end":{"line":86,"column":81}},"50":{"start":{"line":89,"column":12},"end":{"line":89,"column":30}},"51":{"start":{"line":91,"column":12},"end":{"line":91,"column":58}},"52":{"start":{"line":93,"column":12},"end":{"line":93,"column":35}},"53":{"start":{"line":97,"column":24},"end":{"line":112,"column":5}},"54":{"start":{"line":98,"column":8},"end":{"line":111,"column":9}},"55":{"start":{"line":100,"column":16},"end":{"line":100,"column":41}},"56":{"start":{"line":102,"column":16},"end":{"line":102,"column":41}},"57":{"start":{"line":104,"column":16},"end":{"line":104,"column":33}},"58":{"start":{"line":106,"column":16},"end":{"line":106,"column":41}},"59":{"start":{"line":108,"column":16},"end":{"line":108,"column":43}},"60":{"start":{"line":110,"column":16},"end":{"line":110,"column":41}},"61":{"start":{"line":114,"column":25},"end":{"line":118,"column":5}},"62":{"start":{"line":115,"column":8},"end":{"line":115,"column":41}},"63":{"start":{"line":116,"column":8},"end":{"line":116,"column":43}},"64":{"start":{"line":117,"column":8},"end":{"line":117,"column":27}},"65":{"start":{"line":120,"column":4},"end":{"line":263,"column":6}},"66":{"start":{"line":122,"column":49},"end":{"line":122,"column":62}},"67":{"start":{"line":136,"column":29},"end":{"line":136,"column":69}},"68":{"start":{"line":176,"column":40},"end":{"line":197,"column":46}},"69":{"start":{"line":180,"column":48},"end":{"line":180,"column":75}},"70":{"start":{"line":181,"column":48},"end":{"line":181,"column":76}},"71":{"start":{"line":205,"column":36},"end":{"line":205,"column":63}},"72":{"start":{"line":206,"column":36},"end":{"line":206,"column":64}},"73":{"start":{"line":226,"column":61},"end":{"line":226,"column":83}},"74":{"start":{"line":240,"column":55},"end":{"line":240,"column":75}},"75":{"start":{"line":241,"column":55},"end":{"line":241,"column":75}},"76":{"start":{"line":242,"column":55},"end":{"line":242,"column":81}},"77":{"start":{"line":246,"column":59},"end":{"line":246,"column":78}},"78":{"start":{"line":252,"column":59},"end":{"line":252,"column":84}}},"fnMap":{"0":{"name":"Navbar","decl":{"start":{"line":15,"column":24},"end":{"line":15,"column":30}},"loc":{"start":{"line":15,"column":33},"end":{"line":264,"column":1}},"line":15},"1":{"name":"(anonymous_1)","decl":{"start":{"line":24,"column":14},"end":{"line":24,"column":15}},"loc":{"start":{"line":24,"column":20},"end":{"line":70,"column":5}},"line":24},"2":{"name":"(anonymous_2)","decl":{"start":{"line":25,"column":26},"end":{"line":25,"column":27}},"loc":{"start":{"line":25,"column":38},"end":{"line":67,"column":9}},"line":25},"3":{"name":"(anonymous_3)","decl":{"start":{"line":30,"column":33},"end":{"line":30,"column":34}},"loc":{"start":{"line":31,"column":20},"end":{"line":32,"column":31}},"line":31},"4":{"name":"(anonymous_4)","decl":{"start":{"line":31,"column":32},"end":{"line":31,"column":33}},"loc":{"start":{"line":31,"column":39},"end":{"line":31,"column":83}},"line":31},"5":{"name":"(anonymous_5)","decl":{"start":{"line":49,"column":52},"end":{"line":49,"column":53}},"loc":{"start":{"line":49,"column":59},"end":{"line":49,"column":68}},"line":49},"6":{"name":"(anonymous_6)","decl":{"start":{"line":53,"column":30},"end":{"line":53,"column":31}},"loc":{"start":{"line":53,"column":40},"end":{"line":53,"column":85}},"line":53},"7":{"name":"(anonymous_7)","decl":{"start":{"line":72,"column":26},"end":{"line":72,"column":27}},"loc":{"start":{"line":72,"column":38},"end":{"line":95,"column":5}},"line":72},"8":{"name":"(anonymous_8)","decl":{"start":{"line":77,"column":29},"end":{"line":77,"column":30}},"loc":{"start":{"line":78,"column":16},"end":{"line":78,"column":87}},"line":78},"9":{"name":"(anonymous_9)","decl":{"start":{"line":78,"column":28},"end":{"line":78,"column":29}},"loc":{"start":{"line":78,"column":35},"end":{"line":78,"column":79}},"line":78},"10":{"name":"(anonymous_10)","decl":{"start":{"line":86,"column":26},"end":{"line":86,"column":27}},"loc":{"start":{"line":86,"column":36},"end":{"line":86,"column":81}},"line":86},"11":{"name":"(anonymous_11)","decl":{"start":{"line":97,"column":24},"end":{"line":97,"column":25}},"loc":{"start":{"line":97,"column":34},"end":{"line":112,"column":5}},"line":97},"12":{"name":"(anonymous_12)","decl":{"start":{"line":114,"column":25},"end":{"line":114,"column":26}},"loc":{"start":{"line":114,"column":31},"end":{"line":118,"column":5}},"line":114},"13":{"name":"(anonymous_13)","decl":{"start":{"line":122,"column":43},"end":{"line":122,"column":44}},"loc":{"start":{"line":122,"column":49},"end":{"line":122,"column":62}},"line":122},"14":{"name":"(anonymous_14)","decl":{"start":{"line":136,"column":23},"end":{"line":136,"column":24}},"loc":{"start":{"line":136,"column":29},"end":{"line":136,"column":69}},"line":136},"15":{"name":"(anonymous_15)","decl":{"start":{"line":175,"column":61},"end":{"line":175,"column":62}},"loc":{"start":{"line":176,"column":40},"end":{"line":197,"column":46}},"line":176},"16":{"name":"(anonymous_16)","decl":{"start":{"line":179,"column":53},"end":{"line":179,"column":54}},"loc":{"start":{"line":179,"column":59},"end":{"line":182,"column":45}},"line":179},"17":{"name":"(anonymous_17)","decl":{"start":{"line":204,"column":41},"end":{"line":204,"column":42}},"loc":{"start":{"line":204,"column":47},"end":{"line":207,"column":33}},"line":204},"18":{"name":"(anonymous_18)","decl":{"start":{"line":226,"column":55},"end":{"line":226,"column":56}},"loc":{"start":{"line":226,"column":61},"end":{"line":226,"column":83}},"line":226},"19":{"name":"(anonymous_19)","decl":{"start":{"line":240,"column":49},"end":{"line":240,"column":50}},"loc":{"start":{"line":240,"column":55},"end":{"line":240,"column":75}},"line":240},"20":{"name":"(anonymous_20)","decl":{"start":{"line":241,"column":49},"end":{"line":241,"column":50}},"loc":{"start":{"line":241,"column":55},"end":{"line":241,"column":75}},"line":241},"21":{"name":"(anonymous_21)","decl":{"start":{"line":242,"column":49},"end":{"line":242,"column":50}},"loc":{"start":{"line":242,"column":55},"end":{"line":242,"column":81}},"line":242},"22":{"name":"(anonymous_22)","decl":{"start":{"line":246,"column":53},"end":{"line":246,"column":54}},"loc":{"start":{"line":246,"column":59},"end":{"line":246,"column":78}},"line":246},"23":{"name":"(anonymous_23)","decl":{"start":{"line":252,"column":53},"end":{"line":252,"column":54}},"loc":{"start":{"line":252,"column":59},"end":{"line":252,"column":84}},"line":252}},"branchMap":{"0":{"loc":{"start":{"line":28,"column":31},"end":{"line":28,"column":55}},"type":"binary-expr","locations":[{"start":{"line":28,"column":31},"end":{"line":28,"column":49}},{"start":{"line":28,"column":53},"end":{"line":28,"column":55}}],"line":28},"1":{"loc":{"start":{"line":37,"column":16},"end":{"line":37,"column":36}},"type":"if","locations":[{"start":{"line":37,"column":16},"end":{"line":37,"column":36}},{"start":{},"end":{}}],"line":37},"2":{"loc":{"start":{"line":48,"column":38},"end":{"line":48,"column":57}},"type":"binary-expr","locations":[{"start":{"line":48,"column":38},"end":{"line":48,"column":51}},{"start":{"line":48,"column":55},"end":{"line":48,"column":57}}],"line":48},"3":{"loc":{"start":{"line":60,"column":26},"end":{"line":60,"column":48}},"type":"binary-expr","locations":[{"start":{"line":60,"column":26},"end":{"line":60,"column":38}},{"start":{"line":60,"column":42},"end":{"line":60,"column":48}}],"line":60},"4":{"loc":{"start":{"line":61,"column":26},"end":{"line":61,"column":47}},"type":"binary-expr","locations":[{"start":{"line":61,"column":26},"end":{"line":61,"column":34}},{"start":{"line":61,"column":38},"end":{"line":61,"column":47}}],"line":61},"5":{"loc":{"start":{"line":62,"column":28},"end":{"line":62,"column":80}},"type":"binary-expr","locations":[{"start":{"line":62,"column":28},"end":{"line":62,"column":48}},{"start":{"line":62,"column":52},"end":{"line":62,"column":80}}],"line":62},"6":{"loc":{"start":{"line":76,"column":27},"end":{"line":76,"column":51}},"type":"binary-expr","locations":[{"start":{"line":76,"column":27},"end":{"line":76,"column":45}},{"start":{"line":76,"column":49},"end":{"line":76,"column":51}}],"line":76},"7":{"loc":{"start":{"line":80,"column":12},"end":{"line":80,"column":32}},"type":"if","locations":[{"start":{"line":80,"column":12},"end":{"line":80,"column":32}},{"start":{},"end":{}}],"line":80},"8":{"loc":{"start":{"line":83,"column":34},"end":{"line":83,"column":53}},"type":"binary-expr","locations":[{"start":{"line":83,"column":34},"end":{"line":83,"column":47}},{"start":{"line":83,"column":51},"end":{"line":83,"column":53}}],"line":83},"9":{"loc":{"start":{"line":98,"column":8},"end":{"line":111,"column":9}},"type":"switch","locations":[{"start":{"line":99,"column":12},"end":{"line":100,"column":41}},{"start":{"line":101,"column":12},"end":{"line":102,"column":41}},{"start":{"line":103,"column":12},"end":{"line":104,"column":33}},{"start":{"line":105,"column":12},"end":{"line":106,"column":41}},{"start":{"line":107,"column":12},"end":{"line":108,"column":43}},{"start":{"line":109,"column":12},"end":{"line":110,"column":41}}],"line":98},"10":{"loc":{"start":{"line":140,"column":15},"end":{"line":147,"column":15}},"type":"binary-expr","locations":[{"start":{"line":140,"column":15},"end":{"line":140,"column":30}},{"start":{"line":141,"column":18},"end":{"line":146,"column":21}}],"line":140},"11":{"loc":{"start":{"line":150,"column":21},"end":{"line":212,"column":21}},"type":"binary-expr","locations":[{"start":{"line":150,"column":21},"end":{"line":150,"column":38}},{"start":{"line":151,"column":24},"end":{"line":211,"column":30}}],"line":150},"12":{"loc":{"start":{"line":158,"column":33},"end":{"line":165,"column":33}},"type":"binary-expr","locations":[{"start":{"line":158,"column":33},"end":{"line":158,"column":63}},{"start":{"line":158,"column":67},"end":{"line":158,"column":82}},{"start":{"line":159,"column":36},"end":{"line":164,"column":45}}],"line":158},"13":{"loc":{"start":{"line":168,"column":29},"end":{"line":168,"column":86}},"type":"binary-expr","locations":[{"start":{"line":168,"column":29},"end":{"line":168,"column":41}},{"start":{"line":168,"column":45},"end":{"line":168,"column":86}}],"line":168},"14":{"loc":{"start":{"line":169,"column":29},"end":{"line":171,"column":29}},"type":"binary-expr","locations":[{"start":{"line":169,"column":29},"end":{"line":169,"column":42}},{"start":{"line":169,"column":46},"end":{"line":169,"column":78}},{"start":{"line":170,"column":32},"end":{"line":170,"column":79}}],"line":169},"15":{"loc":{"start":{"line":173,"column":29},"end":{"line":200,"column":29}},"type":"binary-expr","locations":[{"start":{"line":173,"column":29},"end":{"line":173,"column":42}},{"start":{"line":173,"column":46},"end":{"line":173,"column":76}},{"start":{"line":174,"column":32},"end":{"line":199,"column":38}}],"line":173},"16":{"loc":{"start":{"line":178,"column":69},"end":{"line":178,"column":93}},"type":"cond-expr","locations":[{"start":{"line":178,"column":80},"end":{"line":178,"column":82}},{"start":{"line":178,"column":85},"end":{"line":178,"column":93}}],"line":178},"17":{"loc":{"start":{"line":215,"column":17},"end":{"line":223,"column":17}},"type":"binary-expr","locations":[{"start":{"line":215,"column":17},"end":{"line":215,"column":22}},{"start":{"line":216,"column":20},"end":{"line":222,"column":26}}],"line":215},"18":{"loc":{"start":{"line":225,"column":17},"end":{"line":260,"column":17}},"type":"binary-expr","locations":[{"start":{"line":225,"column":17},"end":{"line":225,"column":21}},{"start":{"line":226,"column":20},"end":{"line":259,"column":26}}],"line":225},"19":{"loc":{"start":{"line":228,"column":33},"end":{"line":228,"column":59}},"type":"binary-expr","locations":[{"start":{"line":228,"column":33},"end":{"line":228,"column":44}},{"start":{"line":228,"column":48},"end":{"line":228,"column":59}}],"line":228},"20":{"loc":{"start":{"line":238,"column":25},"end":{"line":258,"column":25}},"type":"binary-expr","locations":[{"start":{"line":238,"column":25},"end":{"line":238,"column":33}},{"start":{"line":239,"column":28},"end":{"line":257,"column":34}}],"line":238},"21":{"loc":{"start":{"line":245,"column":33},"end":{"line":249,"column":33}},"type":"binary-expr","locations":[{"start":{"line":245,"column":33},"end":{"line":245,"column":43}},{"start":{"line":245,"column":47},"end":{"line":245,"column":89}},{"start":{"line":246,"column":36},"end":{"line":248,"column":45}}],"line":245},"22":{"loc":{"start":{"line":251,"column":33},"end":{"line":255,"column":33}},"type":"binary-expr","locations":[{"start":{"line":251,"column":33},"end":{"line":251,"column":43}},{"start":{"line":251,"column":47},"end":{"line":251,"column":90}},{"start":{"line":252,"column":36},"end":{"line":254,"column":45}}],"line":251}},"s":{"0":6,"1":6,"2":6,"3":6,"4":6,"5":6,"6":6,"7":6,"8":2,"9":2,"10":2,"11":2,"12":2,"13":4,"14":6,"15":2,"16":2,"17":2,"18":0,"19":2,"20":2,"21":2,"22":2,"23":0,"24":0,"25":0,"26":0,"27":0,"28":0,"29":0,"30":0,"31":0,"32":0,"33":2,"34":6,"35":0,"36":0,"37":0,"38":0,"39":0,"40":0,"41":0,"42":0,"43":0,"44":0,"45":0,"46":0,"47":0,"48":0,"49":0,"50":0,"51":0,"52":0,"53":6,"54":0,"55":0,"56":0,"57":0,"58":0,"59":0,"60":0,"61":6,"62":0,"63":0,"64":0,"65":6,"66":0,"67":0,"68":0,"69":0,"70":0,"71":0,"72":0,"73":0,"74":0,"75":0,"76":0,"77":0,"78":0},"f":{"0":6,"1":2,"2":2,"3":4,"4":6,"5":0,"6":0,"7":0,"8":0,"9":0,"10":0,"11":0,"12":0,"13":0,"14":0,"15":0,"16":0,"17":0,"18":0,"19":0,"20":0,"21":0,"22":0,"23":0},"b":{"0":[2,0],"1":[0,2],"2":[0,0],"3":[0,0],"4":[0,0],"5":[0,0],"6":[0,0],"7":[0,0],"8":[0,0],"9":[0,0,0,0,0,0],"10":[6,0],"11":[6,0],"12":[0,0,0],"13":[0,0],"14":[0,0,0],"15":[0,0,0],"16":[0,0],"17":[6,6],"18":[6,0],"19":[0,0],"20":[0,0],"21":[0,0,0],"22":[0,0,0]},"_coverageSchema":"1a1c01bbd47fc00a2c39e90264f33305004495a9","hash":"576eb77dea2b683ec86759ef70bf39e2260d7c52"},"C:\\Users\\guerr\\Desktop\\Trabalhos\\LEI\\TrabalhoLDS2025\\LDSGrupo04\\Bid-Go_Frontend\\src\\components\\feedback\\ToastContext.js":{"path":"C:\\Users\\guerr\\Desktop\\Trabalhos\\LEI\\TrabalhoLDS2025\\LDSGrupo04\\Bid-Go_Frontend\\src\\components\\feedback\\ToastContext.js","statementMap":{"0":{"start":{"line":4,"column":17},"end":{"line":4,"column":67}},"1":{"start":{"line":7,"column":30},"end":{"line":7,"column":42}},"2":{"start":{"line":9,"column":20},"end":{"line":18,"column":3}},"3":{"start":{"line":11,"column":17},"end":{"line":11,"column":43}},"4":{"start":{"line":12,"column":6},"end":{"line":12,"column":50}},"5":{"start":{"line":12,"column":23},"end":{"line":12,"column":48}},"6":{"start":{"line":13,"column":6},"end":{"line":15,"column":19}},"7":{"start":{"line":14,"column":8},"end":{"line":14,"column":55}},"8":{"start":{"line":14,"column":25},"end":{"line":14,"column":53}},"9":{"start":{"line":14,"column":41},"end":{"line":14,"column":52}},"10":{"start":{"line":20,"column":2},"end":{"line":31,"column":4}},"11":{"start":{"line":25,"column":10},"end":{"line":27,"column":16}},"12":{"start":{"line":35,"column":2},"end":{"line":35,"column":30}}},"fnMap":{"0":{"name":"(anonymous_0)","decl":{"start":{"line":4,"column":44},"end":{"line":4,"column":45}},"loc":{"start":{"line":4,"column":50},"end":{"line":4,"column":52}},"line":4},"1":{"name":"ToastProvider","decl":{"start":{"line":6,"column":16},"end":{"line":6,"column":29}},"loc":{"start":{"line":6,"column":61},"end":{"line":32,"column":1}},"line":6},"2":{"name":"(anonymous_2)","decl":{"start":{"line":10,"column":4},"end":{"line":10,"column":5}},"loc":{"start":{"line":10,"column":31},"end":{"line":16,"column":5}},"line":10},"3":{"name":"(anonymous_3)","decl":{"start":{"line":12,"column":16},"end":{"line":12,"column":17}},"loc":{"start":{"line":12,"column":23},"end":{"line":12,"column":48}},"line":12},"4":{"name":"(anonymous_4)","decl":{"start":{"line":13,"column":17},"end":{"line":13,"column":18}},"loc":{"start":{"line":13,"column":23},"end":{"line":15,"column":7}},"line":13},"5":{"name":"(anonymous_5)","decl":{"start":{"line":14,"column":18},"end":{"line":14,"column":19}},"loc":{"start":{"line":14,"column":25},"end":{"line":14,"column":53}},"line":14},"6":{"name":"(anonymous_6)","decl":{"start":{"line":14,"column":34},"end":{"line":14,"column":35}},"loc":{"start":{"line":14,"column":41},"end":{"line":14,"column":52}},"line":14},"7":{"name":"(anonymous_7)","decl":{"start":{"line":24,"column":20},"end":{"line":24,"column":21}},"loc":{"start":{"line":25,"column":10},"end":{"line":27,"column":16}},"line":25},"8":{"name":"useToast","decl":{"start":{"line":34,"column":16},"end":{"line":34,"column":24}},"loc":{"start":{"line":34,"column":27},"end":{"line":36,"column":1}},"line":34}},"branchMap":{"0":{"loc":{"start":{"line":6,"column":42},"end":{"line":6,"column":57}},"type":"default-arg","locations":[{"start":{"line":6,"column":53},"end":{"line":6,"column":57}}],"line":6},"1":{"loc":{"start":{"line":10,"column":10},"end":{"line":10,"column":26}},"type":"default-arg","locations":[{"start":{"line":10,"column":17},"end":{"line":10,"column":26}}],"line":10}},"s":{"0":1,"1":6,"2":6,"3":1,"4":1,"5":2,"6":1,"7":0,"8":0,"9":0,"10":6,"11":2,"12":40},"f":{"0":0,"1":6,"2":1,"3":2,"4":0,"5":0,"6":0,"7":2,"8":40},"b":{"0":[6],"1":[0]},"_coverageSchema":"1a1c01bbd47fc00a2c39e90264f33305004495a9","hash":"4d8e037e4bbf4d736b148707b893fe880611a431"},"C:\\Users\\guerr\\Desktop\\Trabalhos\\LEI\\TrabalhoLDS2025\\LDSGrupo04\\Bid-Go_Frontend\\src\\App.js":{"path":"C:\\Users\\guerr\\Desktop\\Trabalhos\\LEI\\TrabalhoLDS2025\\LDSGrupo04\\Bid-Go_Frontend\\src\\App.js","statementMap":{"0":{"start":{"line":8,"column":2},"end":{"line":17,"column":4}}},"fnMap":{"0":{"name":"App","decl":{"start":{"line":7,"column":9},"end":{"line":7,"column":12}},"loc":{"start":{"line":7,"column":15},"end":{"line":18,"column":1}},"line":7}},"branchMap":{},"s":{"0":2},"f":{"0":2},"b":{},"_coverageSchema":"1a1c01bbd47fc00a2c39e90264f33305004495a9","hash":"ec605ae46c1bb70231fe0de345e6bcbe53d09b76"},"C:\\Users\\guerr\\Desktop\\Trabalhos\\LEI\\TrabalhoLDS2025\\LDSGrupo04\\Bid-Go_Frontend\\src\\hooks\\useMe.js":{"path":"C:\\Users\\guerr\\Desktop\\Trabalhos\\LEI\\TrabalhoLDS2025\\LDSGrupo04\\Bid-Go_Frontend\\src\\hooks\\useMe.js","statementMap":{"0":{"start":{"line":7,"column":14},"end":{"line":7,"column":16}},"1":{"start":{"line":8,"column":2},"end":{"line":8,"column":48}},"2":{"start":{"line":8,"column":26},"end":{"line":8,"column":48}},"3":{"start":{"line":9,"column":2},"end":{"line":19,"column":4}},"4":{"start":{"line":26,"column":23},"end":{"line":46,"column":3}},"5":{"start":{"line":27,"column":4},"end":{"line":45,"column":5}},"6":{"start":{"line":28,"column":20},"end":{"line":28,"column":39}},"7":{"start":{"line":29,"column":6},"end":{"line":29,"column":40}},"8":{"start":{"line":29,"column":28},"end":{"line":29,"column":40}},"9":{"start":{"line":30,"column":22},"end":{"line":30,"column":30}},"10":{"start":{"line":31,"column":18},"end":{"line":31,"column":63}},"11":{"start":{"line":32,"column":18},"end":{"line":32,"column":32}},"12":{"start":{"line":33,"column":21},"end":{"line":33,"column":58}},"13":{"start":{"line":34,"column":19},"end":{"line":41,"column":7}},"14":{"start":{"line":38,"column":12},"end":{"line":38,"column":73}},"15":{"start":{"line":42,"column":6},"end":{"line":42,"column":30}},"16":{"start":{"line":44,"column":6},"end":{"line":44,"column":18}},"17":{"start":{"line":49,"column":4},"end":{"line":52,"column":42}},"18":{"start":{"line":54,"column":20},"end":{"line":73,"column":6}},"19":{"start":{"line":55,"column":4},"end":{"line":55,"column":32}},"20":{"start":{"line":55,"column":20},"end":{"line":55,"column":32}},"21":{"start":{"line":56,"column":20},"end":{"line":56,"column":43}},"22":{"start":{"line":57,"column":4},"end":{"line":57,"column":30}},"23":{"start":{"line":57,"column":18},"end":{"line":57,"column":30}},"24":{"start":{"line":58,"column":4},"end":{"line":72,"column":6}},"25":{"start":{"line":75,"column":22},"end":{"line":75,"column":41}},"26":{"start":{"line":76,"column":32},"end":{"line":76,"column":66}},"27":{"start":{"line":77,"column":28},"end":{"line":77,"column":42}},"28":{"start":{"line":78,"column":2},"end":{"line":148,"column":9}},"29":{"start":{"line":79,"column":20},"end":{"line":79,"column":25}},"30":{"start":{"line":80,"column":23},"end":{"line":80,"column":44}},"31":{"start":{"line":84,"column":6},"end":{"line":84,"column":70}},"32":{"start":{"line":85,"column":21},"end":{"line":105,"column":5}},"33":{"start":{"line":86,"column":6},"end":{"line":104,"column":7}},"34":{"start":{"line":87,"column":22},"end":{"line":87,"column":41}},"35":{"start":{"line":88,"column":8},"end":{"line":88,"column":42}},"36":{"start":{"line":88,"column":30},"end":{"line":88,"column":42}},"37":{"start":{"line":89,"column":24},"end":{"line":89,"column":32}},"38":{"start":{"line":90,"column":20},"end":{"line":90,"column":65}},"39":{"start":{"line":91,"column":20},"end":{"line":91,"column":34}},"40":{"start":{"line":92,"column":23},"end":{"line":92,"column":60}},"41":{"start":{"line":93,"column":21},"end":{"line":100,"column":9}},"42":{"start":{"line":97,"column":14},"end":{"line":97,"column":75}},"43":{"start":{"line":101,"column":8},"end":{"line":101,"column":32}},"44":{"start":{"line":103,"column":8},"end":{"line":103,"column":20}},"45":{"start":{"line":107,"column":4},"end":{"line":129,"column":5}},"46":{"start":{"line":108,"column":22},"end":{"line":108,"column":37}},"47":{"start":{"line":109,"column":6},"end":{"line":128,"column":7}},"48":{"start":{"line":111,"column":22},"end":{"line":125,"column":9}},"49":{"start":{"line":126,"column":8},"end":{"line":126,"column":21}},"50":{"start":{"line":127,"column":8},"end":{"line":127,"column":26}},"51":{"start":{"line":132,"column":4},"end":{"line":142,"column":9}},"52":{"start":{"line":133,"column":6},"end":{"line":141,"column":7}},"53":{"start":{"line":135,"column":20},"end":{"line":135,"column":75}},"54":{"start":{"line":136,"column":8},"end":{"line":136,"column":75}},"55":{"start":{"line":136,"column":24},"end":{"line":136,"column":75}},"56":{"start":{"line":138,"column":8},"end":{"line":138,"column":58}},"57":{"start":{"line":138,"column":46},"end":{"line":138,"column":58}},"58":{"start":{"line":140,"column":8},"end":{"line":140,"column":42}},"59":{"start":{"line":140,"column":24},"end":{"line":140,"column":42}},"60":{"start":{"line":144,"column":4},"end":{"line":147,"column":6}},"61":{"start":{"line":145,"column":6},"end":{"line":145,"column":23}},"62":{"start":{"line":146,"column":6},"end":{"line":146,"column":25}},"63":{"start":{"line":150,"column":15},"end":{"line":150,"column":35}},"64":{"start":{"line":151,"column":17},"end":{"line":151,"column":35}},"65":{"start":{"line":152,"column":19},"end":{"line":152,"column":51}},"66":{"start":{"line":153,"column":20},"end":{"line":153,"column":53}},"67":{"start":{"line":155,"column":2},"end":{"line":155,"column":67}}},"fnMap":{"0":{"name":"claimsArrayToObject","decl":{"start":{"line":6,"column":9},"end":{"line":6,"column":28}},"loc":{"start":{"line":6,"column":42},"end":{"line":20,"column":1}},"line":6},"1":{"name":"useMe","decl":{"start":{"line":22,"column":16},"end":{"line":22,"column":21}},"loc":{"start":{"line":22,"column":24},"end":{"line":156,"column":1}},"line":22},"2":{"name":"(anonymous_2)","decl":{"start":{"line":26,"column":23},"end":{"line":26,"column":24}},"loc":{"start":{"line":26,"column":37},"end":{"line":46,"column":3}},"line":26},"3":{"name":"(anonymous_3)","decl":{"start":{"line":37,"column":15},"end":{"line":37,"column":16}},"loc":{"start":{"line":37,"column":28},"end":{"line":39,"column":11}},"line":37},"4":{"name":"(anonymous_4)","decl":{"start":{"line":54,"column":21},"end":{"line":54,"column":22}},"loc":{"start":{"line":54,"column":27},"end":{"line":73,"column":3}},"line":54},"5":{"name":"(anonymous_5)","decl":{"start":{"line":78,"column":12},"end":{"line":78,"column":13}},"loc":{"start":{"line":78,"column":18},"end":{"line":148,"column":3}},"line":78},"6":{"name":"(anonymous_6)","decl":{"start":{"line":85,"column":21},"end":{"line":85,"column":22}},"loc":{"start":{"line":85,"column":35},"end":{"line":105,"column":5}},"line":85},"7":{"name":"(anonymous_7)","decl":{"start":{"line":96,"column":17},"end":{"line":96,"column":18}},"loc":{"start":{"line":96,"column":30},"end":{"line":98,"column":13}},"line":96},"8":{"name":"(anonymous_8)","decl":{"start":{"line":132,"column":5},"end":{"line":132,"column":6}},"loc":{"start":{"line":132,"column":17},"end":{"line":142,"column":5}},"line":132},"9":{"name":"(anonymous_9)","decl":{"start":{"line":144,"column":11},"end":{"line":144,"column":12}},"loc":{"start":{"line":144,"column":17},"end":{"line":147,"column":5}},"line":144}},"branchMap":{"0":{"loc":{"start":{"line":6,"column":29},"end":{"line":6,"column":40}},"type":"default-arg","locations":[{"start":{"line":6,"column":38},"end":{"line":6,"column":40}}],"line":6},"1":{"loc":{"start":{"line":11,"column":6},"end":{"line":13,"column":15}},"type":"binary-expr","locations":[{"start":{"line":11,"column":6},"end":{"line":13,"column":7}},{"start":{"line":13,"column":11},"end":{"line":13,"column":15}}],"line":11},"2":{"loc":{"start":{"line":14,"column":12},"end":{"line":14,"column":56}},"type":"cond-expr","locations":[{"start":{"line":14,"column":28},"end":{"line":14,"column":49}},{"start":{"line":14,"column":52},"end":{"line":14,"column":56}}],"line":14},"3":{"loc":{"start":{"line":15,"column":14},"end":{"line":15,"column":37}},"type":"binary-expr","locations":[{"start":{"line":15,"column":14},"end":{"line":15,"column":29}},{"start":{"line":15,"column":33},"end":{"line":15,"column":37}}],"line":15},"4":{"loc":{"start":{"line":16,"column":9},"end":{"line":16,"column":47}},"type":"cond-expr","locations":[{"start":{"line":16,"column":22},"end":{"line":16,"column":40}},{"start":{"line":16,"column":43},"end":{"line":16,"column":47}}],"line":16},"5":{"loc":{"start":{"line":17,"column":9},"end":{"line":17,"column":27}},"type":"binary-expr","locations":[{"start":{"line":17,"column":9},"end":{"line":17,"column":19}},{"start":{"line":17,"column":23},"end":{"line":17,"column":27}}],"line":17},"6":{"loc":{"start":{"line":18,"column":9},"end":{"line":18,"column":27}},"type":"binary-expr","locations":[{"start":{"line":18,"column":9},"end":{"line":18,"column":19}},{"start":{"line":18,"column":23},"end":{"line":18,"column":27}}],"line":18},"7":{"loc":{"start":{"line":29,"column":6},"end":{"line":29,"column":40}},"type":"if","locations":[{"start":{"line":29,"column":6},"end":{"line":29,"column":40}},{"start":{},"end":{}}],"line":29},"8":{"loc":{"start":{"line":33,"column":21},"end":{"line":33,"column":58}},"type":"cond-expr","locations":[{"start":{"line":33,"column":27},"end":{"line":33,"column":52}},{"start":{"line":33,"column":55},"end":{"line":33,"column":58}}],"line":33},"9":{"loc":{"start":{"line":49,"column":4},"end":{"line":52,"column":42}},"type":"binary-expr","locations":[{"start":{"line":49,"column":4},"end":{"line":49,"column":33}},{"start":{"line":50,"column":4},"end":{"line":50,"column":40}},{"start":{"line":51,"column":4},"end":{"line":51,"column":35}},{"start":{"line":52,"column":4},"end":{"line":52,"column":42}}],"line":49},"10":{"loc":{"start":{"line":55,"column":4},"end":{"line":55,"column":32}},"type":"if","locations":[{"start":{"line":55,"column":4},"end":{"line":55,"column":32}},{"start":{},"end":{}}],"line":55},"11":{"loc":{"start":{"line":57,"column":4},"end":{"line":57,"column":30}},"type":"if","locations":[{"start":{"line":57,"column":4},"end":{"line":57,"column":30}},{"start":{},"end":{}}],"line":57},"12":{"loc":{"start":{"line":60,"column":8},"end":{"line":62,"column":17}},"type":"binary-expr","locations":[{"start":{"line":60,"column":8},"end":{"line":62,"column":9}},{"start":{"line":62,"column":13},"end":{"line":62,"column":17}}],"line":60},"13":{"loc":{"start":{"line":63,"column":14},"end":{"line":67,"column":14}},"type":"cond-expr","locations":[{"start":{"line":64,"column":10},"end":{"line":64,"column":32}},{"start":{"line":65,"column":10},"end":{"line":67,"column":14}}],"line":63},"14":{"loc":{"start":{"line":65,"column":10},"end":{"line":67,"column":14}},"type":"cond-expr","locations":[{"start":{"line":66,"column":10},"end":{"line":66,"column":29}},{"start":{"line":67,"column":10},"end":{"line":67,"column":14}}],"line":65},"15":{"loc":{"start":{"line":68,"column":16},"end":{"line":68,"column":56}},"type":"binary-expr","locations":[{"start":{"line":68,"column":16},"end":{"line":68,"column":32}},{"start":{"line":68,"column":36},"end":{"line":68,"column":48}},{"start":{"line":68,"column":52},"end":{"line":68,"column":56}}],"line":68},"16":{"loc":{"start":{"line":69,"column":11},"end":{"line":69,"column":51}},"type":"cond-expr","locations":[{"start":{"line":69,"column":25},"end":{"line":69,"column":44}},{"start":{"line":69,"column":47},"end":{"line":69,"column":51}}],"line":69},"17":{"loc":{"start":{"line":70,"column":11},"end":{"line":70,"column":30}},"type":"binary-expr","locations":[{"start":{"line":70,"column":11},"end":{"line":70,"column":22}},{"start":{"line":70,"column":26},"end":{"line":70,"column":30}}],"line":70},"18":{"loc":{"start":{"line":71,"column":11},"end":{"line":71,"column":30}},"type":"binary-expr","locations":[{"start":{"line":71,"column":11},"end":{"line":71,"column":22}},{"start":{"line":71,"column":26},"end":{"line":71,"column":30}}],"line":71},"19":{"loc":{"start":{"line":76,"column":41},"end":{"line":76,"column":65}},"type":"cond-expr","locations":[{"start":{"line":76,"column":53},"end":{"line":76,"column":58}},{"start":{"line":76,"column":61},"end":{"line":76,"column":65}}],"line":76},"20":{"loc":{"start":{"line":84,"column":6},"end":{"line":84,"column":70}},"type":"binary-expr","locations":[{"start":{"line":84,"column":6},"end":{"line":84,"column":35}},{"start":{"line":84,"column":39},"end":{"line":84,"column":70}}],"line":84},"21":{"loc":{"start":{"line":88,"column":8},"end":{"line":88,"column":42}},"type":"if","locations":[{"start":{"line":88,"column":8},"end":{"line":88,"column":42}},{"start":{},"end":{}}],"line":88},"22":{"loc":{"start":{"line":92,"column":23},"end":{"line":92,"column":60}},"type":"cond-expr","locations":[{"start":{"line":92,"column":29},"end":{"line":92,"column":54}},{"start":{"line":92,"column":57},"end":{"line":92,"column":60}}],"line":92},"23":{"loc":{"start":{"line":107,"column":4},"end":{"line":129,"column":5}},"type":"if","locations":[{"start":{"line":107,"column":4},"end":{"line":129,"column":5}},{"start":{},"end":{}}],"line":107},"24":{"loc":{"start":{"line":109,"column":6},"end":{"line":128,"column":7}},"type":"if","locations":[{"start":{"line":109,"column":6},"end":{"line":128,"column":7}},{"start":{},"end":{}}],"line":109},"25":{"loc":{"start":{"line":113,"column":12},"end":{"line":115,"column":21}},"type":"binary-expr","locations":[{"start":{"line":113,"column":12},"end":{"line":115,"column":13}},{"start":{"line":115,"column":17},"end":{"line":115,"column":21}}],"line":113},"26":{"loc":{"start":{"line":116,"column":18},"end":{"line":120,"column":18}},"type":"cond-expr","locations":[{"start":{"line":117,"column":14},"end":{"line":117,"column":36}},{"start":{"line":118,"column":14},"end":{"line":120,"column":18}}],"line":116},"27":{"loc":{"start":{"line":118,"column":14},"end":{"line":120,"column":18}},"type":"cond-expr","locations":[{"start":{"line":119,"column":14},"end":{"line":119,"column":33}},{"start":{"line":120,"column":14},"end":{"line":120,"column":18}}],"line":118},"28":{"loc":{"start":{"line":121,"column":20},"end":{"line":121,"column":60}},"type":"binary-expr","locations":[{"start":{"line":121,"column":20},"end":{"line":121,"column":36}},{"start":{"line":121,"column":40},"end":{"line":121,"column":52}},{"start":{"line":121,"column":56},"end":{"line":121,"column":60}}],"line":121},"29":{"loc":{"start":{"line":122,"column":15},"end":{"line":122,"column":55}},"type":"cond-expr","locations":[{"start":{"line":122,"column":29},"end":{"line":122,"column":48}},{"start":{"line":122,"column":51},"end":{"line":122,"column":55}}],"line":122},"30":{"loc":{"start":{"line":123,"column":15},"end":{"line":123,"column":34}},"type":"binary-expr","locations":[{"start":{"line":123,"column":15},"end":{"line":123,"column":26}},{"start":{"line":123,"column":30},"end":{"line":123,"column":34}}],"line":123},"31":{"loc":{"start":{"line":124,"column":15},"end":{"line":124,"column":34}},"type":"binary-expr","locations":[{"start":{"line":124,"column":15},"end":{"line":124,"column":26}},{"start":{"line":124,"column":30},"end":{"line":124,"column":34}}],"line":124},"32":{"loc":{"start":{"line":136,"column":8},"end":{"line":136,"column":75}},"type":"if","locations":[{"start":{"line":136,"column":8},"end":{"line":136,"column":75}},{"start":{},"end":{}}],"line":136},"33":{"loc":{"start":{"line":136,"column":50},"end":{"line":136,"column":72}},"type":"binary-expr","locations":[{"start":{"line":136,"column":50},"end":{"line":136,"column":66}},{"start":{"line":136,"column":70},"end":{"line":136,"column":72}}],"line":136},"34":{"loc":{"start":{"line":138,"column":8},"end":{"line":138,"column":58}},"type":"if","locations":[{"start":{"line":138,"column":8},"end":{"line":138,"column":58}},{"start":{},"end":{}}],"line":138},"35":{"loc":{"start":{"line":138,"column":12},"end":{"line":138,"column":44}},"type":"binary-expr","locations":[{"start":{"line":138,"column":12},"end":{"line":138,"column":30}},{"start":{"line":138,"column":34},"end":{"line":138,"column":44}}],"line":138},"36":{"loc":{"start":{"line":140,"column":8},"end":{"line":140,"column":42}},"type":"if","locations":[{"start":{"line":140,"column":8},"end":{"line":140,"column":42}},{"start":{},"end":{}}],"line":140},"37":{"loc":{"start":{"line":150,"column":15},"end":{"line":150,"column":35}},"type":"binary-expr","locations":[{"start":{"line":150,"column":15},"end":{"line":150,"column":27}},{"start":{"line":150,"column":31},"end":{"line":150,"column":35}}],"line":150},"38":{"loc":{"start":{"line":151,"column":17},"end":{"line":151,"column":35}},"type":"binary-expr","locations":[{"start":{"line":151,"column":17},"end":{"line":151,"column":27}},{"start":{"line":151,"column":31},"end":{"line":151,"column":35}}],"line":151}},"s":{"0":0,"1":0,"2":0,"3":0,"4":4,"5":4,"6":4,"7":4,"8":0,"9":4,"10":4,"11":4,"12":4,"13":4,"14":208,"15":4,"16":0,"17":4,"18":4,"19":4,"20":0,"21":4,"22":4,"23":0,"24":4,"25":4,"26":4,"27":4,"28":4,"29":2,"30":2,"31":2,"32":2,"33":2,"34":2,"35":2,"36":0,"37":2,"38":2,"39":2,"40":2,"41":2,"42":104,"43":2,"44":0,"45":2,"46":2,"47":2,"48":2,"49":2,"50":2,"51":2,"52":2,"53":2,"54":0,"55":0,"56":1,"57":0,"58":1,"59":0,"60":2,"61":1,"62":1,"63":4,"64":4,"65":4,"66":4,"67":4},"f":{"0":0,"1":4,"2":4,"3":208,"4":4,"5":2,"6":2,"7":104,"8":2,"9":1},"b":{"0":[0],"1":[0,0],"2":[0,0],"3":[0,0],"4":[0,0],"5":[0,0],"6":[0,0],"7":[0,4],"8":[4,0],"9":[4,0,0,0],"10":[0,4],"11":[0,4],"12":[4,4],"13":[4,0],"14":[0,0],"15":[4,0,0],"16":[4,0],"17":[4,4],"18":[4,4],"19":[4,0],"20":[2,0],"21":[0,2],"22":[2,0],"23":[2,0],"24":[2,0],"25":[2,2],"26":[2,0],"27":[0,0],"28":[2,0,0],"29":[2,0],"30":[2,2],"31":[2,2],"32":[0,0],"33":[0,0],"34":[0,1],"35":[1,0],"36":[0,1],"37":[4,0],"38":[4,0]},"_coverageSchema":"1a1c01bbd47fc00a2c39e90264f33305004495a9","hash":"32b7ef319fbf3879f6cdbe235edef3ecac46d49e"},"C:\\Users\\guerr\\Desktop\\Trabalhos\\LEI\\TrabalhoLDS2025\\LDSGrupo04\\Bid-Go_Frontend\\src\\components\\Countdown\\Countdown.js":{"path":"C:\\Users\\guerr\\Desktop\\Trabalhos\\LEI\\TrabalhoLDS2025\\LDSGrupo04\\Bid-Go_Frontend\\src\\components\\Countdown\\Countdown.js","statementMap":{"0":{"start":{"line":5,"column":34},"end":{"line":5,"column":46}},"1":{"start":{"line":6,"column":30},"end":{"line":6,"column":41}},"2":{"start":{"line":8,"column":2},"end":{"line":38,"column":16}},"3":{"start":{"line":9,"column":4},"end":{"line":9,"column":25}},"4":{"start":{"line":9,"column":18},"end":{"line":9,"column":25}},"5":{"start":{"line":11,"column":28},"end":{"line":33,"column":5}},"6":{"start":{"line":12,"column":18},"end":{"line":12,"column":38}},"7":{"start":{"line":13,"column":18},"end":{"line":13,"column":45}},"8":{"start":{"line":14,"column":19},"end":{"line":14,"column":28}},"9":{"start":{"line":16,"column":6},"end":{"line":16,"column":22}},"10":{"start":{"line":18,"column":6},"end":{"line":21,"column":7}},"11":{"start":{"line":19,"column":8},"end":{"line":19,"column":37}},"12":{"start":{"line":20,"column":8},"end":{"line":20,"column":15}},"13":{"start":{"line":23,"column":27},"end":{"line":23,"column":57}},"14":{"start":{"line":24,"column":20},"end":{"line":24,"column":49}},"15":{"start":{"line":25,"column":22},"end":{"line":25,"column":39}},"16":{"start":{"line":27,"column":6},"end":{"line":32,"column":7}},"17":{"start":{"line":28,"column":21},"end":{"line":28,"column":43}},"18":{"start":{"line":29,"column":8},"end":{"line":29,"column":47}},"19":{"start":{"line":31,"column":8},"end":{"line":31,"column":45}},"20":{"start":{"line":35,"column":4},"end":{"line":35,"column":22}},"21":{"start":{"line":36,"column":18},"end":{"line":36,"column":53}},"22":{"start":{"line":37,"column":4},"end":{"line":37,"column":38}},"23":{"start":{"line":37,"column":17},"end":{"line":37,"column":37}},"24":{"start":{"line":40,"column":14},"end":{"line":40,"column":21}},"25":{"start":{"line":41,"column":2},"end":{"line":43,"column":58}},"26":{"start":{"line":41,"column":19},"end":{"line":41,"column":33}},"27":{"start":{"line":42,"column":7},"end":{"line":43,"column":58}},"28":{"start":{"line":42,"column":36},"end":{"line":42,"column":53}},"29":{"start":{"line":43,"column":7},"end":{"line":43,"column":58}},"30":{"start":{"line":43,"column":40},"end":{"line":43,"column":58}},"31":{"start":{"line":45,"column":2},"end":{"line":45,"column":68}}},"fnMap":{"0":{"name":"Countdown","decl":{"start":{"line":4,"column":24},"end":{"line":4,"column":33}},"loc":{"start":{"line":4,"column":47},"end":{"line":46,"column":1}},"line":4},"1":{"name":"(anonymous_1)","decl":{"start":{"line":8,"column":12},"end":{"line":8,"column":13}},"loc":{"start":{"line":8,"column":18},"end":{"line":38,"column":3}},"line":8},"2":{"name":"(anonymous_2)","decl":{"start":{"line":11,"column":28},"end":{"line":11,"column":29}},"loc":{"start":{"line":11,"column":34},"end":{"line":33,"column":5}},"line":11},"3":{"name":"(anonymous_3)","decl":{"start":{"line":37,"column":11},"end":{"line":37,"column":12}},"loc":{"start":{"line":37,"column":17},"end":{"line":37,"column":37}},"line":37}},"branchMap":{"0":{"loc":{"start":{"line":9,"column":4},"end":{"line":9,"column":25}},"type":"if","locations":[{"start":{"line":9,"column":4},"end":{"line":9,"column":25}},{"start":{},"end":{}}],"line":9},"1":{"loc":{"start":{"line":18,"column":6},"end":{"line":21,"column":7}},"type":"if","locations":[{"start":{"line":18,"column":6},"end":{"line":21,"column":7}},{"start":{},"end":{}}],"line":18},"2":{"loc":{"start":{"line":27,"column":6},"end":{"line":32,"column":7}},"type":"if","locations":[{"start":{"line":27,"column":6},"end":{"line":32,"column":7}},{"start":{"line":30,"column":13},"end":{"line":32,"column":7}}],"line":27},"3":{"loc":{"start":{"line":41,"column":2},"end":{"line":43,"column":58}},"type":"if","locations":[{"start":{"line":41,"column":2},"end":{"line":43,"column":58}},{"start":{"line":42,"column":7},"end":{"line":43,"column":58}}],"line":41},"4":{"loc":{"start":{"line":42,"column":7},"end":{"line":43,"column":58}},"type":"if","locations":[{"start":{"line":42,"column":7},"end":{"line":43,"column":58}},{"start":{"line":43,"column":7},"end":{"line":43,"column":58}}],"line":42},"5":{"loc":{"start":{"line":43,"column":7},"end":{"line":43,"column":58}},"type":"if","locations":[{"start":{"line":43,"column":7},"end":{"line":43,"column":58}},{"start":{},"end":{}}],"line":43}},"s":{"0":0,"1":0,"2":0,"3":0,"4":0,"5":0,"6":0,"7":0,"8":0,"9":0,"10":0,"11":0,"12":0,"13":0,"14":0,"15":0,"16":0,"17":0,"18":0,"19":0,"20":0,"21":0,"22":0,"23":0,"24":0,"25":0,"26":0,"27":0,"28":0,"29":0,"30":0,"31":0},"f":{"0":0,"1":0,"2":0,"3":0},"b":{"0":[0,0],"1":[0,0],"2":[0,0],"3":[0,0],"4":[0,0],"5":[0,0]},"_coverageSchema":"1a1c01bbd47fc00a2c39e90264f33305004495a9","hash":"bfd71d82f5a2be61033c7c52c9b8ca76f6fec15f"},"C:\\Users\\guerr\\Desktop\\Trabalhos\\LEI\\TrabalhoLDS2025\\LDSGrupo04\\Bid-Go_Frontend\\src\\components\\domain\\TransportCard.js":{"path":"C:\\Users\\guerr\\Desktop\\Trabalhos\\LEI\\TrabalhoLDS2025\\LDSGrupo04\\Bid-Go_Frontend\\src\\components\\domain\\TransportCard.js","statementMap":{"0":{"start":{"line":7,"column":4},"end":{"line":7,"column":27}},"1":{"start":{"line":7,"column":15},"end":{"line":7,"column":27}},"2":{"start":{"line":18,"column":8},"end":{"line":18,"column":12}},"3":{"start":{"line":21,"column":23},"end":{"line":45,"column":8}},"4":{"start":{"line":22,"column":8},"end":{"line":22,"column":40}},"5":{"start":{"line":22,"column":28},"end":{"line":22,"column":40}},"6":{"start":{"line":23,"column":8},"end":{"line":42,"column":9}},"7":{"start":{"line":24,"column":12},"end":{"line":41,"column":13}},"8":{"start":{"line":26,"column":20},"end":{"line":26,"column":36}},"9":{"start":{"line":28,"column":20},"end":{"line":28,"column":38}},"10":{"start":{"line":30,"column":20},"end":{"line":30,"column":39}},"11":{"start":{"line":32,"column":20},"end":{"line":32,"column":37}},"12":{"start":{"line":34,"column":20},"end":{"line":34,"column":39}},"13":{"start":{"line":36,"column":20},"end":{"line":36,"column":35}},"14":{"start":{"line":38,"column":20},"end":{"line":38,"column":43}},"15":{"start":{"line":40,"column":20},"end":{"line":40,"column":42}},"16":{"start":{"line":43,"column":8},"end":{"line":43,"column":79}},"17":{"start":{"line":43,"column":41},"end":{"line":43,"column":79}},"18":{"start":{"line":44,"column":8},"end":{"line":44,"column":30}},"19":{"start":{"line":47,"column":24},"end":{"line":47,"column":78}},"20":{"start":{"line":48,"column":20},"end":{"line":48,"column":68}},"21":{"start":{"line":50,"column":4},"end":{"line":89,"column":6}},"22":{"start":{"line":84,"column":59},"end":{"line":84,"column":71}}},"fnMap":{"0":{"name":"TransportCard","decl":{"start":{"line":6,"column":24},"end":{"line":6,"column":37}},"loc":{"start":{"line":6,"column":77},"end":{"line":90,"column":1}},"line":6},"1":{"name":"(anonymous_1)","decl":{"start":{"line":21,"column":24},"end":{"line":21,"column":25}},"loc":{"start":{"line":21,"column":30},"end":{"line":45,"column":5}},"line":21},"2":{"name":"(anonymous_2)","decl":{"start":{"line":84,"column":53},"end":{"line":84,"column":54}},"loc":{"start":{"line":84,"column":59},"end":{"line":84,"column":71}},"line":84}},"branchMap":{"0":{"loc":{"start":{"line":7,"column":4},"end":{"line":7,"column":27}},"type":"if","locations":[{"start":{"line":7,"column":4},"end":{"line":7,"column":27}},{"start":{},"end":{}}],"line":7},"1":{"loc":{"start":{"line":22,"column":8},"end":{"line":22,"column":40}},"type":"if","locations":[{"start":{"line":22,"column":8},"end":{"line":22,"column":40}},{"start":{},"end":{}}],"line":22},"2":{"loc":{"start":{"line":23,"column":8},"end":{"line":42,"column":9}},"type":"if","locations":[{"start":{"line":23,"column":8},"end":{"line":42,"column":9}},{"start":{},"end":{}}],"line":23},"3":{"loc":{"start":{"line":24,"column":12},"end":{"line":41,"column":13}},"type":"switch","locations":[{"start":{"line":25,"column":16},"end":{"line":26,"column":36}},{"start":{"line":27,"column":16},"end":{"line":28,"column":38}},{"start":{"line":29,"column":16},"end":{"line":30,"column":39}},{"start":{"line":31,"column":16},"end":{"line":32,"column":37}},{"start":{"line":33,"column":16},"end":{"line":34,"column":39}},{"start":{"line":35,"column":16},"end":{"line":36,"column":35}},{"start":{"line":37,"column":16},"end":{"line":38,"column":43}},{"start":{"line":39,"column":16},"end":{"line":40,"column":42}}],"line":24},"4":{"loc":{"start":{"line":43,"column":8},"end":{"line":43,"column":79}},"type":"if","locations":[{"start":{"line":43,"column":8},"end":{"line":43,"column":79}},{"start":{},"end":{}}],"line":43},"5":{"loc":{"start":{"line":43,"column":48},"end":{"line":43,"column":78}},"type":"cond-expr","locations":[{"start":{"line":43,"column":57},"end":{"line":43,"column":67}},{"start":{"line":43,"column":70},"end":{"line":43,"column":78}}],"line":43},"6":{"loc":{"start":{"line":47,"column":24},"end":{"line":47,"column":78}},"type":"cond-expr","locations":[{"start":{"line":47,"column":37},"end":{"line":47,"column":73}},{"start":{"line":47,"column":76},"end":{"line":47,"column":78}}],"line":47},"7":{"loc":{"start":{"line":48,"column":20},"end":{"line":48,"column":68}},"type":"cond-expr","locations":[{"start":{"line":48,"column":37},"end":{"line":48,"column":61}},{"start":{"line":48,"column":64},"end":{"line":48,"column":68}}],"line":48},"8":{"loc":{"start":{"line":58,"column":21},"end":{"line":60,"column":21}},"type":"binary-expr","locations":[{"start":{"line":58,"column":21},"end":{"line":58,"column":31}},{"start":{"line":59,"column":24},"end":{"line":59,"column":91}}],"line":58},"9":{"loc":{"start":{"line":70,"column":21},"end":{"line":76,"column":21}},"type":"cond-expr","locations":[{"start":{"line":71,"column":24},"end":{"line":73,"column":27}},{"start":{"line":75,"column":24},"end":{"line":75,"column":32}}],"line":70},"10":{"loc":{"start":{"line":70,"column":21},"end":{"line":70,"column":72}},"type":"binary-expr","locations":[{"start":{"line":70,"column":21},"end":{"line":70,"column":30}},{"start":{"line":70,"column":34},"end":{"line":70,"column":72}}],"line":70},"11":{"loc":{"start":{"line":72,"column":45},"end":{"line":72,"column":92}},"type":"cond-expr","locations":[{"start":{"line":72,"column":55},"end":{"line":72,"column":86}},{"start":{"line":72,"column":89},"end":{"line":72,"column":92}}],"line":72},"12":{"loc":{"start":{"line":77,"column":21},"end":{"line":82,"column":21}},"type":"binary-expr","locations":[{"start":{"line":77,"column":21},"end":{"line":77,"column":29}},{"start":{"line":78,"column":24},"end":{"line":81,"column":27}}],"line":77},"13":{"loc":{"start":{"line":80,"column":29},"end":{"line":80,"column":76}},"type":"cond-expr","locations":[{"start":{"line":80,"column":39},"end":{"line":80,"column":70}},{"start":{"line":80,"column":73},"end":{"line":80,"column":76}}],"line":80}},"s":{"0":0,"1":0,"2":0,"3":0,"4":0,"5":0,"6":0,"7":0,"8":0,"9":0,"10":0,"11":0,"12":0,"13":0,"14":0,"15":0,"16":0,"17":0,"18":0,"19":0,"20":0,"21":0,"22":0},"f":{"0":0,"1":0,"2":0},"b":{"0":[0,0],"1":[0,0],"2":[0,0],"3":[0,0,0,0,0,0,0,0],"4":[0,0],"5":[0,0],"6":[0,0],"7":[0,0],"8":[0,0],"9":[0,0],"10":[0,0],"11":[0,0],"12":[0,0],"13":[0,0]},"_coverageSchema":"1a1c01bbd47fc00a2c39e90264f33305004495a9","hash":"1e6fcdcb584219993dd0e6ba0d6e1579d131ecd8"},"C:\\Users\\guerr\\Desktop\\Trabalhos\\LEI\\TrabalhoLDS2025\\LDSGrupo04\\Bid-Go_Frontend\\src\\components\\feedback\\StatusMessage.js":{"path":"C:\\Users\\guerr\\Desktop\\Trabalhos\\LEI\\TrabalhoLDS2025\\LDSGrupo04\\Bid-Go_Frontend\\src\\components\\feedback\\StatusMessage.js","statementMap":{"0":{"start":{"line":12,"column":14},"end":{"line":12,"column":33}},"1":{"start":{"line":13,"column":18},"end":{"line":13,"column":34}},"2":{"start":{"line":14,"column":20},"end":{"line":14,"column":36}},"3":{"start":{"line":15,"column":18},"end":{"line":17,"column":14}},"4":{"start":{"line":18,"column":2},"end":{"line":18,"column":42}}},"fnMap":{"0":{"name":"StatusMessage","decl":{"start":{"line":6,"column":24},"end":{"line":6,"column":37}},"loc":{"start":{"line":11,"column":3},"end":{"line":19,"column":1}},"line":11}},"branchMap":{"0":{"loc":{"start":{"line":7,"column":2},"end":{"line":7,"column":15}},"type":"default-arg","locations":[{"start":{"line":7,"column":9},"end":{"line":7,"column":15}}],"line":7},"1":{"loc":{"start":{"line":10,"column":2},"end":{"line":10,"column":16}},"type":"default-arg","locations":[{"start":{"line":10,"column":14},"end":{"line":10,"column":16}}],"line":10},"2":{"loc":{"start":{"line":12,"column":14},"end":{"line":12,"column":33}},"type":"binary-expr","locations":[{"start":{"line":12,"column":14},"end":{"line":12,"column":22}},{"start":{"line":12,"column":26},"end":{"line":12,"column":33}}],"line":12},"3":{"loc":{"start":{"line":15,"column":30},"end":{"line":15,"column":52}},"type":"cond-expr","locations":[{"start":{"line":15,"column":40},"end":{"line":15,"column":47}},{"start":{"line":15,"column":50},"end":{"line":15,"column":52}}],"line":15}},"s":{"0":0,"1":0,"2":0,"3":0,"4":0},"f":{"0":0},"b":{"0":[0],"1":[0],"2":[0,0],"3":[0,0]},"_coverageSchema":"1a1c01bbd47fc00a2c39e90264f33305004495a9","hash":"d38445a4648e0e0a1d31cd22a1165f4294586e24"},"C:\\Users\\guerr\\Desktop\\Trabalhos\\LEI\\TrabalhoLDS2025\\LDSGrupo04\\Bid-Go_Frontend\\src\\components\\form\\FiltersPanel.js":{"path":"C:\\Users\\guerr\\Desktop\\Trabalhos\\LEI\\TrabalhoLDS2025\\LDSGrupo04\\Bid-Go_Frontend\\src\\components\\form\\FiltersPanel.js","statementMap":{"0":{"start":{"line":7,"column":34},"end":{"line":7,"column":58}},"1":{"start":{"line":9,"column":25},"end":{"line":11,"column":5}},"2":{"start":{"line":10,"column":8},"end":{"line":10,"column":54}},"3":{"start":{"line":10,"column":27},"end":{"line":10,"column":51}},"4":{"start":{"line":13,"column":19},"end":{"line":16,"column":5}},"5":{"start":{"line":14,"column":8},"end":{"line":14,"column":27}},"6":{"start":{"line":15,"column":8},"end":{"line":15,"column":27}},"7":{"start":{"line":18,"column":18},"end":{"line":27,"column":5}},"8":{"start":{"line":19,"column":24},"end":{"line":24,"column":9}},"9":{"start":{"line":25,"column":8},"end":{"line":25,"column":28}},"10":{"start":{"line":26,"column":8},"end":{"line":26,"column":27}},"11":{"start":{"line":29,"column":4},"end":{"line":62,"column":6}},"12":{"start":{"line":36,"column":37},"end":{"line":36,"column":75}},"13":{"start":{"line":42,"column":37},"end":{"line":42,"column":80}},"14":{"start":{"line":46,"column":37},"end":{"line":46,"column":79}}},"fnMap":{"0":{"name":"FiltersPanel","decl":{"start":{"line":6,"column":24},"end":{"line":6,"column":36}},"loc":{"start":{"line":6,"column":75},"end":{"line":63,"column":1}},"line":6},"1":{"name":"(anonymous_1)","decl":{"start":{"line":9,"column":25},"end":{"line":9,"column":26}},"loc":{"start":{"line":9,"column":43},"end":{"line":11,"column":5}},"line":9},"2":{"name":"(anonymous_2)","decl":{"start":{"line":10,"column":19},"end":{"line":10,"column":20}},"loc":{"start":{"line":10,"column":27},"end":{"line":10,"column":51}},"line":10},"3":{"name":"(anonymous_3)","decl":{"start":{"line":13,"column":19},"end":{"line":13,"column":20}},"loc":{"start":{"line":13,"column":26},"end":{"line":16,"column":5}},"line":13},"4":{"name":"(anonymous_4)","decl":{"start":{"line":18,"column":18},"end":{"line":18,"column":19}},"loc":{"start":{"line":18,"column":24},"end":{"line":27,"column":5}},"line":18},"5":{"name":"(anonymous_5)","decl":{"start":{"line":36,"column":30},"end":{"line":36,"column":31}},"loc":{"start":{"line":36,"column":37},"end":{"line":36,"column":75}},"line":36},"6":{"name":"(anonymous_6)","decl":{"start":{"line":42,"column":30},"end":{"line":42,"column":31}},"loc":{"start":{"line":42,"column":37},"end":{"line":42,"column":80}},"line":42},"7":{"name":"(anonymous_7)","decl":{"start":{"line":46,"column":30},"end":{"line":46,"column":31}},"loc":{"start":{"line":46,"column":37},"end":{"line":46,"column":79}},"line":46}},"branchMap":{},"s":{"0":0,"1":0,"2":0,"3":0,"4":0,"5":0,"6":0,"7":0,"8":0,"9":0,"10":0,"11":0,"12":0,"13":0,"14":0},"f":{"0":0,"1":0,"2":0,"3":0,"4":0,"5":0,"6":0,"7":0},"b":{},"_coverageSchema":"1a1c01bbd47fc00a2c39e90264f33305004495a9","hash":"290d2a19a1e87eab839ce65c225f8e96c49604ea"},"C:\\Users\\guerr\\Desktop\\Trabalhos\\LEI\\TrabalhoLDS2025\\LDSGrupo04\\Bid-Go_Frontend\\src\\utils\\normalizers.js":{"path":"C:\\Users\\guerr\\Desktop\\Trabalhos\\LEI\\TrabalhoLDS2025\\LDSGrupo04\\Bid-Go_Frontend\\src\\utils\\normalizers.js","statementMap":{"0":{"start":{"line":4,"column":14},"end":{"line":10,"column":8}},"1":{"start":{"line":11,"column":2},"end":{"line":23,"column":6}},"2":{"start":{"line":11,"column":25},"end":{"line":23,"column":3}},"3":{"start":{"line":27,"column":2},"end":{"line":27,"column":25}},"4":{"start":{"line":27,"column":14},"end":{"line":27,"column":25}},"5":{"start":{"line":28,"column":12},"end":{"line":28,"column":27}},"6":{"start":{"line":29,"column":2},"end":{"line":29,"column":27}},"7":{"start":{"line":29,"column":16},"end":{"line":29,"column":27}},"8":{"start":{"line":30,"column":2},"end":{"line":30,"column":63}},"9":{"start":{"line":34,"column":14},"end":{"line":40,"column":8}},"10":{"start":{"line":41,"column":2},"end":{"line":66,"column":5}},"11":{"start":{"line":42,"column":24},"end":{"line":42,"column":76}},"12":{"start":{"line":43,"column":16},"end":{"line":43,"column":65}},"13":{"start":{"line":44,"column":24},"end":{"line":44,"column":67}},"14":{"start":{"line":45,"column":18},"end":{"line":45,"column":69}},"15":{"start":{"line":46,"column":19},"end":{"line":46,"column":45}},"16":{"start":{"line":47,"column":19},"end":{"line":47,"column":61}},"17":{"start":{"line":49,"column":6},"end":{"line":54,"column":10}},"18":{"start":{"line":55,"column":4},"end":{"line":65,"column":6}},"19":{"start":{"line":70,"column":14},"end":{"line":76,"column":8}},"20":{"start":{"line":77,"column":2},"end":{"line":102,"column":5}},"21":{"start":{"line":79,"column":6},"end":{"line":79,"column":74}},"22":{"start":{"line":80,"column":16},"end":{"line":80,"column":65}},"23":{"start":{"line":82,"column":6},"end":{"line":82,"column":65}},"24":{"start":{"line":83,"column":24},"end":{"line":83,"column":67}},"25":{"start":{"line":84,"column":18},"end":{"line":84,"column":69}},"26":{"start":{"line":85,"column":19},"end":{"line":85,"column":45}},"27":{"start":{"line":87,"column":6},"end":{"line":92,"column":10}},"28":{"start":{"line":93,"column":4},"end":{"line":101,"column":6}}},"fnMap":{"0":{"name":"normalizeTransportList","decl":{"start":{"line":3,"column":16},"end":{"line":3,"column":38}},"loc":{"start":{"line":3,"column":45},"end":{"line":24,"column":1}},"line":3},"1":{"name":"(anonymous_1)","decl":{"start":{"line":11,"column":17},"end":{"line":11,"column":18}},"loc":{"start":{"line":11,"column":25},"end":{"line":23,"column":3}},"line":11},"2":{"name":"fmtDate","decl":{"start":{"line":26,"column":9},"end":{"line":26,"column":16}},"loc":{"start":{"line":26,"column":24},"end":{"line":31,"column":1}},"line":26},"3":{"name":"normalizeHistoryDriver","decl":{"start":{"line":33,"column":16},"end":{"line":33,"column":38}},"loc":{"start":{"line":33,"column":45},"end":{"line":67,"column":1}},"line":33},"4":{"name":"(anonymous_4)","decl":{"start":{"line":41,"column":17},"end":{"line":41,"column":18}},"loc":{"start":{"line":41,"column":24},"end":{"line":66,"column":3}},"line":41},"5":{"name":"normalizeHistoryCompany","decl":{"start":{"line":69,"column":16},"end":{"line":69,"column":39}},"loc":{"start":{"line":69,"column":46},"end":{"line":103,"column":1}},"line":69},"6":{"name":"(anonymous_6)","decl":{"start":{"line":77,"column":17},"end":{"line":77,"column":18}},"loc":{"start":{"line":77,"column":24},"end":{"line":102,"column":3}},"line":77}},"branchMap":{"0":{"loc":{"start":{"line":4,"column":14},"end":{"line":10,"column":8}},"type":"cond-expr","locations":[{"start":{"line":5,"column":6},"end":{"line":5,"column":10}},{"start":{"line":6,"column":6},"end":{"line":10,"column":8}}],"line":4},"1":{"loc":{"start":{"line":6,"column":6},"end":{"line":10,"column":8}},"type":"cond-expr","locations":[{"start":{"line":7,"column":6},"end":{"line":7,"column":16}},{"start":{"line":8,"column":6},"end":{"line":10,"column":8}}],"line":6},"2":{"loc":{"start":{"line":8,"column":6},"end":{"line":10,"column":8}},"type":"cond-expr","locations":[{"start":{"line":9,"column":6},"end":{"line":9,"column":18}},{"start":{"line":10,"column":6},"end":{"line":10,"column":8}}],"line":8},"3":{"loc":{"start":{"line":12,"column":8},"end":{"line":12,"column":53}},"type":"binary-expr","locations":[{"start":{"line":12,"column":8},"end":{"line":12,"column":12}},{"start":{"line":12,"column":16},"end":{"line":12,"column":36}},{"start":{"line":12,"column":40},"end":{"line":12,"column":53}}],"line":12},"4":{"loc":{"start":{"line":13,"column":11},"end":{"line":13,"column":59}},"type":"binary-expr","locations":[{"start":{"line":13,"column":11},"end":{"line":13,"column":18}},{"start":{"line":13,"column":22},"end":{"line":13,"column":59}}],"line":13},"5":{"loc":{"start":{"line":14,"column":13},"end":{"line":14,"column":45}},"type":"binary-expr","locations":[{"start":{"line":14,"column":13},"end":{"line":14,"column":22}},{"start":{"line":14,"column":26},"end":{"line":14,"column":33}},{"start":{"line":14,"column":37},"end":{"line":14,"column":45}}],"line":14},"6":{"loc":{"start":{"line":15,"column":11},"end":{"line":15,"column":24}},"type":"binary-expr","locations":[{"start":{"line":15,"column":11},"end":{"line":15,"column":18}},{"start":{"line":15,"column":22},"end":{"line":15,"column":24}}],"line":15},"7":{"loc":{"start":{"line":16,"column":12},"end":{"line":16,"column":37}},"type":"binary-expr","locations":[{"start":{"line":16,"column":12},"end":{"line":16,"column":20}},{"start":{"line":16,"column":24},"end":{"line":16,"column":30}},{"start":{"line":16,"column":34},"end":{"line":16,"column":37}}],"line":16},"8":{"loc":{"start":{"line":17,"column":17},"end":{"line":17,"column":45}},"type":"binary-expr","locations":[{"start":{"line":17,"column":17},"end":{"line":17,"column":30}},{"start":{"line":17,"column":34},"end":{"line":17,"column":38}},{"start":{"line":17,"column":42},"end":{"line":17,"column":45}}],"line":17},"9":{"loc":{"start":{"line":18,"column":14},"end":{"line":18,"column":46}},"type":"binary-expr","locations":[{"start":{"line":18,"column":14},"end":{"line":18,"column":24}},{"start":{"line":18,"column":28},"end":{"line":18,"column":39}},{"start":{"line":18,"column":43},"end":{"line":18,"column":46}}],"line":18},"10":{"loc":{"start":{"line":19,"column":19},"end":{"line":19,"column":40}},"type":"binary-expr","locations":[{"start":{"line":19,"column":19},"end":{"line":19,"column":34}},{"start":{"line":19,"column":38},"end":{"line":19,"column":40}}],"line":19},"11":{"loc":{"start":{"line":21,"column":6},"end":{"line":21,"column":68}},"type":"binary-expr","locations":[{"start":{"line":21,"column":6},"end":{"line":21,"column":22}},{"start":{"line":21,"column":26},"end":{"line":21,"column":38}},{"start":{"line":21,"column":42},"end":{"line":21,"column":60}},{"start":{"line":21,"column":64},"end":{"line":21,"column":68}}],"line":21},"12":{"loc":{"start":{"line":22,"column":12},"end":{"line":22,"column":28}},"type":"binary-expr","locations":[{"start":{"line":22,"column":12},"end":{"line":22,"column":20}},{"start":{"line":22,"column":24},"end":{"line":22,"column":28}}],"line":22},"13":{"loc":{"start":{"line":27,"column":2},"end":{"line":27,"column":25}},"type":"if","locations":[{"start":{"line":27,"column":2},"end":{"line":27,"column":25}},{"start":{},"end":{}}],"line":27},"14":{"loc":{"start":{"line":29,"column":2},"end":{"line":29,"column":27}},"type":"if","locations":[{"start":{"line":29,"column":2},"end":{"line":29,"column":27}},{"start":{},"end":{}}],"line":29},"15":{"loc":{"start":{"line":34,"column":14},"end":{"line":40,"column":8}},"type":"cond-expr","locations":[{"start":{"line":35,"column":6},"end":{"line":35,"column":10}},{"start":{"line":36,"column":6},"end":{"line":40,"column":8}}],"line":34},"16":{"loc":{"start":{"line":36,"column":6},"end":{"line":40,"column":8}},"type":"cond-expr","locations":[{"start":{"line":37,"column":6},"end":{"line":37,"column":16}},{"start":{"line":38,"column":6},"end":{"line":40,"column":8}}],"line":36},"17":{"loc":{"start":{"line":38,"column":6},"end":{"line":40,"column":8}},"type":"cond-expr","locations":[{"start":{"line":39,"column":6},"end":{"line":39,"column":18}},{"start":{"line":40,"column":6},"end":{"line":40,"column":8}}],"line":38},"18":{"loc":{"start":{"line":42,"column":24},"end":{"line":42,"column":76}},"type":"binary-expr","locations":[{"start":{"line":42,"column":24},"end":{"line":42,"column":37}},{"start":{"line":42,"column":41},"end":{"line":42,"column":56}},{"start":{"line":42,"column":60},"end":{"line":42,"column":69}},{"start":{"line":42,"column":73},"end":{"line":42,"column":76}}],"line":42},"19":{"loc":{"start":{"line":43,"column":16},"end":{"line":43,"column":65}},"type":"binary-expr","locations":[{"start":{"line":43,"column":16},"end":{"line":43,"column":25}},{"start":{"line":43,"column":29},"end":{"line":43,"column":36}},{"start":{"line":43,"column":40},"end":{"line":43,"column":47}},{"start":{"line":43,"column":51},"end":{"line":43,"column":58}},{"start":{"line":43,"column":62},"end":{"line":43,"column":65}}],"line":43},"20":{"loc":{"start":{"line":44,"column":24},"end":{"line":44,"column":67}},"type":"binary-expr","locations":[{"start":{"line":44,"column":24},"end":{"line":44,"column":37}},{"start":{"line":44,"column":41},"end":{"line":44,"column":45}},{"start":{"line":44,"column":49},"end":{"line":44,"column":60}},{"start":{"line":44,"column":64},"end":{"line":44,"column":67}}],"line":44},"21":{"loc":{"start":{"line":45,"column":18},"end":{"line":45,"column":69}},"type":"binary-expr","locations":[{"start":{"line":45,"column":18},"end":{"line":45,"column":25}},{"start":{"line":45,"column":29},"end":{"line":45,"column":36}},{"start":{"line":45,"column":40},"end":{"line":45,"column":48}},{"start":{"line":45,"column":52},"end":{"line":45,"column":62}},{"start":{"line":45,"column":66},"end":{"line":45,"column":69}}],"line":45},"22":{"loc":{"start":{"line":46,"column":19},"end":{"line":46,"column":45}},"type":"binary-expr","locations":[{"start":{"line":46,"column":19},"end":{"line":46,"column":27}},{"start":{"line":46,"column":31},"end":{"line":46,"column":38}},{"start":{"line":46,"column":42},"end":{"line":46,"column":45}}],"line":46},"23":{"loc":{"start":{"line":47,"column":19},"end":{"line":47,"column":61}},"type":"binary-expr","locations":[{"start":{"line":47,"column":19},"end":{"line":47,"column":27}},{"start":{"line":47,"column":31},"end":{"line":47,"column":43}},{"start":{"line":47,"column":47},"end":{"line":47,"column":54}},{"start":{"line":47,"column":58},"end":{"line":47,"column":61}}],"line":47},"24":{"loc":{"start":{"line":49,"column":6},"end":{"line":54,"column":10}},"type":"binary-expr","locations":[{"start":{"line":49,"column":6},"end":{"line":49,"column":12}},{"start":{"line":50,"column":6},"end":{"line":50,"column":17}},{"start":{"line":51,"column":6},"end":{"line":51,"column":17}},{"start":{"line":52,"column":6},"end":{"line":52,"column":22}},{"start":{"line":53,"column":6},"end":{"line":53,"column":20}},{"start":{"line":54,"column":6},"end":{"line":54,"column":10}}],"line":49},"25":{"loc":{"start":{"line":64,"column":8},"end":{"line":64,"column":76}},"type":"binary-expr","locations":[{"start":{"line":64,"column":8},"end":{"line":64,"column":12}},{"start":{"line":64,"column":16},"end":{"line":64,"column":27}},{"start":{"line":64,"column":31},"end":{"line":64,"column":51}},{"start":{"line":64,"column":55},"end":{"line":64,"column":68}},{"start":{"line":64,"column":72},"end":{"line":64,"column":76}}],"line":64},"26":{"loc":{"start":{"line":70,"column":14},"end":{"line":76,"column":8}},"type":"cond-expr","locations":[{"start":{"line":71,"column":6},"end":{"line":71,"column":10}},{"start":{"line":72,"column":6},"end":{"line":76,"column":8}}],"line":70},"27":{"loc":{"start":{"line":72,"column":6},"end":{"line":76,"column":8}},"type":"cond-expr","locations":[{"start":{"line":73,"column":6},"end":{"line":73,"column":16}},{"start":{"line":74,"column":6},"end":{"line":76,"column":8}}],"line":72},"28":{"loc":{"start":{"line":74,"column":6},"end":{"line":76,"column":8}},"type":"cond-expr","locations":[{"start":{"line":75,"column":6},"end":{"line":75,"column":18}},{"start":{"line":76,"column":6},"end":{"line":76,"column":8}}],"line":74},"29":{"loc":{"start":{"line":79,"column":6},"end":{"line":79,"column":74}},"type":"binary-expr","locations":[{"start":{"line":79,"column":6},"end":{"line":79,"column":10}},{"start":{"line":79,"column":14},"end":{"line":79,"column":25}},{"start":{"line":79,"column":29},"end":{"line":79,"column":49}},{"start":{"line":79,"column":53},"end":{"line":79,"column":66}},{"start":{"line":79,"column":70},"end":{"line":79,"column":74}}],"line":79},"30":{"loc":{"start":{"line":80,"column":16},"end":{"line":80,"column":65}},"type":"binary-expr","locations":[{"start":{"line":80,"column":16},"end":{"line":80,"column":25}},{"start":{"line":80,"column":29},"end":{"line":80,"column":36}},{"start":{"line":80,"column":40},"end":{"line":80,"column":47}},{"start":{"line":80,"column":51},"end":{"line":80,"column":58}},{"start":{"line":80,"column":62},"end":{"line":80,"column":65}}],"line":80},"31":{"loc":{"start":{"line":82,"column":6},"end":{"line":82,"column":65}},"type":"binary-expr","locations":[{"start":{"line":82,"column":6},"end":{"line":82,"column":18}},{"start":{"line":82,"column":22},"end":{"line":82,"column":28}},{"start":{"line":82,"column":32},"end":{"line":82,"column":46}},{"start":{"line":82,"column":50},"end":{"line":82,"column":58}},{"start":{"line":82,"column":62},"end":{"line":82,"column":65}}],"line":82},"32":{"loc":{"start":{"line":83,"column":24},"end":{"line":83,"column":67}},"type":"binary-expr","locations":[{"start":{"line":83,"column":24},"end":{"line":83,"column":37}},{"start":{"line":83,"column":41},"end":{"line":83,"column":45}},{"start":{"line":83,"column":49},"end":{"line":83,"column":60}},{"start":{"line":83,"column":64},"end":{"line":83,"column":67}}],"line":83},"33":{"loc":{"start":{"line":84,"column":18},"end":{"line":84,"column":69}},"type":"binary-expr","locations":[{"start":{"line":84,"column":18},"end":{"line":84,"column":25}},{"start":{"line":84,"column":29},"end":{"line":84,"column":36}},{"start":{"line":84,"column":40},"end":{"line":84,"column":48}},{"start":{"line":84,"column":52},"end":{"line":84,"column":62}},{"start":{"line":84,"column":66},"end":{"line":84,"column":69}}],"line":84},"34":{"loc":{"start":{"line":85,"column":19},"end":{"line":85,"column":45}},"type":"binary-expr","locations":[{"start":{"line":85,"column":19},"end":{"line":85,"column":27}},{"start":{"line":85,"column":31},"end":{"line":85,"column":38}},{"start":{"line":85,"column":42},"end":{"line":85,"column":45}}],"line":85},"35":{"loc":{"start":{"line":87,"column":6},"end":{"line":92,"column":10}},"type":"binary-expr","locations":[{"start":{"line":87,"column":6},"end":{"line":87,"column":12}},{"start":{"line":88,"column":6},"end":{"line":88,"column":17}},{"start":{"line":89,"column":6},"end":{"line":89,"column":17}},{"start":{"line":90,"column":6},"end":{"line":90,"column":22}},{"start":{"line":91,"column":6},"end":{"line":91,"column":20}},{"start":{"line":92,"column":6},"end":{"line":92,"column":10}}],"line":87}},"s":{"0":0,"1":0,"2":0,"3":0,"4":0,"5":0,"6":0,"7":0,"8":0,"9":0,"10":0,"11":0,"12":0,"13":0,"14":0,"15":0,"16":0,"17":0,"18":0,"19":0,"20":0,"21":0,"22":0,"23":0,"24":0,"25":0,"26":0,"27":0,"28":0},"f":{"0":0,"1":0,"2":0,"3":0,"4":0,"5":0,"6":0},"b":{"0":[0,0],"1":[0,0],"2":[0,0],"3":[0,0,0],"4":[0,0],"5":[0,0,0],"6":[0,0],"7":[0,0,0],"8":[0,0,0],"9":[0,0,0],"10":[0,0],"11":[0,0,0,0],"12":[0,0],"13":[0,0],"14":[0,0],"15":[0,0],"16":[0,0],"17":[0,0],"18":[0,0,0,0],"19":[0,0,0,0,0],"20":[0,0,0,0],"21":[0,0,0,0,0],"22":[0,0,0],"23":[0,0,0,0],"24":[0,0,0,0,0,0],"25":[0,0,0,0,0],"26":[0,0],"27":[0,0],"28":[0,0],"29":[0,0,0,0,0],"30":[0,0,0,0,0],"31":[0,0,0,0,0],"32":[0,0,0,0],"33":[0,0,0,0,0],"34":[0,0,0],"35":[0,0,0,0,0,0]},"_coverageSchema":"1a1c01bbd47fc00a2c39e90264f33305004495a9","hash":"2aea7d2f836c18ef15c7ae223986671caa3b16da"},"C:\\Users\\guerr\\Desktop\\Trabalhos\\LEI\\TrabalhoLDS2025\\LDSGrupo04\\Bid-Go_Frontend\\src\\pages\\BidGoPage.js":{"path":"C:\\Users\\guerr\\Desktop\\Trabalhos\\LEI\\TrabalhoLDS2025\\LDSGrupo04\\Bid-Go_Frontend\\src\\pages\\BidGoPage.js","statementMap":{"0":{"start":{"line":12,"column":36},"end":{"line":12,"column":48}},"1":{"start":{"line":13,"column":50},"end":{"line":13,"column":65}},"2":{"start":{"line":14,"column":34},"end":{"line":14,"column":49}},"3":{"start":{"line":15,"column":30},"end":{"line":15,"column":44}},"4":{"start":{"line":16,"column":21},"end":{"line":16,"column":34}},"5":{"start":{"line":17,"column":70},"end":{"line":17,"column":77}},"6":{"start":{"line":20,"column":34},"end":{"line":25,"column":6}},"7":{"start":{"line":28,"column":42},"end":{"line":28,"column":57}},"8":{"start":{"line":33,"column":23},"end":{"line":40,"column":5}},"9":{"start":{"line":34,"column":23},"end":{"line":34,"column":44}},"10":{"start":{"line":35,"column":8},"end":{"line":35,"column":56}},"11":{"start":{"line":35,"column":22},"end":{"line":35,"column":56}},"12":{"start":{"line":36,"column":8},"end":{"line":36,"column":71}},"13":{"start":{"line":36,"column":27},"end":{"line":36,"column":71}},"14":{"start":{"line":37,"column":8},"end":{"line":37,"column":74}},"15":{"start":{"line":37,"column":28},"end":{"line":37,"column":74}},"16":{"start":{"line":38,"column":8},"end":{"line":38,"column":68}},"17":{"start":{"line":38,"column":26},"end":{"line":38,"column":68}},"18":{"start":{"line":39,"column":8},"end":{"line":39,"column":33}},"19":{"start":{"line":42,"column":35},"end":{"line":66,"column":5}},"20":{"start":{"line":43,"column":8},"end":{"line":43,"column":28}},"21":{"start":{"line":43,"column":21},"end":{"line":43,"column":28}},"22":{"start":{"line":44,"column":8},"end":{"line":44,"column":25}},"23":{"start":{"line":45,"column":8},"end":{"line":45,"column":23}},"24":{"start":{"line":46,"column":8},"end":{"line":46,"column":34}},"25":{"start":{"line":47,"column":8},"end":{"line":65,"column":9}},"26":{"start":{"line":48,"column":24},"end":{"line":48,"column":82}},"27":{"start":{"line":49,"column":31},"end":{"line":49,"column":64}},"28":{"start":{"line":50,"column":12},"end":{"line":50,"column":36}},"29":{"start":{"line":51,"column":12},"end":{"line":51,"column":66}},"30":{"start":{"line":51,"column":41},"end":{"line":51,"column":66}},"31":{"start":{"line":53,"column":12},"end":{"line":53,"column":76}},"32":{"start":{"line":53,"column":69},"end":{"line":53,"column":76}},"33":{"start":{"line":54,"column":12},"end":{"line":62,"column":13}},"34":{"start":{"line":55,"column":16},"end":{"line":57,"column":18}},"
[...]
:32},"end":{"line":230,"column":78}},{"start":{},"end":{}}],"line":230},"26":{"loc":{"start":{"line":231,"column":32},"end":{"line":231,"column":72}},"type":"if","locations":[{"start":{"line":231,"column":32},"end":{"line":231,"column":72}},{"start":{},"end":{}}],"line":231},"27":{"loc":{"start":{"line":232,"column":32},"end":{"line":232,"column":68}},"type":"if","locations":[{"start":{"line":232,"column":32},"end":{"line":232,"column":68}},{"start":{},"end":{}}],"line":232},"28":{"loc":{"start":{"line":233,"column":32},"end":{"line":233,"column":88}},"type":"if","locations":[{"start":{"line":233,"column":32},"end":{"line":233,"column":88}},{"start":{},"end":{}}],"line":233},"29":{"loc":{"start":{"line":234,"column":32},"end":{"line":234,"column":80}},"type":"if","locations":[{"start":{"line":234,"column":32},"end":{"line":234,"column":80}},{"start":{},"end":{}}],"line":234},"30":{"loc":{"start":{"line":241,"column":21},"end":{"line":267,"column":21}},"type":"binary-expr","locations":[{"start":{"line":241,"column":21},"end":{"line":241,"column":39}},{"start":{"line":242,"column":24},"end":{"line":265,"column":26}}],"line":241},"31":{"loc":{"start":{"line":255,"column":32},"end":{"line":255,"column":70}},"type":"if","locations":[{"start":{"line":255,"column":32},"end":{"line":255,"column":70}},{"start":{},"end":{}}],"line":255},"32":{"loc":{"start":{"line":256,"column":32},"end":{"line":256,"column":83}},"type":"if","locations":[{"start":{"line":256,"column":32},"end":{"line":256,"column":83}},{"start":{},"end":{}}],"line":256},"33":{"loc":{"start":{"line":257,"column":32},"end":{"line":257,"column":75}},"type":"if","locations":[{"start":{"line":257,"column":32},"end":{"line":257,"column":75}},{"start":{},"end":{}}],"line":257},"34":{"loc":{"start":{"line":258,"column":32},"end":{"line":258,"column":72}},"type":"if","locations":[{"start":{"line":258,"column":32},"end":{"line":258,"column":72}},{"start":{},"end":{}}],"line":258},"35":{"loc":{"start":{"line":259,"column":32},"end":{"line":259,"column":78}},"type":"if","locations":[{"start":{"line":259,"column":32},"end":{"line":259,"column":78}},{"start":{},"end":{}}],"line":259},"36":{"loc":{"start":{"line":260,"column":32},"end":{"line":260,"column":72}},"type":"if","locations":[{"start":{"line":260,"column":32},"end":{"line":260,"column":72}},{"start":{},"end":{}}],"line":260},"37":{"loc":{"start":{"line":261,"column":32},"end":{"line":261,"column":68}},"type":"if","locations":[{"start":{"line":261,"column":32},"end":{"line":261,"column":68}},{"start":{},"end":{}}],"line":261},"38":{"loc":{"start":{"line":268,"column":21},"end":{"line":278,"column":21}},"type":"binary-expr","locations":[{"start":{"line":268,"column":21},"end":{"line":268,"column":34}},{"start":{"line":269,"column":24},"end":{"line":277,"column":30}}],"line":268}},"s":{"0":0,"1":0,"2":0,"3":0,"4":0,"5":0,"6":0,"7":0,"8":0,"9":0,"10":0,"11":0,"12":0,"13":0,"14":0,"15":0,"16":0,"17":0,"18":0,"19":0,"20":0,"21":0,"22":0,"23":0,"24":0,"25":0,"26":0,"27":0,"28":0,"29":0,"30":0,"31":0,"32":0,"33":0,"34":0,"35":0,"36":0,"37":0,"38":0,"39":0,"40":0,"41":0,"42":0,"43":0,"44":0,"45":0,"46":0,"47":0,"48":0,"49":0,"50":0,"51":0,"52":0,"53":0,"54":0,"55":0,"56":0,"57":0,"58":0,"59":0,"60":0,"61":0,"62":0,"63":0,"64":0,"65":0,"66":0,"67":0,"68":0,"69":0,"70":0,"71":0,"72":0,"73":0,"74":0,"75":0,"76":0,"77":0,"78":0,"79":0,"80":0,"81":0,"82":0,"83":0,"84":0,"85":0,"86":0,"87":0,"88":0,"89":0,"90":0,"91":0,"92":0,"93":0,"94":0,"95":0,"96":0,"97":0,"98":0,"99":0,"100":0,"101":0,"102":0,"103":0,"104":0,"105":0,"106":0,"107":0,"108":0,"109":0,"110":0,"111":0,"112":0,"113":0,"114":0,"115":0,"116":0,"117":0,"118":0,"119":0,"120":0,"121":0,"122":0,"123":0,"124":0,"125":0,"126":0,"127":0,"128":0,"129":0,"130":0,"131":0,"132":0},"f":{"0":0,"1":0,"2":0,"3":0,"4":0,"5":0,"6":0,"7":0,"8":0,"9":0,"10":0,"11":0,"12":0,"13":0,"14":0,"15":0},"b":{"0":[0,0],"1":[0,0,0,0,0],"2":[0,0],"3":[0,0],"4":[0,0],"5":[0,0],"6":[0,0],"7":[0,0],"8":[0,0],"9":[0,0],"10":[0,0],"11":[0,0],"12":[0,0,0,0,0,0,0],"13":[0,0],"14":[0,0],"15":[0,0],"16":[0,0],"17":[0,0],"18":[0,0],"19":[0,0],"20":[0,0],"21":[0,0],"22":[0,0],"23":[0,0],"24":[0,0],"25":[0,0],"26":[0,0],"27":[0,0],"28":[0,0],"29":[0,0],"30":[0,0],"31":[0,0],"32":[0,0],"33":[0,0],"34":[0,0],"35":[0,0],"36":[0,0],"37":[0,0],"38":[0,0]},"_coverageSchema":"1a1c01bbd47fc00a2c39e90264f33305004495a9","hash":"3cac8f0e2de92c907cfbf13adaf6b020e867440c"},"C:\\Users\\guerr\\Desktop\\Trabalhos\\LEI\\TrabalhoLDS2025\\LDSGrupo04\\Bid-Go_Frontend\\src\\components\\domain\\NotificationCard.js":{"path":"C:\\Users\\guerr\\Desktop\\Trabalhos\\LEI\\TrabalhoLDS2025\\LDSGrupo04\\Bid-Go_Frontend\\src\\components\\domain\\NotificationCard.js","statementMap":{"0":{"start":{"line":14,"column":4},"end":{"line":14,"column":35}},"1":{"start":{"line":14,"column":23},"end":{"line":14,"column":35}},"2":{"start":{"line":15,"column":65},"end":{"line":15,"column":77}},"3":{"start":{"line":17,"column":24},"end":{"line":32,"column":5}},"4":{"start":{"line":18,"column":8},"end":{"line":31,"column":9}},"5":{"start":{"line":20,"column":16},"end":{"line":20,"column":41}},"6":{"start":{"line":22,"column":16},"end":{"line":22,"column":41}},"7":{"start":{"line":24,"column":16},"end":{"line":24,"column":33}},"8":{"start":{"line":26,"column":16},"end":{"line":26,"column":41}},"9":{"start":{"line":28,"column":16},"end":{"line":28,"column":43}},"10":{"start":{"line":30,"column":16},"end":{"line":30,"column":41}},"11":{"start":{"line":34,"column":25},"end":{"line":49,"column":5}},"12":{"start":{"line":35,"column":8},"end":{"line":48,"column":9}},"13":{"start":{"line":37,"column":16},"end":{"line":37,"column":38}},"14":{"start":{"line":39,"column":16},"end":{"line":39,"column":38}},"15":{"start":{"line":41,"column":16},"end":{"line":41,"column":42}},"16":{"start":{"line":43,"column":16},"end":{"line":43,"column":37}},"17":{"start":{"line":45,"column":16},"end":{"line":45,"column":43}},"18":{"start":{"line":47,"column":16},"end":{"line":47,"column":38}},"19":{"start":{"line":51,"column":24},"end":{"line":53,"column":5}},"20":{"start":{"line":52,"column":8},"end":{"line":52,"column":50}},"21":{"start":{"line":52,"column":21},"end":{"line":52,"column":50}},"22":{"start":{"line":55,"column":4},"end":{"line":71,"column":6}}},"fnMap":{"0":{"name":"NotificationCard","decl":{"start":{"line":13,"column":24},"end":{"line":13,"column":40}},"loc":{"start":{"line":13,"column":71},"end":{"line":72,"column":1}},"line":13},"1":{"name":"(anonymous_1)","decl":{"start":{"line":17,"column":24},"end":{"line":17,"column":25}},"loc":{"start":{"line":17,"column":31},"end":{"line":32,"column":5}},"line":17},"2":{"name":"(anonymous_2)","decl":{"start":{"line":34,"column":25},"end":{"line":34,"column":26}},"loc":{"start":{"line":34,"column":32},"end":{"line":49,"column":5}},"line":34},"3":{"name":"(anonymous_3)","decl":{"start":{"line":51,"column":24},"end":{"line":51,"column":25}},"loc":{"start":{"line":51,"column":30},"end":{"line":53,"column":5}},"line":51}},"branchMap":{"0":{"loc":{"start":{"line":14,"column":4},"end":{"line":14,"column":35}},"type":"if","locations":[{"start":{"line":14,"column":4},"end":{"line":14,"column":35}},{"start":{},"end":{}}],"line":14},"1":{"loc":{"start":{"line":18,"column":8},"end":{"line":31,"column":9}},"type":"switch","locations":[{"start":{"line":19,"column":12},"end":{"line":20,"column":41}},{"start":{"line":21,"column":12},"end":{"line":22,"column":41}},{"start":{"line":23,"column":12},"end":{"line":24,"column":33}},{"start":{"line":25,"column":12},"end":{"line":26,"column":41}},{"start":{"line":27,"column":12},"end":{"line":28,"column":43}},{"start":{"line":29,"column":12},"end":{"line":30,"column":41}}],"line":18},"2":{"loc":{"start":{"line":35,"column":8},"end":{"line":48,"column":9}},"type":"switch","locations":[{"start":{"line":36,"column":12},"end":{"line":37,"column":38}},{"start":{"line":38,"column":12},"end":{"line":39,"column":38}},{"start":{"line":40,"column":12},"end":{"line":41,"column":42}},{"start":{"line":42,"column":12},"end":{"line":43,"column":37}},{"start":{"line":44,"column":12},"end":{"line":45,"column":43}},{"start":{"line":46,"column":12},"end":{"line":47,"column":38}}],"line":35},"3":{"loc":{"start":{"line":52,"column":8},"end":{"line":52,"column":50}},"type":"if","locations":[{"start":{"line":52,"column":8},"end":{"line":52,"column":50}},{"start":{},"end":{}}],"line":52},"4":{"loc":{"start":{"line":58,"column":45},"end":{"line":58,"column":68}},"type":"cond-expr","locations":[{"start":{"line":58,"column":55},"end":{"line":58,"column":63}},{"start":{"line":58,"column":66},"end":{"line":58,"column":68}}],"line":58},"5":{"loc":{"start":{"line":67,"column":17},"end":{"line":67,"column":63}},"type":"binary-expr","locations":[{"start":{"line":67,"column":17},"end":{"line":67,"column":24}},{"start":{"line":67,"column":28},"end":{"line":67,"column":63}}],"line":67}},"s":{"0":0,"1":0,"2":0,"3":0,"4":0,"5":0,"6":0,"7":0,"8":0,"9":0,"10":0,"11":0,"12":0,"13":0,"14":0,"15":0,"16":0,"17":0,"18":0,"19":0,"20":0,"21":0,"22":0},"f":{"0":0,"1":0,"2":0,"3":0},"b":{"0":[0,0],"1":[0,0,0,0,0,0],"2":[0,0,0,0,0,0],"3":[0,0],"4":[0,0],"5":[0,0]},"_coverageSchema":"1a1c01bbd47fc00a2c39e90264f33305004495a9","hash":"f79a6a9ad889e1215f72090a3d25784de9a70772"},"C:\\Users\\guerr\\Desktop\\Trabalhos\\LEI\\TrabalhoLDS2025\\LDSGrupo04\\Bid-Go_Frontend\\src\\pages\\NotificationPage.js":{"path":"C:\\Users\\guerr\\Desktop\\Trabalhos\\LEI\\TrabalhoLDS2025\\LDSGrupo04\\Bid-Go_Frontend\\src\\pages\\NotificationPage.js","statementMap":{"0":{"start":{"line":7,"column":46},"end":{"line":7,"column":58}},"1":{"start":{"line":8,"column":36},"end":{"line":8,"column":48}},"2":{"start":{"line":9,"column":34},"end":{"line":9,"column":48}},"3":{"start":{"line":12,"column":40},"end":{"line":12,"column":55}},"4":{"start":{"line":13,"column":40},"end":{"line":13,"column":55}},"5":{"start":{"line":14,"column":42},"end":{"line":14,"column":58}},"6":{"start":{"line":16,"column":31},"end":{"line":36,"column":5}},"7":{"start":{"line":17,"column":8},"end":{"line":35,"column":9}},"8":{"start":{"line":18,"column":26},"end":{"line":18,"column":51}},"9":{"start":{"line":19,"column":27},"end":{"line":19,"column":51}},"10":{"start":{"line":21,"column":29},"end":{"line":22,"column":87}},"11":{"start":{"line":22,"column":16},"end":{"line":22,"column":87}},"12":{"start":{"line":22,"column":35},"end":{"line":22,"column":79}},"13":{"start":{"line":24,"column":27},"end":{"line":24,"column":45}},"14":{"start":{"line":25,"column":12},"end":{"line":25,"column":32}},"15":{"start":{"line":25,"column":25},"end":{"line":25,"column":32}},"16":{"start":{"line":27,"column":24},"end":{"line":27,"column":72}},"17":{"start":{"line":29,"column":12},"end":{"line":29,"column":39}},"18":{"start":{"line":30,"column":12},"end":{"line":30,"column":34}},"19":{"start":{"line":32,"column":12},"end":{"line":32,"column":64}},"20":{"start":{"line":34,"column":12},"end":{"line":34,"column":30}},"21":{"start":{"line":38,"column":4},"end":{"line":40,"column":11}},"22":{"start":{"line":39,"column":8},"end":{"line":39,"column":29}},"23":{"start":{"line":42,"column":23},"end":{"line":45,"column":5}},"24":{"start":{"line":43,"column":8},"end":{"line":43,"column":58}},"25":{"start":{"line":44,"column":8},"end":{"line":44,"column":29}},"26":{"start":{"line":47,"column":26},"end":{"line":50,"column":5}},"27":{"start":{"line":48,"column":8},"end":{"line":48,"column":56}},"28":{"start":{"line":49,"column":8},"end":{"line":49,"column":29}},"29":{"start":{"line":53,"column":4},"end":{"line":77,"column":61}},"30":{"start":{"line":54,"column":19},"end":{"line":54,"column":37}},"31":{"start":{"line":57,"column":8},"end":{"line":59,"column":9}},"32":{"start":{"line":58,"column":12},"end":{"line":58,"column":61}},"33":{"start":{"line":58,"column":38},"end":{"line":58,"column":59}},"34":{"start":{"line":62,"column":8},"end":{"line":64,"column":9}},"35":{"start":{"line":63,"column":12},"end":{"line":63,"column":49}},"36":{"start":{"line":63,"column":38},"end":{"line":63,"column":47}},"37":{"start":{"line":65,"column":8},"end":{"line":67,"column":9}},"38":{"start":{"line":66,"column":12},"end":{"line":66,"column":48}},"39":{"start":{"line":66,"column":38},"end":{"line":66,"column":46}},"40":{"start":{"line":70,"column":8},"end":{"line":74,"column":11}},"41":{"start":{"line":71,"column":23},"end":{"line":71,"column":44}},"42":{"start":{"line":72,"column":23},"end":{"line":72,"column":44}},"43":{"start":{"line":73,"column":12},"end":{"line":73,"column":61}},"44":{"start":{"line":76,"column":8},"end":{"line":76,"column":26}},"45":{"start":{"line":79,"column":4},"end":{"line":80,"column":77}},"46":{"start":{"line":80,"column":8},"end":{"line":80,"column":77}},"47":{"start":{"line":82,"column":4},"end":{"line":137,"column":6}},"48":{"start":{"line":94,"column":41},"end":{"line":94,"column":70}},"49":{"start":{"line":106,"column":41},"end":{"line":106,"column":70}},"50":{"start":{"line":115,"column":41},"end":{"line":115,"column":71}},"51":{"start":{"line":128,"column":24},"end":{"line":132,"column":26}},"52":{"start":{"line":131,"column":48},"end":{"line":131,"column":62}}},"fnMap":{"0":{"name":"NotificationPage","decl":{"start":{"line":6,"column":24},"end":{"line":6,"column":40}},"loc":{"start":{"line":6,"column":43},"end":{"line":138,"column":1}},"line":6},"1":{"name":"(anonymous_1)","decl":{"start":{"line":16,"column":31},"end":{"line":16,"column":32}},"loc":{"start":{"line":16,"column":43},"end":{"line":36,"column":5}},"line":16},"2":{"name":"(anonymous_2)","decl":{"start":{"line":21,"column":29},"end":{"line":21,"column":30}},"loc":{"start":{"line":22,"column":16},"end":{"line":22,"column":87}},"line":22},"3":{"name":"(anonymous_3)","decl":{"start":{"line":22,"column":28},"end":{"line":22,"column":29}},"loc":{"start":{"line":22,"column":35},"end":{"line":22,"column":79}},"line":22},"4":{"name":"(anonymous_4)","decl":{"start":{"line":38,"column":14},"end":{"line":38,"column":15}},"loc":{"start":{"line":38,"column":20},"end":{"line":40,"column":5}},"line":38},"5":{"name":"(anonymous_5)","decl":{"start":{"line":42,"column":23},"end":{"line":42,"column":24}},"loc":{"start":{"line":42,"column":37},"end":{"line":45,"column":5}},"line":42},"6":{"name":"(anonymous_6)","decl":{"start":{"line":47,"column":26},"end":{"line":47,"column":27}},"loc":{"start":{"line":47,"column":38},"end":{"line":50,"column":5}},"line":47},"7":{"name":"(anonymous_7)","decl":{"start":{"line":53,"column":14},"end":{"line":53,"column":15}},"loc":{"start":{"line":53,"column":20},"end":{"line":77,"column":5}},"line":53},"8":{"name":"(anonymous_8)","decl":{"start":{"line":58,"column":31},"end":{"line":58,"column":32}},"loc":{"start":{"line":58,"column":38},"end":{"line":58,"column":59}},"line":58},"9":{"name":"(anonymous_9)","decl":{"start":{"line":63,"column":31},"end":{"line":63,"column":32}},"loc":{"start":{"line":63,"column":38},"end":{"line":63,"column":47}},"line":63},"10":{"name":"(anonymous_10)","decl":{"start":{"line":66,"column":31},"end":{"line":66,"column":32}},"loc":{"start":{"line":66,"column":38},"end":{"line":66,"column":46}},"line":66},"11":{"name":"(anonymous_11)","decl":{"start":{"line":70,"column":18},"end":{"line":70,"column":19}},"loc":{"start":{"line":70,"column":28},"end":{"line":74,"column":9}},"line":70},"12":{"name":"(anonymous_12)","decl":{"start":{"line":94,"column":34},"end":{"line":94,"column":35}},"loc":{"start":{"line":94,"column":41},"end":{"line":94,"column":70}},"line":94},"13":{"name":"(anonymous_13)","decl":{"start":{"line":106,"column":34},"end":{"line":106,"column":35}},"loc":{"start":{"line":106,"column":41},"end":{"line":106,"column":70}},"line":106},"14":{"name":"(anonymous_14)","decl":{"start":{"line":115,"column":34},"end":{"line":115,"column":35}},"loc":{"start":{"line":115,"column":41},"end":{"line":115,"column":71}},"line":115},"15":{"name":"(anonymous_15)","decl":{"start":{"line":127,"column":34},"end":{"line":127,"column":35}},"loc":{"start":{"line":128,"column":24},"end":{"line":132,"column":26}},"line":128},"16":{"name":"(anonymous_16)","decl":{"start":{"line":131,"column":40},"end":{"line":131,"column":41}},"loc":{"start":{"line":131,"column":48},"end":{"line":131,"column":62}},"line":131}},"branchMap":{"0":{"loc":{"start":{"line":19,"column":27},"end":{"line":19,"column":51}},"type":"binary-expr","locations":[{"start":{"line":19,"column":27},"end":{"line":19,"column":45}},{"start":{"line":19,"column":49},"end":{"line":19,"column":51}}],"line":19},"1":{"loc":{"start":{"line":25,"column":12},"end":{"line":25,"column":32}},"type":"if","locations":[{"start":{"line":25,"column":12},"end":{"line":25,"column":32}},{"start":{},"end":{}}],"line":25},"2":{"loc":{"start":{"line":57,"column":8},"end":{"line":59,"column":9}},"type":"if","locations":[{"start":{"line":57,"column":8},"end":{"line":59,"column":9}},{"start":{},"end":{}}],"line":57},"3":{"loc":{"start":{"line":62,"column":8},"end":{"line":64,"column":9}},"type":"if","locations":[{"start":{"line":62,"column":8},"end":{"line":64,"column":9}},{"start":{},"end":{}}],"line":62},"4":{"loc":{"start":{"line":65,"column":8},"end":{"line":67,"column":9}},"type":"if","locations":[{"start":{"line":65,"column":8},"end":{"line":67,"column":9}},{"start":{},"end":{}}],"line":65},"5":{"loc":{"start":{"line":73,"column":19},"end":{"line":73,"column":60}},"type":"cond-expr","locations":[{"start":{"line":73,"column":43},"end":{"line":73,"column":50}},{"start":{"line":73,"column":53},"end":{"line":73,"column":60}}],"line":73},"6":{"loc":{"start":{"line":79,"column":4},"end":{"line":80,"column":77}},"type":"if","locations":[{"start":{"line":79,"column":4},"end":{"line":80,"column":77}},{"start":{},"end":{}}],"line":79},"7":{"loc":{"start":{"line":123,"column":21},"end":{"line":125,"column":21}},"type":"binary-expr","locations":[{"start":{"line":123,"column":21},"end":{"line":123,"column":42}},{"start":{"line":124,"column":24},"end":{"line":124,"column":83}}],"line":123}},"s":{"0":0,"1":0,"2":0,"3":0,"4":0,"5":0,"6":0,"7":0,"8":0,"9":0,"10":0,"11":0,"12":0,"13":0,"14":0,"15":0,"16":0,"17":0,"18":0,"19":0,"20":0,"21":0,"22":0,"23":0,"24":0,"25":0,"26":0,"27":0,"28":0,"29":0,"30":0,"31":0,"32":0,"33":0,"34":0,"35":0,"36":0,"37":0,"38":0,"39":0,"40":0,"41":0,"42":0,"43":0,"44":0,"45":0,"46":0,"47":0,"48":0,"49":0,"50":0,"51":0,"52":0},"f":{"0":0,"1":0,"2":0,"3":0,"4":0,"5":0,"6":0,"7":0,"8":0,"9":0,"10":0,"11":0,"12":0,"13":0,"14":0,"15":0,"16":0},"b":{"0":[0,0],"1":[0,0],"2":[0,0],"3":[0,0],"4":[0,0],"5":[0,0],"6":[0,0],"7":[0,0]},"_coverageSchema":"1a1c01bbd47fc00a2c39e90264f33305004495a9","hash":"66ab7ca28b6f4ca15fd07f544f7ce25dfed63c69"},"C:\\Users\\guerr\\Desktop\\Trabalhos\\LEI\\TrabalhoLDS2025\\LDSGrupo04\\Bid-Go_Frontend\\src\\AppRouter.js":{"path":"C:\\Users\\guerr\\Desktop\\Trabalhos\\LEI\\TrabalhoLDS2025\\LDSGrupo04\\Bid-Go_Frontend\\src\\AppRouter.js","statementMap":{"0":{"start":{"line":16,"column":2},"end":{"line":42,"column":4}}},"fnMap":{"0":{"name":"AppRouter","decl":{"start":{"line":15,"column":24},"end":{"line":15,"column":33}},"loc":{"start":{"line":15,"column":36},"end":{"line":43,"column":1}},"line":15}},"branchMap":{},"s":{"0":2},"f":{"0":2},"b":{},"_coverageSchema":"1a1c01bbd47fc00a2c39e90264f33305004495a9","hash":"d5f31de4ff3c504a903fae9e4749dfe6fb889840"},"C:\\Users\\guerr\\Desktop\\Trabalhos\\LEI\\TrabalhoLDS2025\\LDSGrupo04\\Bid-Go_Frontend\\src\\index.js":{"path":"C:\\Users\\guerr\\Desktop\\Trabalhos\\LEI\\TrabalhoLDS2025\\LDSGrupo04\\Bid-Go_Frontend\\src\\index.js","statementMap":{"0":{"start":{"line":8,"column":13},"end":{"line":8,"column":65}},"1":{"start":{"line":9,"column":0},"end":{"line":15,"column":2}},"2":{"start":{"line":17,"column":0},"end":{"line":17,"column":18}}},"fnMap":{},"branchMap":{},"s":{"0":1,"1":1,"2":1},"f":{},"b":{},"_coverageSchema":"1a1c01bbd47fc00a2c39e90264f33305004495a9","hash":"6f0446e857a0b6856187b2df28d3a1249ba494a8"}}