{"C:\\Users\\migue\\Desktop\\Nova pasta\\Bid-Go_Frontend\\src\\reportWebVitals.js":{"path":"C:\\Users\\migue\\Desktop\\Nova pasta\\Bid-Go_Frontend\\src\\reportWebVitals.js","statementMap":{"0":{"start":{"line":1,"column":24},"end":{"line":11,"column":1}},"1":{"start":{"line":2,"column":2},"end":{"line":10,"column":3}},"2":{"start":{"line":3,"column":4},"end":{"line":9,"column":7}},"3":{"start":{"line":4,"column":6},"end":{"line":4,"column":26}},"4":{"start":{"line":5,"column":6},"end":{"line":5,"column":26}},"5":{"start":{"line":6,"column":6},"end":{"line":6,"column":26}},"6":{"start":{"line":7,"column":6},"end":{"line":7,"column":26}},"7":{"start":{"line":8,"column":6},"end":{"line":8,"column":27}}},"fnMap":{"0":{"name":"(anonymous_0)","decl":{"start":{"line":1,"column":24},"end":{"line":1,"column":25}},"loc":{"start":{"line":1,"column":39},"end":{"line":11,"column":1}},"line":1},"1":{"name":"(anonymous_1)","decl":{"start":{"line":3,"column":30},"end":{"line":3,"column":31}},"loc":{"start":{"line":3,"column":79},"end":{"line":9,"column":5}},"line":3}},"branchMap":{"0":{"loc":{"start":{"line":2,"column":2},"end":{"line":10,"column":3}},"type":"if","locations":[{"start":{"line":2,"column":2},"end":{"line":10,"column":3}},{"start":{},"end":{}}],"line":2},"1":{"loc":{"start":{"line":2,"column":6},"end":{"line":2,"column":52}},"type":"binary-expr","locations":[{"start":{"line":2,"column":6},"end":{"line":2,"column":17}},{"start":{"line":2,"column":21},"end":{"line":2,"column":52}}],"line":2}},"s":{"0":1,"1":1,"2":0,"3":0,"4":0,"5":0,"6":0,"7":0},"f":{"0":1,"1":0},"b":{"0":[0,1],"1":[1,0]},"_coverageSchema":"1a1c01bbd47fc00a2c39e90264f33305004495a9","hash":"2aed2c34d92ba2af15cb2015e15a208de05314dd"},"C:\\Users\\migue\\Desktop\\Nova pasta\\Bid-Go_Frontend\\src\\api\\axiosConfig.js":{"path":"C:\\Users\\migue\\Desktop\\Nova pasta\\Bid-Go_Frontend\\src\\api\\axiosConfig.js","statementMap":{"0":{"start":{"line":3,"column":12},"end":{"line":6,"column":2}},"1":{"start":{"line":8,"column":0},"end":{"line":16,"column":2}},"2":{"start":{"line":11,"column":6},"end":{"line":11,"column":70}},"3":{"start":{"line":12,"column":4},"end":{"line":12,"column":64}},"4":{"start":{"line":12,"column":15},"end":{"line":12,"column":64}},"5":{"start":{"line":13,"column":4},"end":{"line":13,"column":18}},"6":{"start":{"line":15,"column":13},"end":{"line":15,"column":34}},"7":{"start":{"line":18,"column":0},"end":{"line":36,"column":2}},"8":{"start":{"line":19,"column":16},"end":{"line":19,"column":24}},"9":{"start":{"line":21,"column":23},"end":{"line":21,"column":46}},"10":{"start":{"line":23,"column":6},"end":{"line":32,"column":5}},"11":{"start":{"line":24,"column":10},"end":{"line":26,"column":9}},"12":{"start":{"line":25,"column":10},"end":{"line":25,"column":39}},"13":{"start":{"line":28,"column":8},"end":{"line":28,"column":65}},"14":{"start":{"line":29,"column":8},"end":{"line":29,"column":41}},"15":{"start":{"line":30,"column":8},"end":{"line":30,"column":43}},"16":{"start":{"line":31,"column":8},"end":{"line":31,"column":40}},"17":{"start":{"line":34,"column":4},"end":{"line":34,"column":33}}},"fnMap":{"0":{"name":"(anonymous_0)","decl":{"start":{"line":9,"column":2},"end":{"line":9,"column":3}},"loc":{"start":{"line":9,"column":14},"end":{"line":14,"column":3}},"line":9},"1":{"name":"(anonymous_1)","decl":{"start":{"line":15,"column":2},"end":{"line":15,"column":3}},"loc":{"start":{"line":15,"column":13},"end":{"line":15,"column":34}},"line":15},"2":{"name":"(anonymous_2)","decl":{"start":{"line":19,"column":2},"end":{"line":19,"column":3}},"loc":{"start":{"line":19,"column":16},"end":{"line":19,"column":24}},"line":19},"3":{"name":"(anonymous_3)","decl":{"start":{"line":20,"column":2},"end":{"line":20,"column":3}},"loc":{"start":{"line":20,"column":13},"end":{"line":35,"column":3}},"line":20}},"branchMap":{"0":{"loc":{"start":{"line":11,"column":6},"end":{"line":11,"column":70}},"type":"binary-expr","locations":[{"start":{"line":11,"column":6},"end":{"line":11,"column":35}},{"start":{"line":11,"column":39},"end":{"line":11,"column":70}}],"line":11},"1":{"loc":{"start":{"line":12,"column":4},"end":{"line":12,"column":64}},"type":"if","locations":[{"start":{"line":12,"column":4},"end":{"line":12,"column":64}},{"start":{},"end":{}}],"line":12},"2":{"loc":{"start":{"line":21,"column":23},"end":{"line":21,"column":46}},"type":"binary-expr","locations":[{"start":{"line":21,"column":23},"end":{"line":21,"column":40}},{"start":{"line":21,"column":44},"end":{"line":21,"column":46}}],"line":21},"3":{"loc":{"start":{"line":23,"column":6},"end":{"line":32,"column":5}},"type":"if","locations":[{"start":{"line":23,"column":6},"end":{"line":32,"column":5}},{"start":{},"end":{}}],"line":23},"4":{"loc":{"start":{"line":23,"column":10},"end":{"line":23,"column":79}},"type":"binary-expr","locations":[{"start":{"line":23,"column":10},"end":{"line":23,"column":40}},{"start":{"line":23,"column":44},"end":{"line":23,"column":79}}],"line":23},"5":{"loc":{"start":{"line":24,"column":10},"end":{"line":26,"column":9}},"type":"if","locations":[{"start":{"line":24,"column":10},"end":{"line":26,"column":9}},{"start":{},"end":{}}],"line":24},"6":{"loc":{"start":{"line":24,"column":14},"end":{"line":24,"column":73}},"type":"binary-expr","locations":[{"start":{"line":24,"column":14},"end":{"line":24,"column":43}},{"start":{"line":24,"column":47},"end":{"line":24,"column":73}}],"line":24}},"s":{"0":1,"1":1,"2":10,"3":10,"4":10,"5":10,"6":0,"7":1,"8":4,"9":2,"10":2,"11":0,"12":0,"13":0,"14":0,"15":0,"16":0,"17":2},"f":{"0":10,"1":0,"2":4,"3":2},"b":{"0":[10,0],"1":[10,0],"2":[2,0],"3":[0,2],"4":[2,0],"5":[0,0],"6":[0,0]},"_coverageSchema":"1a1c01bbd47fc00a2c39e90264f33305004495a9","hash":"2e799e4659642cb261d1f19f680cce319354130f"},"C:\\Users\\migue\\Desktop\\Nova pasta\\Bid-Go_Frontend\\src\\components\\Navbar\\Navbar.js":{"path":"C:\\Users\\migue\\Desktop\\Nova pasta\\Bid-Go_Frontend\\src\\components\\Navbar\\Navbar.js","statementMap":{"0":{"start":{"line":16,"column":28},"end":{"line":16,"column":42}},"1":{"start":{"line":17,"column":36},"end":{"line":17,"column":51}},"2":{"start":{"line":18,"column":21},"end":{"line":18,"column":34}},"3":{"start":{"line":19,"column":42},"end":{"line":19,"column":53}},"4":{"start":{"line":20,"column":54},"end":{"line":20,"column":69}},"5":{"start":{"line":21,"column":58},"end":{"line":21,"column":70}},"6":{"start":{"line":22,"column":44},"end":{"line":22,"column":59}},"7":{"start":{"line":24,"column":4},"end":{"line":70,"column":11}},"8":{"start":{"line":25,"column":26},"end":{"line":67,"column":9}},"9":{"start":{"line":26,"column":12},"end":{"line":66,"column":13}},"10":{"start":{"line":27,"column":30},"end":{"line":27,"column":55}},"11":{"start":{"line":28,"column":31},"end":{"line":28,"column":55}},"12":{"start":{"line":30,"column":33},"end":{"line":32,"column":31}},"13":{"start":{"line":31,"column":20},"end":{"line":32,"column":31}},"14":{"start":{"line":31,"column":39},"end":{"line":31,"column":83}},"15":{"start":{"line":34,"column":31},"end":{"line":34,"column":49}},"16":{"start":{"line":35,"column":33},"end":{"line":35,"column":53}},"17":{"start":{"line":37,"column":16},"end":{"line":37,"column":36}},"18":{"start":{"line":37,"column":29},"end":{"line":37,"column":36}},"19":{"start":{"line":39,"column":39},"end":{"line":39,"column":68}},"20":{"start":{"line":40,"column":16},"end":{"line":40,"column":38}},"21":{"start":{"line":41,"column":37},"end":{"line":41,"column":79}},"22":{"start":{"line":43,"column":47},"end":{"line":46,"column":18}},"23":{"start":{"line":47,"column":32},"end":{"line":47,"column":47}},"24":{"start":{"line":48,"column":38},"end":{"line":48,"column":57}},"25":{"start":{"line":49,"column":31},"end":{"line":49,"column":76}},"26":{"start":{"line":49,"column":59},"end":{"line":49,"column":68}},"27":{"start":{"line":51,"column":16},"end":{"line":55,"column":18}},"28":{"start":{"line":53,"column":40},"end":{"line":53,"column":85}},"29":{"start":{"line":56,"column":16},"end":{"line":56,"column":39}},"30":{"start":{"line":57,"column":16},"end":{"line":57,"column":39}},"31":{"start":{"line":59,"column":16},"end":{"line":63,"column":19}},"32":{"start":{"line":65,"column":16},"end":{"line":65,"column":59}},"33":{"start":{"line":69,"column":8},"end":{"line":69,"column":20}},"34":{"start":{"line":72,"column":26},"end":{"line":95,"column":5}},"35":{"start":{"line":73,"column":8},"end":{"line":94,"column":9}},"36":{"start":{"line":74,"column":12},"end":{"line":74,"column":60}},"37":{"start":{"line":75,"column":26},"end":{"line":75,"column":51}},"38":{"start":{"line":76,"column":27},"end":{"line":76,"column":51}},"39":{"start":{"line":77,"column":29},"end":{"line":78,"column":87}},"40":{"start":{"line":78,"column":16},"end":{"line":78,"column":87}},"41":{"start":{"line":78,"column":35},"end":{"line":78,"column":79}},"42":{"start":{"line":79,"column":27},"end":{"line":79,"column":45}},"43":{"start":{"line":80,"column":12},"end":{"line":80,"column":32}},"44":{"start":{"line":80,"column":25},"end":{"line":80,"column":32}},"45":{"start":{"line":81,"column":12},"end":{"line":81,"column":34}},"46":{"start":{"line":82,"column":29},"end":{"line":82,"column":77}},"47":{"start":{"line":83,"column":34},"end":{"line":83,"column":53}},"48":{"start":{"line":84,"column":12},"end":{"line":88,"column":14}},"49":{"start":{"line":86,"column":36},"end":{"line":86,"column":81}},"50":{"start":{"line":89,"column":12},"end":{"line":89,"column":30}},"51":{"start":{"line":91,"column":12},"end":{"line":91,"column":58}},"52":{"start":{"line":93,"column":12},"end":{"line":93,"column":35}},"53":{"start":{"line":97,"column":24},"end":{"line":112,"column":5}},"54":{"start":{"line":98,"column":8},"end":{"line":111,"column":9}},"55":{"start":{"line":100,"column":16},"end":{"line":100,"column":41}},"56":{"start":{"line":102,"column":16},"end":{"line":102,"column":41}},"57":{"start":{"line":104,"column":16},"end":{"line":104,"column":33}},"58":{"start":{"line":106,"column":16},"end":{"line":106,"column":41}},"59":{"start":{"line":108,"column":16},"end":{"line":108,"column":43}},"60":{"start":{"line":110,"column":16},"end":{"line":110,"column":41}},"61":{"start":{"line":114,"column":25},"end":{"line":118,"column":5}},"62":{"start":{"line":115,"column":8},"end":{"line":115,"column":41}},"63":{"start":{"line":116,"column":8},"end":{"line":116,"column":43}},"64":{"start":{"line":117,"column":8},"end":{"line":117,"column":27}},"65":{"start":{"line":120,"column":4},"end":{"line":263,"column":6}},"66":{"start":{"line":122,"column":49},"end":{"line":122,"column":62}},"67":{"start":{"line":136,"column":29},"end":{"line":136,"column":69}},"68":{"start":{"line":176,"column":40},"end":{"line":197,"column":46}},"69":{"start":{"line":180,"column":48},"end":{"line":180,"column":75}},"70":{"start":{"line":181,"column":48},"end":{"line":181,"column":76}},"71":{"start":{"line":205,"column":36},"end":{"line":205,"column":63}},"72":{"start":{"line":206,"column":36},"end":{"line":206,"column":64}},"73":{"start":{"line":226,"column":61},"end":{"line":226,"column":83}},"74":{"start":{"line":240,"column":55},"end":{"line":240,"column":75}},"75":{"start":{"line":241,"column":55},"end":{"line":241,"column":75}},"76":{"start":{"line":242,"column":55},"end":{"line":242,"column":81}},"77":{"start":{"line":246,"column":59},"end":{"line":246,"column":78}},"78":{"start":{"line":252,"column":59},"end":{"line":252,"column":84}}},"fnMap":{"0":{"name":"Navbar","decl":{"start":{"line":15,"column":24},"end":{"line":15,"column":30}},"loc":{"start":{"line":15,"column":33},"end":{"line":264,"column":1}},"line":15},"1":{"name":"(anonymous_1)","decl":{"start":{"line":24,"column":14},"end":{"line":24,"column":15}},"loc":{"start":{"line":24,"column":20},"end":{"line":70,"column":5}},"line":24},"2":{"name":"(anonymous_2)","decl":{"start":{"line":25,"column":26},"end":{"line":25,"column":27}},"loc":{"start":{"line":25,"column":38},"end":{"line":67,"column":9}},"line":25},"3":{"name":"(anonymous_3)","decl":{"start":{"line":30,"column":33},"end":{"line":30,"column":34}},"loc":{"start":{"line":31,"column":20},"end":{"line":32,"column":31}},"line":31},"4":{"name":"(anonymous_4)","decl":{"start":{"line":31,"column":32},"end":{"line":31,"column":33}},"loc":{"start":{"line":31,"column":39},"end":{"line":31,"column":83}},"line":31},"5":{"name":"(anonymous_5)","decl":{"start":{"line":49,"column":52},"end":{"line":49,"column":53}},"loc":{"start":{"line":49,"column":59},"end":{"line":49,"column":68}},"line":49},"6":{"name":"(anonymous_6)","decl":{"start":{"line":53,"column":30},"end":{"line":53,"column":31}},"loc":{"start":{"line":53,"column":40},"end":{"line":53,"column":85}},"line":53},"7":{"name":"(anonymous_7)","decl":{"start":{"line":72,"column":26},"end":{"line":72,"column":27}},"loc":{"start":{"line":72,"column":38},"end":{"line":95,"column":5}},"line":72},"8":{"name":"(anonymous_8)","decl":{"start":{"line":77,"column":29},"end":{"line":77,"column":30}},"loc":{"start":{"line":78,"column":16},"end":{"line":78,"column":87}},"line":78},"9":{"name":"(anonymous_9)","decl":{"start":{"line":78,"column":28},"end":{"line":78,"column":29}},"loc":{"start":{"line":78,"column":35},"end":{"line":78,"column":79}},"line":78},"10":{"name":"(anonymous_10)","decl":{"start":{"line":86,"column":26},"end":{"line":86,"column":27}},"loc":{"start":{"line":86,"column":36},"end":{"line":86,"column":81}},"line":86},"11":{"name":"(anonymous_11)","decl":{"start":{"line":97,"column":24},"end":{"line":97,"column":25}},"loc":{"start":{"line":97,"column":34},"end":{"line":112,"column":5}},"line":97},"12":{"name":"(anonymous_12)","decl":{"start":{"line":114,"column":25},"end":{"line":114,"column":26}},"loc":{"start":{"line":114,"column":31},"end":{"line":118,"column":5}},"line":114},"13":{"name":"(anonymous_13)","decl":{"start":{"line":122,"column":43},"end":{"line":122,"column":44}},"loc":{"start":{"line":122,"column":49},"end":{"line":122,"column":62}},"line":122},"14":{"name":"(anonymous_14)","decl":{"start":{"line":136,"column":23},"end":{"line":136,"column":24}},"loc":{"start":{"line":136,"column":29},"end":{"line":136,"column":69}},"line":136},"15":{"name":"(anonymous_15)","decl":{"start":{"line":175,"column":61},"end":{"line":175,"column":62}},"loc":{"start":{"line":176,"column":40},"end":{"line":197,"column":46}},"line":176},"16":{"name":"(anonymous_16)","decl":{"start":{"line":179,"column":53},"end":{"line":179,"column":54}},"loc":{"start":{"line":179,"column":59},"end":{"line":182,"column":45}},"line":179},"17":{"name":"(anonymous_17)","decl":{"start":{"line":204,"column":41},"end":{"line":204,"column":42}},"loc":{"start":{"line":204,"column":47},"end":{"line":207,"column":33}},"line":204},"18":{"name":"(anonymous_18)","decl":{"start":{"line":226,"column":55},"end":{"line":226,"column":56}},"loc":{"start":{"line":226,"column":61},"end":{"line":226,"column":83}},"line":226},"19":{"name":"(anonymous_19)","decl":{"start":{"line":240,"column":49},"end":{"line":240,"column":50}},"loc":{"start":{"line":240,"column":55},"end":{"line":240,"column":75}},"line":240},"20":{"name":"(anonymous_20)","decl":{"start":{"line":241,"column":49},"end":{"line":241,"column":50}},"loc":{"start":{"line":241,"column":55},"end":{"line":241,"column":75}},"line":241},"21":{"name":"(anonymous_21)","decl":{"start":{"line":242,"column":49},"end":{"line":242,"column":50}},"loc":{"start":{"line":242,"column":55},"end":{"line":242,"column":81}},"line":242},"22":{"name":"(anonymous_22)","decl":{"start":{"line":246,"column":53},"end":{"line":246,"column":54}},"loc":{"start":{"line":246,"column":59},"end":{"line":246,"column":78}},"line":246},"23":{"name":"(anonymous_23)","decl":{"start":{"line":252,"column":53},"end":{"line":252,"column":54}},"loc":{"start":{"line":252,"column":59},"end":{"line":252,"column":84}},"line":252}},"branchMap":{"0":{"loc":{"start":{"line":28,"column":31},"end":{"line":28,"column":55}},"type":"binary-expr","locations":[{"start":{"line":28,"column":31},"end":{"line":28,"column":49}},{"start":{"line":28,"column":53},"end":{"line":28,"column":55}}],"line":28},"1":{"loc":{"start":{"line":37,"column":16},"end":{"line":37,"column":36}},"type":"if","locations":[{"start":{"line":37,"column":16},"end":{"line":37,"column":36}},{"start":{},"end":{}}],"line":37},"2":{"loc":{"start":{"line":48,"column":38},"end":{"line":48,"column":57}},"type":"binary-expr","locations":[{"start":{"line":48,"column":38},"end":{"line":48,"column":51}},{"start":{"line":48,"column":55},"end":{"line":48,"column":57}}],"line":48},"3":{"loc":{"start":{"line":60,"column":26},"end":{"line":60,"column":48}},"type":"binary-expr","locations":[{"start":{"line":60,"column":26},"end":{"line":60,"column":38}},{"start":{"line":60,"column":42},"end":{"line":60,"column":48}}],"line":60},"4":{"loc":{"start":{"line":61,"column":26},"end":{"line":61,"column":47}},"type":"binary-expr","locations":[{"start":{"line":61,"column":26},"end":{"line":61,"column":34}},{"start":{"line":61,"column":38},"end":{"line":61,"column":47}}],"line":61},"5":{"loc":{"start":{"line":62,"column":28},"end":{"line":62,"column":80}},"type":"binary-expr","locations":[{"start":{"line":62,"column":28},"end":{"line":62,"column":48}},{"start":{"line":62,"column":52},"end":{"line":62,"column":80}}],"line":62},"6":{"loc":{"start":{"line":76,"column":27},"end":{"line":76,"column":51}},"type":"binary-expr","locations":[{"start":{"line":76,"column":27},"end":{"line":76,"column":45}},{"start":{"line":76,"column":49},"end":{"line":76,"column":51}}],"line":76},"7":{"loc":{"start":{"line":80,"column":12},"end":{"line":80,"column":32}},"type":"if","locations":[{"start":{"line":80,"column":12},"end":{"line":80,"column":32}},{"start":{},"end":{}}],"line":80},"8":{"loc":{"start":{"line":83,"column":34},"end":{"line":83,"column":53}},"type":"binary-expr","locations":[{"start":{"line":83,"column":34},"end":{"line":83,"column":47}},{"start":{"line":83,"column":51},"end":{"line":83,"column":53}}],"line":83},"9":{"loc":{"start":{"line":98,"column":8},"end":{"line":111,"column":9}},"type":"switch","locations":[{"start":{"line":99,"column":12},"end":{"line":100,"column":41}},{"start":{"line":101,"column":12},"end":{"line":102,"column":41}},{"start":{"line":103,"column":12},"end":{"line":104,"column":33}},{"start":{"line":105,"column":12},"end":{"line":106,"column":41}},{"start":{"line":107,"column":12},"end":{"line":108,"column":43}},{"start":{"line":109,"column":12},"end":{"line":110,"column":41}}],"line":98},"10":{"loc":{"start":{"line":140,"column":15},"end":{"line":147,"column":15}},"type":"binary-expr","locations":[{"start":{"line":140,"column":15},"end":{"line":140,"column":30}},{"start":{"line":141,"column":18},"end":{"line":146,"column":21}}],"line":140},"11":{"loc":{"start":{"line":150,"column":21},"end":{"line":212,"column":21}},"type":"binary-expr","locations":[{"start":{"line":150,"column":21},"end":{"line":150,"column":38}},{"start":{"line":151,"column":24},"end":{"line":211,"column":30}}],"line":150},"12":{"loc":{"start":{"line":158,"column":33},"end":{"line":165,"column":33}},"type":"binary-expr","locations":[{"start":{"line":158,"column":33},"end":{"line":158,"column":63}},{"start":{"line":158,"column":67},"end":{"line":158,"column":82}},{"start":{"line":159,"column":36},"end":{"line":164,"column":45}}],"line":158},"13":{"loc":{"start":{"line":168,"column":29},"end":{"line":168,"column":86}},"type":"binary-expr","locations":[{"start":{"line":168,"column":29},"end":{"line":168,"column":41}},{"start":{"line":168,"column":45},"end":{"line":168,"column":86}}],"line":168},"14":{"loc":{"start":{"line":169,"column":29},"end":{"line":171,"column":29}},"type":"binary-expr","locations":[{"start":{"line":169,"column":29},"end":{"line":169,"column":42}},{"start":{"line":169,"column":46},"end":{"line":169,"column":78}},{"start":{"line":170,"column":32},"end":{"line":170,"column":79}}],"line":169},"15":{"loc":{"start":{"line":173,"column":29},"end":{"line":200,"column":29}},"type":"binary-expr","locations":[{"start":{"line":173,"column":29},"end":{"line":173,"column":42}},{"start":{"line":173,"column":46},"end":{"line":173,"column":76}},{"start":{"line":174,"column":32},"end":{"line":199,"column":38}}],"line":173},"16":{"loc":{"start":{"line":178,"column":69},"end":{"line":178,"column":93}},"type":"cond-expr","locations":[{"start":{"line":178,"column":80},"end":{"line":178,"column":82}},{"start":{"line":178,"column":85},"end":{"line":178,"column":93}}],"line":178},"17":{"loc":{"start":{"line":215,"column":17},"end":{"line":223,"column":17}},"type":"binary-expr","locations":[{"start":{"line":215,"column":17},"end":{"line":215,"column":22}},{"start":{"line":216,"column":20},"end":{"line":222,"column":26}}],"line":215},"18":{"loc":{"start":{"line":225,"column":17},"end":{"line":260,"column":17}},"type":"binary-expr","locations":[{"start":{"line":225,"column":17},"end":{"line":225,"column":21}},{"start":{"line":226,"column":20},"end":{"line":259,"column":26}}],"line":225},"19":{"loc":{"start":{"line":228,"column":33},"end":{"line":228,"column":59}},"type":"binary-expr","locations":[{"start":{"line":228,"column":33},"end":{"line":228,"column":44}},{"start":{"line":228,"column":48},"end":{"line":228,"column":59}}],"line":228},"20":{"loc":{"start":{"line":238,"column":25},"end":{"line":258,"column":25}},"type":"binary-expr","locations":[{"start":{"line":238,"column":25},"end":{"line":238,"column":33}},{"start":{"line":239,"column":28},"end":{"line":257,"column":34}}],"line":238},"21":{"loc":{"start":{"line":245,"column":33},"end":{"line":249,"column":33}},"type":"binary-expr","locations":[{"start":{"line":245,"column":33},"end":{"line":245,"column":43}},{"start":{"line":245,"column":47},"end":{"line":245,"column":89}},{"start":{"line":246,"column":36},"end":{"line":248,"column":45}}],"line":245},"22":{"loc":{"start":{"line":251,"column":33},"end":{"line":255,"column":33}},"type":"binary-expr","locations":[{"start":{"line":251,"column":33},"end":{"line":251,"column":43}},{"start":{"line":251,"column":47},"end":{"line":251,"column":90}},{"start":{"line":252,"column":36},"end":{"line":254,"column":45}}],"line":251}},"s":{"0":4,"1":4,"2":4,"3":4,"4":4,"5":4,"6":4,"7":4,"8":2,"9":2,"10":2,"11":2,"12":2,"13":4,"14":6,"15":2,"16":2,"17":2,"18":0,"19":2,"20":2,"21":2,"22":2,"23":0,"24":0,"25":0,"26":0,"27":0,"28":0,"29":0,"30":0,"31":0,"32":0,"33":2,"34":4,"35":0,"36":0,"37":0,"38":0,"39":0,"40":0,"41":0,"42":0,"43":0,"44":0,"45":0,"46":0,"47":0,"48":0,"49":0,"50":0,"51":0,"52":0,"53":4,"54":0,"55":0,"56":0,"57":0,"58":0,"59":0,"60":0,"61":4,"62":0,"63":0,"64":0,"65":4,"66":0,"67":0,"68":0,"69":0,"70":0,"71":0,"72":0,"73":0,"74":0,"75":0,"76":0,"77":0,"78":0},"f":{"0":4,"1":2,"2":2,"3":4,"4":6,"5":0,"6":0,"7":0,"8":0,"9":0,"10":0,"11":0,"12":0,"13":0,"14":0,"15":0,"16":0,"17":0,"18":0,"19":0,"20":0,"21":0,"22":0,"23":0},"b":{"0":[2,0],"1":[0,2],"2":[0,0],"3":[0,0],"4":[0,0],"5":[0,0],"6":[0,0],"7":[0,0],"8":[0,0],"9":[0,0,0,0,0,0],"10":[4,0],"11":[4,0],"12":[0,0,0],"13":[0,0],"14":[0,0,0],"15":[0,0,0],"16":[0,0],"17":[4,4],"18":[4,0],"19":[0,0],"20":[0,0],"21":[0,0,0],"22":[0,0,0]},"_coverageSchema":"1a1c01bbd47fc00a2c39e90264f33305004495a9","hash":"17aa5a71fd1e994fb74c364c0e643cba0dc2faa6"},"C:\\Users\\migue\\Desktop\\Nova pasta\\Bid-Go_Frontend\\src\\components\\feedback\\ToastContext.js":{"path":"C:\\Users\\migue\\Desktop\\Nova pasta\\Bid-Go_Frontend\\src\\components\\feedback\\ToastContext.js","statementMap":{"0":{"start":{"line":4,"column":17},"end":{"line":4,"column":67}},"1":{"start":{"line":7,"column":30},"end":{"line":7,"column":42}},"2":{"start":{"line":9,"column":20},"end":{"line":18,"column":3}},"3":{"start":{"line":11,"column":17},"end":{"line":11,"column":43}},"4":{"start":{"line":12,"column":6},"end":{"line":12,"column":50}},"5":{"start":{"line":12,"column":23},"end":{"line":12,"column":48}},"6":{"start":{"line":13,"column":6},"end":{"line":15,"column":19}},"7":{"start":{"line":14,"column":8},"end":{"line":14,"column":55}},"8":{"start":{"line":14,"column":25},"end":{"line":14,"column":53}},"9":{"start":{"line":14,"column":41},"end":{"line":14,"column":52}},"10":{"start":{"line":20,"column":2},"end":{"line":31,"column":4}},"11":{"start":{"line":25,"column":10},"end":{"line":27,"column":16}},"12":{"start":{"line":35,"column":2},"end":{"line":35,"column":30}}},"fnMap":{"0":{"name":"(anonymous_0)","decl":{"start":{"line":4,"column":44},"end":{"line":4,"column":45}},"loc":{"start":{"line":4,"column":50},"end":{"line":4,"column":52}},"line":4},"1":{"name":"ToastProvider","decl":{"start":{"line":6,"column":16},"end":{"line":6,"column":29}},"loc":{"start":{"line":6,"column":61},"end":{"line":32,"column":1}},"line":6},"2":{"name":"(anonymous_2)","decl":{"start":{"line":10,"column":4},"end":{"line":10,"column":5}},"loc":{"start":{"line":10,"column":31},"end":{"line":16,"column":5}},"line":10},"3":{"name":"(anonymous_3)","decl":{"start":{"line":12,"column":16},"end":{"line":12,"column":17}},"loc":{"start":{"line":12,"column":23},"end":{"line":12,"column":48}},"line":12},"4":{"name":"(anonymous_4)","decl":{"start":{"line":13,"column":17},"end":{"line":13,"column":18}},"loc":{"start":{"line":13,"column":23},"end":{"line":15,"column":7}},"line":13},"5":{"name":"(anonymous_5)","decl":{"start":{"line":14,"column":18},"end":{"line":14,"column":19}},"loc":{"start":{"line":14,"column":25},"end":{"line":14,"column":53}},"line":14},"6":{"name":"(anonymous_6)","decl":{"start":{"line":14,"column":34},"end":{"line":14,"column":35}},"loc":{"start":{"line":14,"column":41},"end":{"line":14,"column":52}},"line":14},"7":{"name":"(anonymous_7)","decl":{"start":{"line":24,"column":20},"end":{"line":24,"column":21}},"loc":{"start":{"line":25,"column":10},"end":{"line":27,"column":16}},"line":25},"8":{"name":"useToast","decl":{"start":{"line":34,"column":16},"end":{"line":34,"column":24}},"loc":{"start":{"line":34,"column":27},"end":{"line":36,"column":1}},"line":34}},"branchMap":{"0":{"loc":{"start":{"line":6,"column":42},"end":{"line":6,"column":57}},"type":"default-arg","locations":[{"start":{"line":6,"column":53},"end":{"line":6,"column":57}}],"line":6},"1":{"loc":{"start":{"line":10,"column":10},"end":{"line":10,"column":26}},"type":"default-arg","locations":[{"start":{"line":10,"column":17},"end":{"line":10,"column":26}}],"line":10}},"s":{"0":1,"1":4,"2":4,"3":0,"4":0,"5":0,"6":0,"7":0,"8":0,"9":0,"10":4,"11":0,"12":0},"f":{"0":0,"1":4,"2":0,"3":0,"4":0,"5":0,"6":0,"7":0,"8":0},"b":{"0":[4],"1":[0]},"_coverageSchema":"1a1c01bbd47fc00a2c39e90264f33305004495a9","hash":"0ded81c95797c90a10aa3482e54ac51f34349bd2"},"C:\\Users\\migue\\Desktop\\Nova pasta\\Bid-Go_Frontend\\src\\App.js":{"path":"C:\\Users\\migue\\Desktop\\Nova pasta\\Bid-Go_Frontend\\src\\App.js","statementMap":{"0":{"start":{"line":7,"column":2},"end":{"line":16,"column":4}}},"fnMap":{"0":{"name":"App","decl":{"start":{"line":6,"column":9},"end":{"line":6,"column":12}},"loc":{"start":{"line":6,"column":15},"end":{"line":17,"column":1}},"line":6}},"branchMap":{},"s":{"0":2},"f":{"0":2},"b":{},"_coverageSchema":"1a1c01bbd47fc00a2c39e90264f33305004495a9","hash":"4f24a8b11a6913b097b3ee4e1b83539129ea1125"},"C:\\Users\\migue\\Desktop\\Nova pasta\\Bid-Go_Frontend\\src\\hooks\\useMe.js":{"path":"C:\\Users\\migue\\Desktop\\Nova pasta\\Bid-Go_Frontend\\src\\hooks\\useMe.js","statementMap":{"0":{"start":{"line":6,"column":14},"end":{"line":6,"column":16}},"1":{"start":{"line":7,"column":2},"end":{"line":7,"column":48}},"2":{"start":{"line":7,"column":26},"end":{"line":7,"column":48}},"3":{"start":{"line":8,"column":2},"end":{"line":18,"column":4}},"4":{"start":{"line":22,"column":23},"end":{"line":42,"column":3}},"5":{"start":{"line":23,"column":4},"end":{"line":41,"column":5}},"6":{"start":{"line":24,"column":20},"end":{"line":24,"column":39}},"7":{"start":{"line":25,"column":6},"end":{"line":25,"column":40}},"8":{"start":{"line":25,"column":28},"end":{"line":25,"column":40}},"9":{"start":{"line":26,"column":22},"end":{"line":26,"column":30}},"10":{"start":{"line":27,"column":18},"end":{"line":27,"column":63}},"11":{"start":{"line":28,"column":18},"end":{"line":28,"column":32}},"12":{"start":{"line":29,"column":21},"end":{"line":29,"column":58}},"13":{"start":{"line":30,"column":19},"end":{"line":37,"column":7}},"14":{"start":{"line":34,"column":12},"end":{"line":34,"column":73}},"15":{"start":{"line":38,"column":6},"end":{"line":38,"column":30}},"16":{"start":{"line":40,"column":6},"end":{"line":40,"column":18}},"17":{"start":{"line":45,"column":4},"end":{"line":48,"column":42}},"18":{"start":{"line":50,"column":20},"end":{"line":69,"column":6}},"19":{"start":{"line":51,"column":4},"end":{"line":51,"column":32}},"20":{"start":{"line":51,"column":20},"end":{"line":51,"column":32}},"21":{"start":{"line":52,"column":20},"end":{"line":52,"column":43}},"22":{"start":{"line":53,"column":4},"end":{"line":53,"column":30}},"23":{"start":{"line":53,"column":18},"end":{"line":53,"column":30}},"24":{"start":{"line":54,"column":4},"end":{"line":68,"column":6}},"25":{"start":{"line":71,"column":22},"end":{"line":71,"column":41}},"26":{"start":{"line":72,"column":32},"end":{"line":72,"column":66}},"27":{"start":{"line":73,"column":28},"end":{"line":73,"column":42}},"28":{"start":{"line":74,"column":2},"end":{"line":140,"column":9}},"29":{"start":{"line":75,"column":20},"end":{"line":75,"column":25}},"30":{"start":{"line":76,"column":23},"end":{"line":76,"column":44}},"31":{"start":{"line":79,"column":6},"end":{"line":79,"column":70}},"32":{"start":{"line":80,"column":21},"end":{"line":100,"column":5}},"33":{"start":{"line":81,"column":6},"end":{"line":99,"column":7}},"34":{"start":{"line":82,"column":22},"end":{"line":82,"column":41}},"35":{"start":{"line":83,"column":8},"end":{"line":83,"column":42}},"36":{"start":{"line":83,"column":30},"end":{"line":83,"column":42}},"37":{"start":{"line":84,"column":24},"end":{"line":84,"column":32}},"38":{"start":{"line":85,"column":20},"end":{"line":85,"column":65}},"39":{"start":{"line":86,"column":20},"end":{"line":86,"column":34}},"40":{"start":{"line":87,"column":23},"end":{"line":87,"column":60}},"41":{"start":{"line":88,"column":21},"end":{"line":95,"column":9}},"42":{"start":{"line":92,"column":14},"end":{"line":92,"column":75}},"43":{"start":{"line":96,"column":8},"end":{"line":96,"column":32}},"44":{"start":{"line":98,"column":8},"end":{"line":98,"column":20}},"45":{"start":{"line":102,"column":4},"end":{"line":123,"column":5}},"46":{"start":{"line":103,"column":22},"end":{"line":103,"column":37}},"47":{"start":{"line":104,"column":6},"end":{"line":122,"column":7}},"48":{"start":{"line":105,"column":22},"end":{"line":119,"column":9}},"49":{"start":{"line":120,"column":8},"end":{"line":120,"column":21}},"50":{"start":{"line":121,"column":8},"end":{"line":121,"column":26}},"51":{"start":{"line":125,"column":4},"end":{"line":134,"column":9}},"52":{"start":{"line":126,"column":6},"end":{"line":133,"column":7}},"53":{"start":{"line":127,"column":20},"end":{"line":127,"column":75}},"54":{"start":{"line":128,"column":8},"end":{"line":128,"column":75}},"55":{"start":{"line":128,"column":24},"end":{"line":128,"column":75}},"56":{"start":{"line":130,"column":8},"end":{"line":130,"column":58}},"57":{"start":{"line":130,"column":46},"end":{"line":130,"column":58}},"58":{"start":{"line":132,"column":8},"end":{"line":132,"column":42}},"59":{"start":{"line":132,"column":24},"end":{"line":132,"column":42}},"60":{"start":{"line":136,"column":4},"end":{"line":139,"column":6}},"61":{"start":{"line":137,"column":6},"end":{"line":137,"column":23}},"62":{"start":{"line":138,"column":6},"end":{"line":138,"column":25}},"63":{"start":{"line":142,"column":15},"end":{"line":142,"column":35}},"64":{"start":{"line":143,"column":17},"end":{"line":143,"column":35}},"65":{"start":{"line":144,"column":19},"end":{"line":144,"column":51}},"66":{"start":{"line":145,"column":20},"end":{"line":145,"column":53}},"67":{"start":{"line":147,"column":2},"end":{"line":147,"column":67}}},"fnMap":{"0":{"name":"claimsArrayToObject","decl":{"start":{"line":5,"column":9},"end":{"line":5,"column":28}},"loc":{"start":{"line":5,"column":42},"end":{"line":19,"column":1}},"line":5},"1":{"name":"useMe","decl":{"start":{"line":21,"column":16},"end":{"line":21,"column":21}},"loc":{"start":{"line":21,"column":24},"end":{"line":148,"column":1}},"line":21},"2":{"name":"(anonymous_2)","decl":{"start":{"line":22,"column":23},"end":{"line":22,"column":24}},"loc":{"start":{"line":22,"column":37},"end":{"line":42,"column":3}},"line":22},"3":{"name":"(anonymous_3)","decl":{"start":{"line":33,"column":15},"end":{"line":33,"column":16}},"loc":{"start":{"line":33,"column":28},"end":{"line":35,"column":11}},"line":33},"4":{"name":"(anonymous_4)","decl":{"start":{"line":50,"column":21},"end":{"line":50,"column":22}},"loc":{"start":{"line":50,"column":27},"end":{"line":69,"column":3}},"line":50},"5":{"name":"(anonymous_5)","decl":{"start":{"line":74,"column":12},"end":{"line":74,"column":13}},"loc":{"start":{"line":74,"column":18},"end":{"line":140,"column":3}},"line":74},"6":{"name":"(anonymous_6)","decl":{"start":{"line":80,"column":21},"end":{"line":80,"column":22}},"loc":{"start":{"line":80,"column":35},"end":{"line":100,"column":5}},"line":80},"7":{"name":"(anonymous_7)","decl":{"start":{"line":91,"column":17},"end":{"line":91,"column":18}},"loc":{"start":{"line":91,"column":30},"end":{"line":93,"column":13}},"line":91},"8":{"name":"(anonymous_8)","decl":{"start":{"line":125,"column":5},"end":{"line":125,"column":6}},"loc":{"start":{"line":125,"column":17},"end":{"line":134,"column":5}},"line":125},"9":{"name":"(anonymous_9)","decl":{"start":{"line":136,"column":11},"end":{"line":136,"column":12}},"loc":{"start":{"line":136,"column":17},"end":{"line":139,"column":5}},"line":136}},"branchMap":{"0":{"loc":{"start":{"line":5,"column":29},"end":{"line":5,"column":40}},"type":"default-arg","locations":[{"start":{"line":5,"column":38},"end":{"line":5,"column":40}}],"line":5},"1":{"loc":{"start":{"line":10,"column":6},"end":{"line":12,"column":15}},"type":"binary-expr","locations":[{"start":{"line":10,"column":6},"end":{"line":12,"column":7}},{"start":{"line":12,"column":11},"end":{"line":12,"column":15}}],"line":10},"2":{"loc":{"start":{"line":13,"column":12},"end":{"line":13,"column":56}},"type":"cond-expr","locations":[{"start":{"line":13,"column":28},"end":{"line":13,"column":49}},{"start":{"line":13,"column":52},"end":{"line":13,"column":56}}],"line":13},"3":{"loc":{"start":{"line":14,"column":14},"end":{"line":14,"column":37}},"type":"binary-expr","locations":[{"start":{"line":14,"column":14},"end":{"line":14,"column":29}},{"start":{"line":14,"column":33},"end":{"line":14,"column":37}}],"line":14},"4":{"loc":{"start":{"line":15,"column":9},"end":{"line":15,"column":47}},"type":"cond-expr","locations":[{"start":{"line":15,"column":22},"end":{"line":15,"column":40}},{"start":{"line":15,"column":43},"end":{"line":15,"column":47}}],"line":15},"5":{"loc":{"start":{"line":16,"column":9},"end":{"line":16,"column":27}},"type":"binary-expr","locations":[{"start":{"line":16,"column":9},"end":{"line":16,"column":19}},{"start":{"line":16,"column":23},"end":{"line":16,"column":27}}],"line":16},"6":{"loc":{"start":{"line":17,"column":9},"end":{"line":17,"column":27}},"type":"binary-expr","locations":[{"start":{"line":17,"column":9},"end":{"line":17,"column":19}},{"start":{"line":17,"column":23},"end":{"line":17,"column":27}}],"line":17},"7":{"loc":{"start":{"line":25,"column":6},"end":{"line":25,"column":40}},"type":"if","locations":[{"start":{"line":25,"column":6},"end":{"line":25,"column":40}},{"start":{},"end":{}}],"line":25},"8":{"loc":{"start":{"line":29,"column":21},"end":{"line":29,"column":58}},"type":"cond-expr","locations":[{"start":{"line":29,"column":27},"end":{"line":29,"column":52}},{"start":{"line":29,"column":55},"end":{"line":29,"column":58}}],"line":29},"9":{"loc":{"start":{"line":45,"column":4},"end":{"line":48,"column":42}},"type":"binary-expr","locations":[{"start":{"line":45,"column":4},"end":{"line":45,"column":33}},{"start":{"line":46,"column":4},"end":{"line":46,"column":40}},{"start":{"line":47,"column":4},"end":{"line":47,"column":35}},{"start":{"line":48,"column":4},"end":{"line":48,"column":42}}],"line":45},"10":{"loc":{"start":{"line":51,"column":4},"end":{"line":51,"column":32}},"type":"if","locations":[{"start":{"line":51,"column":4},"end":{"line":51,"column":32}},{"start":{},"end":{}}],"line":51},"11":{"loc":{"start":{"line":53,"column":4},"end":{"line":53,"column":30}},"type":"if","locations":[{"start":{"line":53,"column":4},"end":{"line":53,"column":30}},{"start":{},"end":{}}],"line":53},"12":{"loc":{"start":{"line":56,"column":8},"end":{"line":58,"column":17}},"type":"binary-expr","locations":[{"start":{"line":56,"column":8},"end":{"line":58,"column":9}},{"start":{"line":58,"column":13},"end":{"line":58,"column":17}}],"line":56},"13":{"loc":{"start":{"line":59,"column":14},"end":{"line":63,"column":14}},"type":"cond-expr","locations":[{"start":{"line":60,"column":10},"end":{"line":60,"column":32}},{"start":{"line":61,"column":10},"end":{"line":63,"column":14}}],"line":59},"14":{"loc":{"start":{"line":61,"column":10},"end":{"line":63,"column":14}},"type":"cond-expr","locations":[{"start":{"line":62,"column":10},"end":{"line":62,"column":29}},{"start":{"line":63,"column":10},"end":{"line":63,"column":14}}],"line":61},"15":{"loc":{"start":{"line":64,"column":16},"end":{"line":64,"column":56}},"type":"binary-expr","locations":[{"start":{"line":64,"column":16},"end":{"line":64,"column":32}},{"start":{"line":64,"column":36},"end":{"line":64,"column":48}},{"start":{"line":64,"column":52},"end":{"line":64,"column":56}}],"line":64},"16":{"loc":{"start":{"line":65,"column":11},"end":{"line":65,"column":51}},"type":"cond-expr","locations":[{"start":{"line":65,"column":25},"end":{"line":65,"column":44}},{"start":{"line":65,"column":47},"end":{"line":65,"column":51}}],"line":65},"17":{"loc":{"start":{"line":66,"column":11},"end":{"line":66,"column":30}},"type":"binary-expr","locations":[{"start":{"line":66,"column":11},"end":{"line":66,"column":22}},{"start":{"line":66,"column":26},"end":{"line":66,"column":30}}],"line":66},"18":{"loc":{"start":{"line":67,"column":11},"end":{"line":67,"column":30}},"type":"binary-expr","locations":[{"start":{"line":67,"column":11},"end":{"line":67,"column":22}},{"start":{"line":67,"column":26},"end":{"line":67,"column":30}}],"line":67},"19":{"loc":{"start":{"line":72,"column":41},"end":{"line":72,"column":65}},"type":"cond-expr","locations":[{"start":{"line":72,"column":53},"end":{"line":72,"column":58}},{"start":{"line":72,"column":61},"end":{"line":72,"column":65}}],"line":72},"20":{"loc":{"start":{"line":79,"column":6},"end":{"line":79,"column":70}},"type":"binary-expr","locations":[{"start":{"line":79,"column":6},"end":{"line":79,"column":35}},{"start":{"line":79,"column":39},"end":{"line":79,"column":70}}],"line":79},"21":{"loc":{"start":{"line":83,"column":8},"end":{"line":83,"column":42}},"type":"if","locations":[{"start":{"line":83,"column":8},"end":{"line":83,"column":42}},{"start":{},"end":{}}],"line":83},"22":{"loc":{"start":{"line":87,"column":23},"end":{"line":87,"column":60}},"type":"cond-expr","locations":[{"start":{"line":87,"column":29},"end":{"line":87,"column":54}},{"start":{"line":87,"column":57},"end":{"line":87,"column":60}}],"line":87},"23":{"loc":{"start":{"line":102,"column":4},"end":{"line":123,"column":5}},"type":"if","locations":[{"start":{"line":102,"column":4},"end":{"line":123,"column":5}},{"start":{},"end":{}}],"line":102},"24":{"loc":{"start":{"line":104,"column":6},"end":{"line":122,"column":7}},"type":"if","locations":[{"start":{"line":104,"column":6},"end":{"line":122,"column":7}},{"start":{},"end":{}}],"line":104},"25":{"loc":{"start":{"line":107,"column":12},"end":{"line":109,"column":21}},"type":"binary-expr","locations":[{"start":{"line":107,"column":12},"end":{"line":109,"column":13}},{"start":{"line":109,"column":17},"end":{"line":109,"column":21}}],"line":107},"26":{"loc":{"start":{"line":110,"column":18},"end":{"line":114,"column":18}},"type":"cond-expr","locations":[{"start":{"line":111,"column":14},"end":{"line":111,"column":36}},{"start":{"line":112,"column":14},"end":{"line":114,"column":18}}],"line":110},"27":{"loc":{"start":{"line":112,"column":14},"end":{"line":114,"column":18}},"type":"cond-expr","locations":[{"start":{"line":113,"column":14},"end":{"line":113,"column":33}},{"start":{"line":114,"column":14},"end":{"line":114,"column":18}}],"line":112},"28":{"loc":{"start":{"line":115,"column":20},"end":{"line":115,"column":60}},"type":"binary-expr","locations":[{"start":{"line":115,"column":20},"end":{"line":115,"column":36}},{"start":{"line":115,"column":40},"end":{"line":115,"column":52}},{"start":{"line":115,"column":56},"end":{"line":115,"column":60}}],"line":115},"29":{"loc":{"start":{"line":116,"column":15},"end":{"line":116,"column":55}},"type":"cond-expr","locations":[{"start":{"line":116,"column":29},"end":{"line":116,"column":48}},{"start":{"line":116,"column":51},"end":{"line":116,"column":55}}],"line":116},"30":{"loc":{"start":{"line":117,"column":15},"end":{"line":117,"column":34}},"type":"binary-expr","locations":[{"start":{"line":117,"column":15},"end":{"line":117,"column":26}},{"start":{"line":117,"column":30},"end":{"line":117,"column":34}}],"line":117},"31":{"loc":{"start":{"line":118,"column":15},"end":{"line":118,"column":34}},"type":"binary-expr","locations":[{"start":{"line":118,"column":15},"end":{"line":118,"column":26}},{"start":{"line":118,"column":30},"end":{"line":118,"column":34}}],"line":118},"32":{"loc":{"start":{"line":128,"column":8},"end":{"line":128,"column":75}},"type":"if","locations":[{"start":{"line":128,"column":8},"end":{"line":128,"column":75}},{"start":{},"end":{}}],"line":128},"33":{"loc":{"start":{"line":128,"column":50},"end":{"line":128,"column":72}},"type":"binary-expr","locations":[{"start":{"line":128,"column":50},"end":{"line":128,"column":66}},{"start":{"line":128,"column":70},"end":{"line":128,"column":72}}],"line":128},"34":{"loc":{"start":{"line":130,"column":8},"end":{"line":130,"column":58}},"type":"if","locations":[{"start":{"line":130,"column":8},"end":{"line":130,"column":58}},{"start":{},"end":{}}],"line":130},"35":{"loc":{"start":{"line":130,"column":12},"end":{"line":130,"column":44}},"type":"binary-expr","locations":[{"start":{"line":130,"column":12},"end":{"line":130,"column":30}},{"start":{"line":130,"column":34},"end":{"line":130,"column":44}}],"line":130},"36":{"loc":{"start":{"line":132,"column":8},"end":{"line":132,"column":42}},"type":"if","locations":[{"start":{"line":132,"column":8},"end":{"line":132,"column":42}},{"start":{},"end":{}}],"line":132},"37":{"loc":{"start":{"line":142,"column":15},"end":{"line":142,"column":35}},"type":"binary-expr","locations":[{"start":{"line":142,"column":15},"end":{"line":142,"column":27}},{"start":{"line":142,"column":31},"end":{"line":142,"column":35}}],"line":142},"38":{"loc":{"start":{"line":143,"column":17},"end":{"line":143,"column":35}},"type":"binary-expr","locations":[{"start":{"line":143,"column":17},"end":{"line":143,"column":27}},{"start":{"line":143,"column":31},"end":{"line":143,"column":35}}],"line":143}},"s":{"0":1,"1":1,"2":2,"3":1,"4":6,"5":6,"6":6,"7":6,"8":0,"9":6,"10":6,"11":6,"12":6,"13":6,"14":312,"15":6,"16":0,"17":6,"18":6,"19":6,"20":0,"21":6,"22":6,"23":0,"24":6,"25":6,"26":6,"27":6,"28":6,"29":2,"30":2,"31":2,"32":2,"33":2,"34":2,"35":2,"36":0,"37":2,"38":2,"39":2,"40":2,"41":2,"42":104,"43":2,"44":0,"45":2,"46":2,"47":2,"48":2,"49":2,"50":2,"51":2,"52":2,"53":2,"54":1,"55":1,"56":1,"57":0,"58":2,"59":1,"60":2,"61":1,"62":1,"63":6,"64":6,"65":6,"66":6,"67":6},"f":{"0":1,"1":6,"2":6,"3":312,"4":6,"5":2,"6":2,"7":104,"8":2,"9":1},"b":{"0":[0],"1":[1,1],"2":[1,0],"3":[1,0],"4":[0,1],"5":[1,1],"6":[1,1],"7":[0,6],"8":[6,0],"9":[6,0,0,0],"10":[0,6],"11":[0,6],"12":[6,6],"13":[6,0],"14":[0,0],"15":[6,0,0],"16":[6,0],"17":[6,6],"18":[6,6],"19":[6,0],"20":[2,0],"21":[0,2],"22":[2,0],"23":[2,0],"24":[2,0],"25":[2,2],"26":[2,0],"27":[0,0],"28":[2,0,0],"29":[2,0],"30":[2,2],"31":[2,2],"32":[1,0],"33":[1,0],"34":[0,1],"35":[1,0],"36":[1,1],"37":[6,0],"38":[6,0]},"_coverageSchema":"1a1c01bbd47fc00a2c39e90264f33305004495a9","hash":"a7845bf92c34d58f2611fdd934b88b23b2e9a31e"},"C:\\Users\\migue\\Desktop\\Nova pasta\\Bid-Go_Frontend\\src\\components\\Countdown\\Countdown.js":{"path":"C:\\Users\\migue\\Desktop\\Nova pasta\\Bid-Go_Frontend\\src\\components\\Countdown\\Countdown.js","statementMap":{"0":{"start":{"line":5,"column":34},"end":{"line":5,"column":46}},"1":{"start":{"line":6,"column":30},"end":{"line":6,"column":41}},"2":{"start":{"line":8,"column":2},"end":{"line":38,"column":16}},"3":{"start":{"line":9,"column":4},"end":{"line":9,"column":25}},"4":{"start":{"line":9,"column":18},"end":{"line":9,"column":25}},"5":{"start":{"line":11,"column":28},"end":{"line":33,"column":5}},"6":{"start":{"line":12,"column":18},"end":{"line":12,"column":38}},"7":{"start":{"line":13,"column":18},"end":{"line":13,"column":45}},"8":{"start":{"line":14,"column":19},"end":{"line":14,"column":28}},"9":{"start":{"line":16,"column":6},"end":{"line":16,"column":22}},"10":{"start":{"line":18,"column":6},"end":{"line":21,"column":7}},"11":{"start":{"line":19,"column":8},"end":{"line":19,"column":37}},"12":{"start":{"line":20,"column":8},"end":{"line":20,"column":15}},"13":{"start":{"line":23,"column":27},"end":{"line":23,"column":57}},"14":{"start":{"line":24,"column":20},"end":{"line":24,"column":49}},"15":{"start":{"line":25,"column":22},"end":{"line":25,"column":39}},"16":{"start":{"line":27,"column":6},"end":{"line":32,"column":7}},"17":{"start":{"line":28,"column":21},"end":{"line":28,"column":43}},"18":{"start":{"line":29,"column":8},"end":{"line":29,"column":47}},"19":{"start":{"line":31,"column":8},"end":{"line":31,"column":45}},"20":{"start":{"line":35,"column":4},"end":{"line":35,"column":22}},"21":{"start":{"line":36,"column":18},"end":{"line":36,"column":53}},"22":{"start":{"line":37,"column":4},"end":{"line":37,"column":38}},"23":{"start":{"line":37,"column":17},"end":{"line":37,"column":37}},"24":{"start":{"line":40,"column":14},"end":{"line":40,"column":21}},"25":{"start":{"line":41,"column":2},"end":{"line":43,"column":58}},"26":{"start":{"line":41,"column":19},"end":{"line":41,"column":33}},"27":{"start":{"line":42,"column":7},"end":{"line":43,"column":58}},"28":{"start":{"line":42,"column":36},"end":{"line":42,"column":53}},"29":{"start":{"line":43,"column":7},"end":{"line":43,"column":58}},"30":{"start":{"line":43,"column":40},"end":{"line":43,"column":58}},"31":{"start":{"line":45,"column":2},"end":{"line":45,"column":68}}},"fnMap":{"0":{"name":"Countdown","decl":{"start":{"line":4,"column":24},"end":{"line":4,"column":33}},"loc":{"start":{"line":4,"column":47},"end":{"line":46,"column":1}},"line":4},"1":{"name":"(anonymous_1)","decl":{"start":{"line":8,"column":12},"end":{"line":8,"column":13}},"loc":{"start":{"line":8,"column":18},"end":{"line":38,"column":3}},"line":8},"2":{"name":"(anonymous_2)","decl":{"start":{"line":11,"column":28},"end":{"line":11,"column":29}},"loc":{"start":{"line":11,"column":34},"end":{"line":33,"column":5}},"line":11},"3":{"name":"(anonymous_3)","decl":{"start":{"line":37,"column":11},"end":{"line":37,"column":12}},"loc":{"start":{"line":37,"column":17},"end":{"line":37,"column":37}},"line":37}},"branchMap":{"0":{"loc":{"start":{"line":9,"column":4},"end":{"line":9,"column":25}},"type":"if","locations":[{"start":{"line":9,"column":4},"end":{"line":9,"column":25}},{"start":{},"end":{}}],"line":9},"1":{"loc":{"start":{"line":18,"column":6},"end":{"line":21,"column":7}},"type":"if","locations":[{"start":{"line":18,"column":6},"end":{"line":21,"column":7}},{"start":{},"end":{}}],"line":18},"2":{"loc":{"start":{"line":27,"column":6},"end":{"line":32,"column":7}},"type":"if","locations":[{"start":{"line":27,"column":6},"end":{"line":32,"column":7}},{"start":{"line":30,"column":13},"end":{"line":32,"column":7}}],"line":27},"3":{"loc":{"start":{"line":41,"column":2},"end":{"line":43,"column":58}},"type":"if","locations":[{"start":{"line":41,"column":2},"end":{"line":43,"column":58}},{"start":{"line":42,"column":7},"end":{"line":43,"column":58}}],"line":41},"4":{"loc":{"start":{"line":42,"column":7},"end":{"line":43,"column":58}},"type":"if","locations":[{"start":{"line":42,"column":7},"end":{"line":43,"column":58}},{"start":{"line":43,"column":7},"end":{"line":43,"column":58}}],"line":42},"5":{"loc":{"start":{"line":43,"column":7},"end":{"line":43,"column":58}},"type":"if","locations":[{"start":{"line":43,"column":7},"end":{"line":43,"column":58}},{"start":{},"end":{}}],"line":43}},"s":{"0":0,"1":0,"2":0,"3":0,"4":0,"5":0,"6":0,"7":0,"8":0,"9":0,"10":0,"11":0,"12":0,"13":0,"14":0,"15":0,"16":0,"17":0,"18":0,"19":0,"20":0,"21":0,"22":0,"23":0,"24":0,"25":0,"26":0,"27":0,"28":0,"29":0,"30":0,"31":0},"f":{"0":0,"1":0,"2":0,"3":0},"b":{"0":[0,0],"1":[0,0],"2":[0,0],"3":[0,0],"4":[0,0],"5":[0,0]},"_coverageSchema":"1a1c01bbd47fc00a2c39e90264f33305004495a9","hash":"a6d55b95300f30108c379c9c4fdcc8d60b802ef6"},"C:\\Users\\migue\\Desktop\\Nova pasta\\Bid-Go_Frontend\\src\\components\\domain\\TransportCard.js":{"path":"C:\\Users\\migue\\Desktop\\Nova pasta\\Bid-Go_Frontend\\src\\components\\domain\\TransportCard.js","statementMap":{"0":{"start":{"line":6,"column":4},"end":{"line":6,"column":27}},"1":{"start":{"line":6,"column":15},"end":{"line":6,"column":27}},"2":{"start":{"line":17,"column":8},"end":{"line":17,"column":12}},"3":{"start":{"line":19,"column":23},"end":{"line":43,"column":8}},"4":{"start":{"line":20,"column":8},"end":{"line":20,"column":40}},"5":{"start":{"line":20,"column":28},"end":{"line":20,"column":40}},"6":{"start":{"line":21,"column":8},"end":{"line":40,"column":9}},"7":{"start":{"line":22,"column":12},"end":{"line":39,"column":13}},"8":{"start":{"line":24,"column":20},"end":{"line":24,"column":36}},"9":{"start":{"line":26,"column":20},"end":{"line":26,"column":38}},"10":{"start":{"line":28,"column":20},"end":{"line":28,"column":39}},"11":{"start":{"line":30,"column":20},"end":{"line":30,"column":37}},"12":{"start":{"line":32,"column":20},"end":{"line":32,"column":39}},"13":{"start":{"line":34,"column":20},"end":{"line":34,"column":35}},"14":{"start":{"line":36,"column":20},"end":{"line":36,"column":43}},"15":{"start":{"line":38,"column":20},"end":{"line":38,"column":42}},"16":{"start":{"line":41,"column":8},"end":{"line":41,"column":79}},"17":{"start":{"line":41,"column":41},"end":{"line":41,"column":79}},"18":{"start":{"line":42,"column":8},"end":{"line":42,"column":30}},"19":{"start":{"line":45,"column":24},"end":{"line":45,"column":78}},"20":{"start":{"line":46,"column":20},"end":{"line":46,"column":68}},"21":{"start":{"line":48,"column":4},"end":{"line":87,"column":6}},"22":{"start":{"line":82,"column":59},"end":{"line":82,"column":71}}},"fnMap":{"0":{"name":"TransportCard","decl":{"start":{"line":5,"column":24},"end":{"line":5,"column":37}},"loc":{"start":{"line":5,"column":77},"end":{"line":88,"column":1}},"line":5},"1":{"name":"(anonymous_1)","decl":{"start":{"line":19,"column":24},"end":{"line":19,"column":25}},"loc":{"start":{"line":19,"column":30},"end":{"line":43,"column":5}},"line":19},"2":{"name":"(anonymous_2)","decl":{"start":{"line":82,"column":53},"end":{"line":82,"column":54}},"loc":{"start":{"line":82,"column":59},"end":{"line":82,"column":71}},"line":82}},"branchMap":{"0":{"loc":{"start":{"line":6,"column":4},"end":{"line":6,"column":27}},"type":"if","locations":[{"start":{"line":6,"column":4},"end":{"line":6,"column":27}},{"start":{},"end":{}}],"line":6},"1":{"loc":{"start":{"line":20,"column":8},"end":{"line":20,"column":40}},"type":"if","locations":[{"start":{"line":20,"column":8},"end":{"line":20,"column":40}},{"start":{},"end":{}}],"line":20},"2":{"loc":{"start":{"line":21,"column":8},"end":{"line":40,"column":9}},"type":"if","locations":[{"start":{"line":21,"column":8},"end":{"line":40,"column":9}},{"start":{},"end":{}}],"line":21},"3":{"loc":{"start":{"line":22,"column":12},"end":{"line":39,"column":13}},"type":"switch","locations":[{"start":{"line":23,"column":16},"end":{"line":24,"column":36}},{"start":{"line":25,"column":16},"end":{"line":26,"column":38}},{"start":{"line":27,"column":16},"end":{"line":28,"column":39}},{"start":{"line":29,"column":16},"end":{"line":30,"column":37}},{"start":{"line":31,"column":16},"end":{"line":32,"column":39}},{"start":{"line":33,"column":16},"end":{"line":34,"column":35}},{"start":{"line":35,"column":16},"end":{"line":36,"column":43}},{"start":{"line":37,"column":16},"end":{"line":38,"column":42}}],"line":22},"4":{"loc":{"start":{"line":41,"column":8},"end":{"line":41,"column":79}},"type":"if","locations":[{"start":{"line":41,"column":8},"end":{"line":41,"column":79}},{"start":{},"end":{}}],"line":41},"5":{"loc":{"start":{"line":41,"column":48},"end":{"line":41,"column":78}},"type":"cond-expr","locations":[{"start":{"line":41,"column":57},"end":{"line":41,"column":67}},{"start":{"line":41,"column":70},"end":{"line":41,"column":78}}],"line":41},"6":{"loc":{"start":{"line":45,"column":24},"end":{"line":45,"column":78}},"type":"cond-expr","locations":[{"start":{"line":45,"column":37},"end":{"line":45,"column":73}},{"start":{"line":45,"column":76},"end":{"line":45,"column":78}}],"line":45},"7":{"loc":{"start":{"line":46,"column":20},"end":{"line":46,"column":68}},"type":"cond-expr","locations":[{"start":{"line":46,"column":37},"end":{"line":46,"column":61}},{"start":{"line":46,"column":64},"end":{"line":46,"column":68}}],"line":46},"8":{"loc":{"start":{"line":56,"column":21},"end":{"line":58,"column":21}},"type":"binary-expr","locations":[{"start":{"line":56,"column":21},"end":{"line":56,"column":31}},{"start":{"line":57,"column":24},"end":{"line":57,"column":91}}],"line":56},"9":{"loc":{"start":{"line":68,"column":21},"end":{"line":74,"column":21}},"type":"cond-expr","locations":[{"start":{"line":69,"column":24},"end":{"line":71,"column":27}},{"start":{"line":73,"column":24},"end":{"line":73,"column":32}}],"line":68},"10":{"loc":{"start":{"line":68,"column":21},"end":{"line":68,"column":72}},"type":"binary-expr","locations":[{"start":{"line":68,"column":21},"end":{"line":68,"column":30}},{"start":{"line":68,"column":34},"end":{"line":68,"column":72}}],"line":68},"11":{"loc":{"start":{"line":70,"column":45},"end":{"line":70,"column":92}},"type":"cond-expr","locations":[{"start":{"line":70,"column":55},"end":{"line":70,"column":86}},{"start":{"line":70,"column":89},"end":{"line":70,"column":92}}],"line":70},"12":{"loc":{"start":{"line":75,"column":21},"end":{"line":80,"column":21}},"type":"binary-expr","locations":[{"start":{"line":75,"column":21},"end":{"line":75,"column":29}},{"start":{"line":76,"column":24},"end":{"line":79,"column":27}}],"line":75},"13":{"loc":{"start":{"line":78,"column":29},"end":{"line":78,"column":76}},"type":"cond-expr","locations":[{"start":{"line":78,"column":39},"end":{"line":78,"column":70}},{"start":{"line":78,"column":73},"end":{"line":78,"column":76}}],"line":78}},"s":{"0":0,"1":0,"2":0,"3":0,"4":0,"5":0,"6":0,"7":0,"8":0,"9":0,"10":0,"11":0,"12":0,"13":0,"14":0,"15":0,"16":0,"17":0,"18":0,"19":0,"20":0,"21":0,"22":0},"f":{"0":0,"1":0,"2":0},"b":{"0":[0,0],"1":[0,0],"2":[0,0],"3":[0,0,0,0,0,0,0,0],"4":[0,0],"5":[0,0],"6":[0,0],"7":[0,0],"8":[0,0],"9":[0,0],"10":[0,0],"11":[0,0],"12":[0,0],"13":[0,0]},"_coverageSchema":"1a1c01bbd47fc00a2c39e90264f33305004495a9","hash":"d9272e81fac243e2213fc77c3b880d526dff661b"},"C:\\Users\\migue\\Desktop\\Nova pasta\\Bid-Go_Frontend\\src\\components\\feedback\\StatusMessage.js":{"path":"C:\\Users\\migue\\Desktop\\Nova pasta\\Bid-Go_Frontend\\src\\components\\feedback\\StatusMessage.js","statementMap":{"0":{"start":{"line":10,"column":14},"end":{"line":10,"column":33}},"1":{"start":{"line":11,"column":18},"end":{"line":11,"column":34}},"2":{"start":{"line":12,"column":20},"end":{"line":12,"column":36}},"3":{"start":{"line":13,"column":18},"end":{"line":15,"column":14}},"4":{"start":{"line":16,"column":2},"end":{"line":16,"column":42}}},"fnMap":{"0":{"name":"StatusMessage","decl":{"start":{"line":4,"column":24},"end":{"line":4,"column":37}},"loc":{"start":{"line":9,"column":3},"end":{"line":17,"column":1}},"line":9}},"branchMap":{"0":{"loc":{"start":{"line":5,"column":2},"end":{"line":5,"column":15}},"type":"default-arg","locations":[{"start":{"line":5,"column":9},"end":{"line":5,"column":15}}],"line":5},"1":{"loc":{"start":{"line":8,"column":2},"end":{"line":8,"column":16}},"type":"default-arg","locations":[{"start":{"line":8,"column":14},"end":{"line":8,"column":16}}],"line":8},"2":{"loc":{"start":{"line":10,"column":14},"end":{"line":10,"column":33}},"type":"binary-expr","locations":[{"start":{"line":10,"column":14},"end":{"line":10,"column":22}},{"start":{"line":10,"column":26},"end":{"line":10,"column":33}}],"line":10},"3":{"loc":{"start":{"line":13,"column":30},"end":{"line":13,"column":52}},"type":"cond-expr","locations":[{"start":{"line":13,"column":40},"end":{"line":13,"column":47}},{"start":{"line":13,"column":50},"end":{"line":13,"column":52}}],"line":13}},"s":{"0":0,"1":0,"2":0,"3":0,"4":0},"f":{"0":0},"b":{"0":[0],"1":[0],"2":[0,0],"3":[0,0]},"_coverageSchema":"1a1c01bbd47fc00a2c39e90264f33305004495a9","hash":"deefc7f0b6b51a1de40cef6e289e7838ac6ef63e"},"C:\\Users\\migue\\Desktop\\Nova pasta\\Bid-Go_Frontend\\src\\components\\form\\FiltersPanel.js":{"path":"C:\\Users\\migue\\Desktop\\Nova pasta\\Bid-Go_Frontend\\src\\components\\form\\FiltersPanel.js","statementMap":{"0":{"start":{"line":5,"column":34},"end":{"line":5,"column":58}},"1":{"start":{"line":7,"column":25},"end":{"line":9,"column":5}},"2":{"start":{"line":8,"column":8},"end":{"line":8,"column":54}},"3":{"start":{"line":8,"column":27},"end":{"line":8,"column":51}},"4":{"start":{"line":11,"column":19},"end":{"line":14,"column":5}},"5":{"start":{"line":12,"column":8},"end":{"line":12,"column":27}},"6":{"start":{"line":13,"column":8},"end":{"line":13,"column":27}},"7":{"start":{"line":16,"column":18},"end":{"line":25,"column":5}},"8":{"start":{"line":17,"column":24},"end":{"line":22,"column":9}},"9":{"start":{"line":23,"column":8},"end":{"line":23,"column":28}},"10":{"start":{"line":24,"column":8},"end":{"line":24,"column":27}},"11":{"start":{"line":27,"column":4},"end":{"line":60,"column":6}},"12":{"start":{"line":34,"column":37},"end":{"line":34,"column":75}},"13":{"start":{"line":40,"column":37},"end":{"line":40,"column":80}},"14":{"start":{"line":44,"column":37},"end":{"line":44,"column":79}}},"fnMap":{"0":{"name":"FiltersPanel","decl":{"start":{"line":4,"column":24},"end":{"line":4,"column":36}},"loc":{"start":{"line":4,"column":75},"end":{"line":61,"column":1}},"line":4},"1":{"name":"(anonymous_1)","decl":{"start":{"line":7,"column":25},"end":{"line":7,"column":26}},"loc":{"start":{"line":7,"column":43},"end":{"line":9,"column":5}},"line":7},"2":{"name":"(anonymous_2)","decl":{"start":{"line":8,"column":19},"end":{"line":8,"column":20}},"loc":{"start":{"line":8,"column":27},"end":{"line":8,"column":51}},"line":8},"3":{"name":"(anonymous_3)","decl":{"start":{"line":11,"column":19},"end":{"line":11,"column":20}},"loc":{"start":{"line":11,"column":26},"end":{"line":14,"column":5}},"line":11},"4":{"name":"(anonymous_4)","decl":{"start":{"line":16,"column":18},"end":{"line":16,"column":19}},"loc":{"start":{"line":16,"column":24},"end":{"line":25,"column":5}},"line":16},"5":{"name":"(anonymous_5)","decl":{"start":{"line":34,"column":30},"end":{"line":34,"column":31}},"loc":{"start":{"line":34,"column":37},"end":{"line":34,"column":75}},"line":34},"6":{"name":"(anonymous_6)","decl":{"start":{"line":40,"column":30},"end":{"line":40,"column":31}},"loc":{"start":{"line":40,"column":37},"end":{"line":40,"column":80}},"line":40},"7":{"name":"(anonymous_7)","decl":{"start":{"line":44,"column":30},"end":{"line":44,"column":31}},"loc":{"start":{"line":44,"column":37},"end":{"line":44,"column":79}},"line":44}},"branchMap":{},"s":{"0":0,"1":0,"2":0,"3":0,"4":0,"5":0,"6":0,"7":0,"8":0,"9":0,"10":0,"11":0,"12":0,"13":0,"14":0},"f":{"0":0,"1":0,"2":0,"3":0,"4":0,"5":0,"6":0,"7":0},"b":{},"_coverageSchema":"1a1c01bbd47fc00a2c39e90264f33305004495a9","hash":"4961dad35d6a90d3127a01b10fd03185bfe8f97e"},"C:\\Users\\migue\\Desktop\\Nova pasta\\Bid-Go_Frontend\\src\\utils\\normalizers.js":{"path":"C:\\Users\\migue\\Desktop\\Nova pasta\\Bid-Go_Frontend\\src\\utils\\normalizers.js","statementMap":{"0":{"start":{"line":2,"column":14},"end":{"line":8,"column":8}},"1":{"start":{"line":9,"column":2},"end":{"line":21,"column":6}},"2":{"start":{"line":9,"column":25},"end":{"line":21,"column":3}},"3":{"start":{"line":25,"column":2},"end":{"line":25,"column":25}},"4":{"start":{"line":25,"column":14},"end":{"line":25,"column":25}},"5":{"start":{"line":26,"column":12},"end":{"line":26,"column":27}},"6":{"start":{"line":27,"column":2},"end":{"line":27,"column":27}},"7":{"start":{"line":27,"column":16},"end":{"line":27,"column":27}},"8":{"start":{"line":28,"column":2},"end":{"line":28,"column":63}},"9":{"start":{"line":32,"column":14},"end":{"line":38,"column":8}},"10":{"start":{"line":39,"column":2},"end":{"line":64,"column":5}},"11":{"start":{"line":40,"column":24},"end":{"line":40,"column":76}},"12":{"start":{"line":41,"column":16},"end":{"line":41,"column":65}},"13":{"start":{"line":42,"column":24},"end":{"line":42,"column":67}},"14":{"start":{"line":43,"column":18},"end":{"line":43,"column":69}},"15":{"start":{"line":44,"column":19},"end":{"line":44,"column":45}},"16":{"start":{"line":45,"column":19},"end":{"line":45,"column":61}},"17":{"start":{"line":47,"column":6},"end":{"line":52,"column":10}},"18":{"start":{"line":53,"column":4},"end":{"line":63,"column":6}},"19":{"start":{"line":68,"column":14},"end":{"line":74,"column":8}},"20":{"start":{"line":75,"column":2},"end":{"line":100,"column":5}},"21":{"start":{"line":77,"column":6},"end":{"line":77,"column":74}},"22":{"start":{"line":78,"column":16},"end":{"line":78,"column":65}},"23":{"start":{"line":80,"column":6},"end":{"line":80,"column":65}},"24":{"start":{"line":81,"column":24},"end":{"line":81,"column":67}},"25":{"start":{"line":82,"column":18},"end":{"line":82,"column":69}},"26":{"start":{"line":83,"column":19},"end":{"line":83,"column":45}},"27":{"start":{"line":85,"column":6},"end":{"line":90,"column":10}},"28":{"start":{"line":91,"column":4},"end":{"line":99,"column":6}}},"fnMap":{"0":{"name":"normalizeTransportList","decl":{"start":{"line":1,"column":16},"end":{"line":1,"column":38}},"loc":{"start":{"line":1,"column":45},"end":{"line":22,"column":1}},"line":1},"1":{"name":"(anonymous_1)","decl":{"start":{"line":9,"column":17},"end":{"line":9,"column":18}},"loc":{"start":{"line":9,"column":25},"end":{"line":21,"column":3}},"line":9},"2":{"name":"fmtDate","decl":{"start":{"line":24,"column":9},"end":{"line":24,"column":16}},"loc":{"start":{"line":24,"column":24},"end":{"line":29,"column":1}},"line":24},"3":{"name":"normalizeHistoryDriver","decl":{"start":{"line":31,"column":16},"end":{"line":31,"column":38}},"loc":{"start":{"line":31,"column":45},"end":{"line":65,"column":1}},"line":31},"4":{"name":"(anonymous_4)","decl":{"start":{"line":39,"column":17},"end":{"line":39,"column":18}},"loc":{"start":{"line":39,"column":24},"end":{"line":64,"column":3}},"line":39},"5":{"name":"normalizeHistoryCompany","decl":{"start":{"line":67,"column":16},"end":{"line":67,"column":39}},"loc":{"start":{"line":67,"column":46},"end":{"line":101,"column":1}},"line":67},"6":{"name":"(anonymous_6)","decl":{"start":{"line":75,"column":17},"end":{"line":75,"column":18}},"loc":{"start":{"line":75,"column":24},"end":{"line":100,"column":3}},"line":75}},"branchMap":{"0":{"loc":{"start":{"line":2,"column":14},"end":{"line":8,"column":8}},"type":"cond-expr","locations":[{"start":{"line":3,"column":6},"end":{"line":3,"column":10}},{"start":{"line":4,"column":6},"end":{"line":8,"column":8}}],"line":2},"1":{"loc":{"start":{"line":4,"column":6},"end":{"line":8,"column":8}},"type":"cond-expr","locations":[{"start":{"line":5,"column":6},"end":{"line":5,"column":16}},{"start":{"line":6,"column":6},"end":{"line":8,"column":8}}],"line":4},"2":{"loc":{"start":{"line":6,"column":6},"end":{"line":8,"column":8}},"type":"cond-expr","locations":[{"start":{"line":7,"column":6},"end":{"line":7,"column":18}},{"start":{"line":8,"column":6},"end":{"line":8,"column":8}}],"line":6},"3":{"loc":{"start":{"line":10,"column":8},"end":{"line":10,"column":53}},"type":"binary-expr","locations":[{"start":{"line":10,"column":8},"end":{"line":10,"column":12}},{"start":{"line":10,"column":16},"end":{"line":10,"column":36}},{"start":{"line":10,"column":40},"end":{"line":10,"column":53}}],"line":10},"4":{"loc":{"start":{"line":11,"column":11},"end":{"line":11,"column":59}},"type":"binary-expr","locations":[{"start":{"line":11,"column":11},"end":{"line":11,"column":18}},{"start":{"line":11,"column":22},"end":{"line":11,"column":59}}],"line":11},"5":{"loc":{"start":{"line":12,"column":13},"end":{"line":12,"column":45}},"type":"binary-expr","locations":[{"start":{"line":12,"column":13},"end":{"line":12,"column":22}},{"start":{"line":12,"column":26},"end":{"line":12,"column":33}},{"start":{"line":12,"column":37},"end":{"line":12,"column":45}}],"line":12},"6":{"loc":{"start":{"line":13,"column":11},"end":{"line":13,"column":24}},"type":"binary-expr","locations":[{"start":{"line":13,"column":11},"end":{"line":13,"column":18}},{"start":{"line":13,"column":22},"end":{"line":13,"column":24}}],"line":13},"7":{"loc":{"start":{"line":14,"column":12},"end":{"line":14,"column":37}},"type":"binary-expr","locations":[{"start":{"line":14,"column":12},"end":{"line":14,"column":20}},{"start":{"line":14,"column":24},"end":{"line":14,"column":30}},{"start":{"line":14,"column":34},"end":{"line":14,"column":37}}],"line":14},"8":{"loc":{"start":{"line":15,"column":17},"end":{"line":15,"column":45}},"type":"binary-expr","locations":[{"start":{"line":15,"column":17},"end":{"line":15,"column":30}},{"start":{"line":15,"column":34},"end":{"line":15,"column":38}},{"start":{"line":15,"column":42},"end":{"line":15,"column":45}}],"line":15},"9":{"loc":{"start":{"line":16,"column":14},"end":{"line":16,"column":46}},"type":"binary-expr","locations":[{"start":{"line":16,"column":14},"end":{"line":16,"column":24}},{"start":{"line":16,"column":28},"end":{"line":16,"column":39}},{"start":{"line":16,"column":43},"end":{"line":16,"column":46}}],"line":16},"10":{"loc":{"start":{"line":17,"column":19},"end":{"line":17,"column":40}},"type":"binary-expr","locations":[{"start":{"line":17,"column":19},"end":{"line":17,"column":34}},{"start":{"line":17,"column":38},"end":{"line":17,"column":40}}],"line":17},"11":{"loc":{"start":{"line":19,"column":6},"end":{"line":19,"column":68}},"type":"binary-expr","locations":[{"start":{"line":19,"column":6},"end":{"line":19,"column":22}},{"start":{"line":19,"column":26},"end":{"line":19,"column":38}},{"start":{"line":19,"column":42},"end":{"line":19,"column":60}},{"start":{"line":19,"column":64},"end":{"line":19,"column":68}}],"line":19},"12":{"loc":{"start":{"line":20,"column":12},"end":{"line":20,"column":28}},"type":"binary-expr","locations":[{"start":{"line":20,"column":12},"end":{"line":20,"column":20}},{"start":{"line":20,"column":24},"end":{"line":20,"column":28}}],"line":20},"13":{"loc":{"start":{"line":25,"column":2},"end":{"line":25,"column":25}},"type":"if","locations":[{"start":{"line":25,"column":2},"end":{"line":25,"column":25}},{"start":{},"end":{}}],"line":25},"14":{"loc":{"start":{"line":27,"column":2},"end":{"line":27,"column":27}},"type":"if","locations":[{"start":{"line":27,"column":2},"end":{"line":27,"column":27}},{"start":{},"end":{}}],"line":27},"15":{"loc":{"start":{"line":32,"column":14},"end":{"line":38,"column":8}},"type":"cond-expr","locations":[{"start":{"line":33,"column":6},"end":{"line":33,"column":10}},{"start":{"line":34,"column":6},"end":{"line":38,"column":8}}],"line":32},"16":{"loc":{"start":{"line":34,"column":6},"end":{"line":38,"column":8}},"type":"cond-expr","locations":[{"start":{"line":35,"column":6},"end":{"line":35,"column":16}},{"start":{"line":36,"column":6},"end":{"line":38,"column":8}}],"line":34},"17":{"loc":{"start":{"line":36,"column":6},"end":{"line":38,"column":8}},"type":"cond-expr","locations":[{"start":{"line":37,"column":6},"end":{"line":37,"column":18}},{"start":{"line":38,"column":6},"end":{"line":38,"column":8}}],"line":36},"18":{"loc":{"start":{"line":40,"column":24},"end":{"line":40,"column":76}},"type":"binary-expr","locations":[{"start":{"line":40,"column":24},"end":{"line":40,"column":37}},{"start":{"line":40,"column":41},"end":{"line":40,"column":56}},{"start":{"line":40,"column":60},"end":{"line":40,"column":69}},{"start":{"line":40,"column":73},"end":{"line":40,"column":76}}],"line":40},"19":{"loc":{"start":{"line":41,"column":16},"end":{"line":41,"column":65}},"type":"binary-expr","locations":[{"start":{"line":41,"column":16},"end":{"line":41,"column":25}},{"start":{"line":41,"column":29},"end":{"line":41,"column":36}},{"start":{"line":41,"column":40},"end":{"line":41,"column":47}},{"start":{"line":41,"column":51},"end":{"line":41,"column":58}},{"start":{"line":41,"column":62},"end":{"line":41,"column":65}}],"line":41},"20":{"loc":{"start":{"line":42,"column":24},"end":{"line":42,"column":67}},"type":"binary-expr","locations":[{"start":{"line":42,"column":24},"end":{"line":42,"column":37}},{"start":{"line":42,"column":41},"end":{"line":42,"column":45}},{"start":{"line":42,"column":49},"end":{"line":42,"column":60}},{"start":{"line":42,"column":64},"end":{"line":42,"column":67}}],"line":42},"21":{"loc":{"start":{"line":43,"column":18},"end":{"line":43,"column":69}},"type":"binary-expr","locations":[{"start":{"line":43,"column":18},"end":{"line":43,"column":25}},{"start":{"line":43,"column":29},"end":{"line":43,"column":36}},{"start":{"line":43,"column":40},"end":{"line":43,"column":48}},{"start":{"line":43,"column":52},"end":{"line":43,"column":62}},{"start":{"line":43,"column":66},"end":{"line":43,"column":69}}],"line":43},"22":{"loc":{"start":{"line":44,"column":19},"end":{"line":44,"column":45}},"type":"binary-expr","locations":[{"start":{"line":44,"column":19},"end":{"line":44,"column":27}},{"start":{"line":44,"column":31},"end":{"line":44,"column":38}},{"start":{"line":44,"column":42},"end":{"line":44,"column":45}}],"line":44},"23":{"loc":{"start":{"line":45,"column":19},"end":{"line":45,"column":61}},"type":"binary-expr","locations":[{"start":{"line":45,"column":19},"end":{"line":45,"column":27}},{"start":{"line":45,"column":31},"end":{"line":45,"column":43}},{"start":{"line":45,"column":47},"end":{"line":45,"column":54}},{"start":{"line":45,"column":58},"end":{"line":45,"column":61}}],"line":45},"24":{"loc":{"start":{"line":47,"column":6},"end":{"line":52,"column":10}},"type":"binary-expr","locations":[{"start":{"line":47,"column":6},"end":{"line":47,"column":12}},{"start":{"line":48,"column":6},"end":{"line":48,"column":17}},{"start":{"line":49,"column":6},"end":{"line":49,"column":17}},{"start":{"line":50,"column":6},"end":{"line":50,"column":22}},{"start":{"line":51,"column":6},"end":{"line":51,"column":20}},{"start":{"line":52,"column":6},"end":{"line":52,"column":10}}],"line":47},"25":{"loc":{"start":{"line":62,"column":8},"end":{"line":62,"column":76}},"type":"binary-expr","locations":[{"start":{"line":62,"column":8},"end":{"line":62,"column":12}},{"start":{"line":62,"column":16},"end":{"line":62,"column":27}},{"start":{"line":62,"column":31},"end":{"line":62,"column":51}},{"start":{"line":62,"column":55},"end":{"line":62,"column":68}},{"start":{"line":62,"column":72},"end":{"line":62,"column":76}}],"line":62},"26":{"loc":{"start":{"line":68,"column":14},"end":{"line":74,"column":8}},"type":"cond-expr","locations":[{"start":{"line":69,"column":6},"end":{"line":69,"column":10}},{"start":{"line":70,"column":6},"end":{"line":74,"column":8}}],"line":68},"27":{"loc":{"start":{"line":70,"column":6},"end":{"line":74,"column":8}},"type":"cond-expr","locations":[{"start":{"line":71,"column":6},"end":{"line":71,"column":16}},{"start":{"line":72,"column":6},"end":{"line":74,"column":8}}],"line":70},"28":{"loc":{"start":{"line":72,"column":6},"end":{"line":74,"column":8}},"type":"cond-expr","locations":[{"start":{"line":73,"column":6},"end":{"line":73,"column":18}},{"start":{"line":74,"column":6},"end":{"line":74,"column":8}}],"line":72},"29":{"loc":{"start":{"line":77,"column":6},"end":{"line":77,"column":74}},"type":"binary-expr","locations":[{"start":{"line":77,"column":6},"end":{"line":77,"column":10}},{"start":{"line":77,"column":14},"end":{"line":77,"column":25}},{"start":{"line":77,"column":29},"end":{"line":77,"column":49}},{"start":{"line":77,"column":53},"end":{"line":77,"column":66}},{"start":{"line":77,"column":70},"end":{"line":77,"column":74}}],"line":77},"30":{"loc":{"start":{"line":78,"column":16},"end":{"line":78,"column":65}},"type":"binary-expr","locations":[{"start":{"line":78,"column":16},"end":{"line":78,"column":25}},{"start":{"line":78,"column":29},"end":{"line":78,"column":36}},{"start":{"line":78,"column":40},"end":{"line":78,"column":47}},{"start":{"line":78,"column":51},"end":{"line":78,"column":58}},{"start":{"line":78,"column":62},"end":{"line":78,"column":65}}],"line":78},"31":{"loc":{"start":{"line":80,"column":6},"end":{"line":80,"column":65}},"type":"binary-expr","locations":[{"start":{"line":80,"column":6},"end":{"line":80,"column":18}},{"start":{"line":80,"column":22},"end":{"line":80,"column":28}},{"start":{"line":80,"column":32},"end":{"line":80,"column":46}},{"start":{"line":80,"column":50},"end":{"line":80,"column":58}},{"start":{"line":80,"column":62},"end":{"line":80,"column":65}}],"line":80},"32":{"loc":{"start":{"line":81,"column":24},"end":{"line":81,"column":67}},"type":"binary-expr","locations":[{"start":{"line":81,"column":24},"end":{"line":81,"column":37}},{"start":{"line":81,"column":41},"end":{"line":81,"column":45}},{"start":{"line":81,"column":49},"end":{"line":81,"column":60}},{"start":{"line":81,"column":64},"end":{"line":81,"column":67}}],"line":81},"33":{"loc":{"start":{"line":82,"column":18},"end":{"line":82,"column":69}},"type":"binary-expr","locations":[{"start":{"line":82,"column":18},"end":{"line":82,"column":25}},{"start":{"line":82,"column":29},"end":{"line":82,"column":36}},{"start":{"line":82,"column":40},"end":{"line":82,"column":48}},{"start":{"line":82,"column":52},"end":{"line":82,"column":62}},{"start":{"line":82,"column":66},"end":{"line":82,"column":69}}],"line":82},"34":{"loc":{"start":{"line":83,"column":19},"end":{"line":83,"column":45}},"type":"binary-expr","locations":[{"start":{"line":83,"column":19},"end":{"line":83,"column":27}},{"start":{"line":83,"column":31},"end":{"line":83,"column":38}},{"start":{"line":83,"column":42},"end":{"line":83,"column":45}}],"line":83},"35":{"loc":{"start":{"line":85,"column":6},"end":{"line":90,"column":10}},"type":"binary-expr","locations":[{"start":{"line":85,"column":6},"end":{"line":85,"column":12}},{"start":{"line":86,"column":6},"end":{"line":86,"column":17}},{"start":{"line":87,"column":6},"end":{"line":87,"column":17}},{"start":{"line":88,"column":6},"end":{"line":88,"column":22}},{"start":{"line":89,"column":6},"end":{"line":89,"column":20}},{"start":{"line":90,"column":6},"end":{"line":90,"column":10}}],"line":85}},"s":{"0":0,"1":0,"2":0,"3":1,"4":0,"5":1,"6":1,"7":0,"8":1,"9":0,"10":0,"11":0,"12":0,"13":0,"14":0,"15":0,"16":0,"17":0,"18":0,"19":1,"20":1,"21":1,"22":1,"23":1,"24":1,"25":1,"26":1,"27":1,"28":1},"f":{"0":0,"1":0,"2":1,"3":0,"4":0,"5":1,"6":1},"b":{"0":[0,0],"1":[0,0],"2":[0,0],"3":[0,0,0],"4":[0,0],"5":[0,0,0],"6":[0,0],"7":[0,0,0],"8":[0,0,0],"9":[0,0,0],"10":[0,0],"11":[0,0,0,0],"12":[0,0],"13":[0,1],"14":[0,1],"15":[0,0],"16":[0,0],"17":[0,0],"18":[0,0,0,0],"19":[0,0,0,0,0],"20":[0,0,0,0],"21":[0,0,0,0,0],"22":[0,0,0],"23":[0,0,0,0],"24":[0,0,0,0,0,0],"25":[0,0,0,0,0],"26":[1,0],"27":[0,0],"28":[0,0],"29":[1,1,0,0,0],"30":[1,0,0,0,0],"31":[1,0,0,0,0],"32":[1,0,0,0],"33":[1,0,0,0,0],"34":[1,0,0],"35":[1,0,0,0,0,0]},"_coverageSchema":"1a1c01bbd47fc00a2c39e90264f33305004495a9","hash":"33cfb3de947a639f1a7868f6b63f4afea4c40d3a"},"C:\\Users\\migue\\Desktop\\Nova pasta\\Bid-Go_Frontend\\src\\services\\transportsService.js":{"path":"C:\\Users\\migue\\Desktop\\Nova pasta\\Bid-Go_Frontend\\src\\services\\transportsService.js","statementMap":{"0":{"start":{"line":5,"column":17},"end":{"line":5,"column":38}},"1":{"start":{"line":6,"column":2},"end":{"line":6,"column":26}},"2":{"start":{"line":6,"column":16},"end":{"line":6,"column":26}},"3":{"start":{"line":7,"column":2},"end":{"line":7,"column":62}},"4":{"start":{"line":7,"column":22},"end":{"line":7,"column":62}},"5":{"start":{"line":8,"column":2},"end":{"line":8,"column":77}},"6":{"start":{"line":8,"column":27},"end":{"line":8,"column":77}},"7":{"start":{"line":9,"column":2},"end":{"line":9,"column":80}},"8":{"start":{"line":9,"column":28},"end":{"line":9,"column":80}},"9":{"start":{"line":10,"column":2},"end":{"line":10,"column":74}},"10":{"start":{"line":10,"column":26},"end":{"line":10,"column":74}},"11":{"start":{"line":11,"column":2},"end":{"line":11,"column":27}},"12":{"start":{"line":15,"column":2},"end":{"line":15,"column":25}},"13":{"start":{"line":15,"column":15},"end":{"line":15,"column":25}},"14":{"start":{"line":16,"column":14},"end":{"line":16,"column":72}},"15":{"start":{"line":17,"column":2},"end":{"line":17,"column":43}},"16":{"start":{"line":21,"column":13},"end":{"line":21,"column":38}},"17":{"start":{"line":22,"column":14},"end":{"line":22,"column":78}},"18":{"start":{"line":23,"column":14},"end":{"line":23,"column":44}},"19":{"start":{"line":24,"column":2},"end":{"line":24,"column":43}},"20":{"start":{"line":28,"column":14},"end":{"line":28,"column":80}},"21":{"start":{"line":29,"column":2},"end":{"line":29,"column":18}},"22":{"start":{"line":33,"column":14},"end":{"line":36,"column":4}},"23":{"start":{"line":37,"column":2},"end":{"line":37,"column":18}},"24":{"start":{"line":41,"column":14},"end":{"line":41,"column":85}},"25":{"start":{"line":42,"column":2},"end":{"line":42,"column":18}},"26":{"start":{"line":46,"column":14},"end":{"line":49,"column":4}},"27":{"start":{"line":50,"column":2},"end":{"line":50,"column":18}},"28":{"start":{"line":54,"column":14},"end":{"line":54,"column":69}},"29":{"start":{"line":55,"column":2},"end":{"line":55,"column":18}},"30":{"start":{"line":60,"column":2},"end":{"line":69,"column":3}},"31":{"start":{"line":61,"column":16},"end":{"line":61,"column":97}},"32":{"start":{"line":62,"column":4},"end":{"line":62,"column":20}},"33":{"start":{"line":64,"column":4},"end":{"line":67,"column":5}},"34":{"start":{"line":65,"column":18},"end":{"line":65,"column":98}},"35":{"start":{"line":66,"column":6},"end":{"line":66,"column":22}},"36":{"start":{"line":68,"column":4},"end":{"line":68,"column":14}},"37":{"start":{"line":73,"column":14},"end":{"line":73,"column":91}},"38":{"start":{"line":74,"column":2},"end":{"line":74,"column":18}},"39":{"start":{"line":78,"column":14},"end":{"line":78,"column":84}},"40":{"start":{"line":79,"column":2},"end":{"line":79,"column":18}},"41":{"start":{"line":83,"column":14},"end":{"line":83,"column":94}},"42":{"start":{"line":84,"column":2},"end":{"line":84,"column":18}}},"fnMap":{"0":{"name":"buildQueryString","decl":{"start":{"line":4,"column":9},"end":{"line":4,"column":25}},"loc":{"start":{"line":4,"column":35},"end":{"line":12,"column":1}},"line":4},"1":{"name":"getCompanyTransports","decl":{"start":{"line":14,"column":22},"end":{"line":14,"column":42}}
[...]
05":0,"106":0,"107":0,"108":0,"109":0,"110":0,"111":0,"112":0,"113":0,"114":0,"115":0,"116":0,"117":0,"118":0},"f":{"0":0,"1":0,"2":0,"3":0,"4":0,"5":0,"6":0,"7":0,"8":0,"9":0,"10":0,"11":0,"12":0,"13":0},"b":{"0":[0,0],"1":[0,0,0,0,0],"2":[0,0],"3":[0,0],"4":[0,0],"5":[0,0],"6":[0,0],"7":[0,0],"8":[0,0],"9":[0,0],"10":[0,0],"11":[0,0],"12":[0,0,0,0,0,0,0],"13":[0,0],"14":[0,0],"15":[0,0],"16":[0,0],"17":[0,0],"18":[0,0],"19":[0,0],"20":[0,0],"21":[0,0],"22":[0,0],"23":[0,0],"24":[0,0],"25":[0,0],"26":[0,0],"27":[0,0],"28":[0,0],"29":[0,0],"30":[0,0],"31":[0,0],"32":[0,0],"33":[0,0],"34":[0,0],"35":[0,0],"36":[0,0],"37":[0,0],"38":[0,0]},"_coverageSchema":"1a1c01bbd47fc00a2c39e90264f33305004495a9","hash":"dbf30e6448241647abf7bb54db966c775e272abb"},"C:\\Users\\migue\\Desktop\\Nova pasta\\Bid-Go_Frontend\\src\\components\\domain\\NotificationCard.js":{"path":"C:\\Users\\migue\\Desktop\\Nova pasta\\Bid-Go_Frontend\\src\\components\\domain\\NotificationCard.js","statementMap":{"0":{"start":{"line":12,"column":4},"end":{"line":12,"column":35}},"1":{"start":{"line":12,"column":23},"end":{"line":12,"column":35}},"2":{"start":{"line":13,"column":65},"end":{"line":13,"column":77}},"3":{"start":{"line":15,"column":24},"end":{"line":30,"column":5}},"4":{"start":{"line":16,"column":8},"end":{"line":29,"column":9}},"5":{"start":{"line":18,"column":16},"end":{"line":18,"column":41}},"6":{"start":{"line":20,"column":16},"end":{"line":20,"column":41}},"7":{"start":{"line":22,"column":16},"end":{"line":22,"column":33}},"8":{"start":{"line":24,"column":16},"end":{"line":24,"column":41}},"9":{"start":{"line":26,"column":16},"end":{"line":26,"column":43}},"10":{"start":{"line":28,"column":16},"end":{"line":28,"column":41}},"11":{"start":{"line":32,"column":25},"end":{"line":47,"column":5}},"12":{"start":{"line":33,"column":8},"end":{"line":46,"column":9}},"13":{"start":{"line":35,"column":16},"end":{"line":35,"column":38}},"14":{"start":{"line":37,"column":16},"end":{"line":37,"column":38}},"15":{"start":{"line":39,"column":16},"end":{"line":39,"column":42}},"16":{"start":{"line":41,"column":16},"end":{"line":41,"column":37}},"17":{"start":{"line":43,"column":16},"end":{"line":43,"column":43}},"18":{"start":{"line":45,"column":16},"end":{"line":45,"column":38}},"19":{"start":{"line":49,"column":24},"end":{"line":51,"column":5}},"20":{"start":{"line":50,"column":8},"end":{"line":50,"column":50}},"21":{"start":{"line":50,"column":21},"end":{"line":50,"column":50}},"22":{"start":{"line":53,"column":4},"end":{"line":69,"column":6}}},"fnMap":{"0":{"name":"NotificationCard","decl":{"start":{"line":11,"column":24},"end":{"line":11,"column":40}},"loc":{"start":{"line":11,"column":71},"end":{"line":70,"column":1}},"line":11},"1":{"name":"(anonymous_1)","decl":{"start":{"line":15,"column":24},"end":{"line":15,"column":25}},"loc":{"start":{"line":15,"column":31},"end":{"line":30,"column":5}},"line":15},"2":{"name":"(anonymous_2)","decl":{"start":{"line":32,"column":25},"end":{"line":32,"column":26}},"loc":{"start":{"line":32,"column":32},"end":{"line":47,"column":5}},"line":32},"3":{"name":"(anonymous_3)","decl":{"start":{"line":49,"column":24},"end":{"line":49,"column":25}},"loc":{"start":{"line":49,"column":30},"end":{"line":51,"column":5}},"line":49}},"branchMap":{"0":{"loc":{"start":{"line":12,"column":4},"end":{"line":12,"column":35}},"type":"if","locations":[{"start":{"line":12,"column":4},"end":{"line":12,"column":35}},{"start":{},"end":{}}],"line":12},"1":{"loc":{"start":{"line":16,"column":8},"end":{"line":29,"column":9}},"type":"switch","locations":[{"start":{"line":17,"column":12},"end":{"line":18,"column":41}},{"start":{"line":19,"column":12},"end":{"line":20,"column":41}},{"start":{"line":21,"column":12},"end":{"line":22,"column":33}},{"start":{"line":23,"column":12},"end":{"line":24,"column":41}},{"start":{"line":25,"column":12},"end":{"line":26,"column":43}},{"start":{"line":27,"column":12},"end":{"line":28,"column":41}}],"line":16},"2":{"loc":{"start":{"line":33,"column":8},"end":{"line":46,"column":9}},"type":"switch","locations":[{"start":{"line":34,"column":12},"end":{"line":35,"column":38}},{"start":{"line":36,"column":12},"end":{"line":37,"column":38}},{"start":{"line":38,"column":12},"end":{"line":39,"column":42}},{"start":{"line":40,"column":12},"end":{"line":41,"column":37}},{"start":{"line":42,"column":12},"end":{"line":43,"column":43}},{"start":{"line":44,"column":12},"end":{"line":45,"column":38}}],"line":33},"3":{"loc":{"start":{"line":50,"column":8},"end":{"line":50,"column":50}},"type":"if","locations":[{"start":{"line":50,"column":8},"end":{"line":50,"column":50}},{"start":{},"end":{}}],"line":50},"4":{"loc":{"start":{"line":56,"column":45},"end":{"line":56,"column":68}},"type":"cond-expr","locations":[{"start":{"line":56,"column":55},"end":{"line":56,"column":63}},{"start":{"line":56,"column":66},"end":{"line":56,"column":68}}],"line":56},"5":{"loc":{"start":{"line":65,"column":17},"end":{"line":65,"column":63}},"type":"binary-expr","locations":[{"start":{"line":65,"column":17},"end":{"line":65,"column":24}},{"start":{"line":65,"column":28},"end":{"line":65,"column":63}}],"line":65}},"s":{"0":0,"1":0,"2":0,"3":0,"4":0,"5":0,"6":0,"7":0,"8":0,"9":0,"10":0,"11":0,"12":0,"13":0,"14":0,"15":0,"16":0,"17":0,"18":0,"19":0,"20":0,"21":0,"22":0},"f":{"0":0,"1":0,"2":0,"3":0},"b":{"0":[0,0],"1":[0,0,0,0,0,0],"2":[0,0,0,0,0,0],"3":[0,0],"4":[0,0],"5":[0,0]},"_coverageSchema":"1a1c01bbd47fc00a2c39e90264f33305004495a9","hash":"7d4f1d791e2c254672f9498041c511a3be97b0fa"},"C:\\Users\\migue\\Desktop\\Nova pasta\\Bid-Go_Frontend\\src\\services\\notificationsService.js":{"path":"C:\\Users\\migue\\Desktop\\Nova pasta\\Bid-Go_Frontend\\src\\services\\notificationsService.js","statementMap":{"0":{"start":{"line":4,"column":2},"end":{"line":4,"column":25}},"1":{"start":{"line":4,"column":15},"end":{"line":4,"column":25}},"2":{"start":{"line":5,"column":14},"end":{"line":5,"column":74}},"3":{"start":{"line":6,"column":2},"end":{"line":6,"column":24}},"4":{"start":{"line":10,"column":14},"end":{"line":10,"column":93}},"5":{"start":{"line":11,"column":2},"end":{"line":11,"column":18}},"6":{"start":{"line":15,"column":14},"end":{"line":15,"column":79}},"7":{"start":{"line":16,"column":2},"end":{"line":16,"column":18}},"8":{"start":{"line":19,"column":29},"end":{"line":19,"column":78}}},"fnMap":{"0":{"name":"fetchNotifications","decl":{"start":{"line":3,"column":22},"end":{"line":3,"column":40}},"loc":{"start":{"line":3,"column":57},"end":{"line":7,"column":1}},"line":3},"1":{"name":"markAsRead","decl":{"start":{"line":9,"column":22},"end":{"line":9,"column":32}},"loc":{"start":{"line":9,"column":57},"end":{"line":12,"column":1}},"line":9},"2":{"name":"markAllAsRead","decl":{"start":{"line":14,"column":22},"end":{"line":14,"column":35}},"loc":{"start":{"line":14,"column":44},"end":{"line":17,"column":1}},"line":14}},"branchMap":{"0":{"loc":{"start":{"line":4,"column":2},"end":{"line":4,"column":25}},"type":"if","locations":[{"start":{"line":4,"column":2},"end":{"line":4,"column":25}},{"start":{},"end":{}}],"line":4},"1":{"loc":{"start":{"line":6,"column":9},"end":{"line":6,"column":23}},"type":"binary-expr","locations":[{"start":{"line":6,"column":9},"end":{"line":6,"column":17}},{"start":{"line":6,"column":21},"end":{"line":6,"column":23}}],"line":6}},"s":{"0":0,"1":0,"2":0,"3":0,"4":0,"5":0,"6":0,"7":0,"8":1},"f":{"0":0,"1":0,"2":0},"b":{"0":[0,0],"1":[0,0]},"_coverageSchema":"1a1c01bbd47fc00a2c39e90264f33305004495a9","hash":"2702a9cc1247bc44bdc94ad47950876d0b821e2a"},"C:\\Users\\migue\\Desktop\\Nova pasta\\Bid-Go_Frontend\\src\\hooks\\useNotifications.js":{"path":"C:\\Users\\migue\\Desktop\\Nova pasta\\Bid-Go_Frontend\\src\\hooks\\useNotifications.js","statementMap":{"0":{"start":{"line":5,"column":44},"end":{"line":5,"column":56}},"1":{"start":{"line":6,"column":32},"end":{"line":6,"column":46}},"2":{"start":{"line":7,"column":28},"end":{"line":7,"column":42}},"3":{"start":{"line":9,"column":38},"end":{"line":9,"column":53}},"4":{"start":{"line":10,"column":38},"end":{"line":10,"column":53}},"5":{"start":{"line":11,"column":40},"end":{"line":11,"column":56}},"6":{"start":{"line":13,"column":2},"end":{"line":31,"column":15}},"7":{"start":{"line":14,"column":23},"end":{"line":14,"column":44}},"8":{"start":{"line":15,"column":17},"end":{"line":27,"column":5}},"9":{"start":{"line":16,"column":6},"end":{"line":16,"column":23}},"10":{"start":{"line":17,"column":6},"end":{"line":17,"column":21}},"11":{"start":{"line":18,"column":6},"end":{"line":26,"column":7}},"12":{"start":{"line":19,"column":21},"end":{"line":19,"column":72}},"13":{"start":{"line":20,"column":8},"end":{"line":20,"column":37}},"14":{"start":{"line":22,"column":8},"end":{"line":22,"column":50}},"15":{"start":{"line":22,"column":43},"end":{"line":22,"column":50}},"16":{"start":{"line":23,"column":8},"end":{"line":23,"column":67}},"17":{"start":{"line":25,"column":8},"end":{"line":25,"column":26}},"18":{"start":{"line":29,"column":4},"end":{"line":29,"column":11}},"19":{"start":{"line":30,"column":4},"end":{"line":30,"column":36}},"20":{"start":{"line":30,"column":17},"end":{"line":30,"column":35}},"21":{"start":{"line":33,"column":19},"end":{"line":44,"column":58}},"22":{"start":{"line":34,"column":15},"end":{"line":34,"column":33}},"23":{"start":{"line":35,"column":4},"end":{"line":35,"column":79}},"24":{"start":{"line":35,"column":30},"end":{"line":35,"column":79}},"25":{"start":{"line":35,"column":56},"end":{"line":35,"column":77}},"26":{"start":{"line":36,"column":4},"end":{"line":36,"column":70}},"27":{"start":{"line":36,"column":33},"end":{"line":36,"column":70}},"28":{"start":{"line":36,"column":59},"end":{"line":36,"column":68}},"29":{"start":{"line":37,"column":4},"end":{"line":37,"column":67}},"30":{"start":{"line":37,"column":31},"end":{"line":37,"column":67}},"31":{"start":{"line":37,"column":57},"end":{"line":37,"column":65}},"32":{"start":{"line":38,"column":4},"end":{"line":42,"column":7}},"33":{"start":{"line":39,"column":17},"end":{"line":39,"column":38}},"34":{"start":{"line":40,"column":17},"end":{"line":40,"column":38}},"35":{"start":{"line":41,"column":6},"end":{"line":41,"column":55}},"36":{"start":{"line":43,"column":4},"end":{"line":43,"column":16}},"37":{"start":{"line":47,"column":4},"end":{"line":47,"column":25}},"38":{"start":{"line":49,"column":17},"end":{"line":49,"column":49}},"39":{"start":{"line":50,"column":4},"end":{"line":50,"column":33}},"40":{"start":{"line":54,"column":4},"end":{"line":54,"column":26}},"41":{"start":{"line":55,"column":17},"end":{"line":55,"column":49}},"42":{"start":{"line":56,"column":4},"end":{"line":56,"column":33}},"43":{"start":{"line":59,"column":2},"end":{"line":72,"column":4}}},"fnMap":{"0":{"name":"useNotifications","decl":{"start":{"line":4,"column":16},"end":{"line":4,"column":32}},"loc":{"start":{"line":4,"column":50},"end":{"line":73,"column":1}},"line":4},"1":{"name":"(anonymous_1)","decl":{"start":{"line":13,"column":12},"end":{"line":13,"column":13}},"loc":{"start":{"line":13,"column":18},"end":{"line":31,"column":3}},"line":13},"2":{"name":"(anonymous_2)","decl":{"start":{"line":15,"column":17},"end":{"line":15,"column":18}},"loc":{"start":{"line":15,"column":29},"end":{"line":27,"column":5}},"line":15},"3":{"name":"(anonymous_3)","decl":{"start":{"line":30,"column":11},"end":{"line":30,"column":12}},"loc":{"start":{"line":30,"column":17},"end":{"line":30,"column":35}},"line":30},"4":{"name":"(anonymous_4)","decl":{"start":{"line":33,"column":27},"end":{"line":33,"column":28}},"loc":{"start":{"line":33,"column":33},"end":{"line":44,"column":3}},"line":33},"5":{"name":"(anonymous_5)","decl":{"start":{"line":35,"column":49},"end":{"line":35,"column":50}},"loc":{"start":{"line":35,"column":56},"end":{"line":35,"column":77}},"line":35},"6":{"name":"(anonymous_6)","decl":{"start":{"line":36,"column":52},"end":{"line":36,"column":53}},"loc":{"start":{"line":36,"column":59},"end":{"line":36,"column":68}},"line":36},"7":{"name":"(anonymous_7)","decl":{"start":{"line":37,"column":50},"end":{"line":37,"column":51}},"loc":{"start":{"line":37,"column":57},"end":{"line":37,"column":65}},"line":37},"8":{"name":"(anonymous_8)","decl":{"start":{"line":38,"column":14},"end":{"line":38,"column":15}},"loc":{"start":{"line":38,"column":24},"end":{"line":42,"column":5}},"line":38},"9":{"name":"markRead","decl":{"start":{"line":46,"column":17},"end":{"line":46,"column":25}},"loc":{"start":{"line":46,"column":30},"end":{"line":51,"column":3}},"line":46},"10":{"name":"markAll","decl":{"start":{"line":53,"column":17},"end":{"line":53,"column":24}},"loc":{"start":{"line":53,"column":27},"end":{"line":57,"column":3}},"line":53}},"branchMap":{"0":{"loc":{"start":{"line":4,"column":33},"end":{"line":4,"column":48}},"type":"default-arg","locations":[{"start":{"line":4,"column":46},"end":{"line":4,"column":48}}],"line":4},"1":{"loc":{"start":{"line":20,"column":25},"end":{"line":20,"column":35}},"type":"binary-expr","locations":[{"start":{"line":20,"column":25},"end":{"line":20,"column":29}},{"start":{"line":20,"column":33},"end":{"line":20,"column":35}}],"line":20},"2":{"loc":{"start":{"line":22,"column":8},"end":{"line":22,"column":50}},"type":"if","locations":[{"start":{"line":22,"column":8},"end":{"line":22,"column":50}},{"start":{},"end":{}}],"line":22},"3":{"loc":{"start":{"line":23,"column":17},"end":{"line":23,"column":65}},"type":"binary-expr","locations":[{"start":{"line":23,"column":17},"end":{"line":23,"column":29}},{"start":{"line":23,"column":33},"end":{"line":23,"column":65}}],"line":23},"4":{"loc":{"start":{"line":35,"column":4},"end":{"line":35,"column":79}},"type":"if","locations":[{"start":{"line":35,"column":4},"end":{"line":35,"column":79}},{"start":{},"end":{}}],"line":35},"5":{"loc":{"start":{"line":36,"column":4},"end":{"line":36,"column":70}},"type":"if","locations":[{"start":{"line":36,"column":4},"end":{"line":36,"column":70}},{"start":{},"end":{}}],"line":36},"6":{"loc":{"start":{"line":37,"column":4},"end":{"line":37,"column":67}},"type":"if","locations":[{"start":{"line":37,"column":4},"end":{"line":37,"column":67}},{"start":{},"end":{}}],"line":37},"7":{"loc":{"start":{"line":41,"column":13},"end":{"line":41,"column":54}},"type":"cond-expr","locations":[{"start":{"line":41,"column":37},"end":{"line":41,"column":44}},{"start":{"line":41,"column":47},"end":{"line":41,"column":54}}],"line":41},"8":{"loc":{"start":{"line":50,"column":21},"end":{"line":50,"column":31}},"type":"binary-expr","locations":[{"start":{"line":50,"column":21},"end":{"line":50,"column":25}},{"start":{"line":50,"column":29},"end":{"line":50,"column":31}}],"line":50},"9":{"loc":{"start":{"line":56,"column":21},"end":{"line":56,"column":31}},"type":"binary-expr","locations":[{"start":{"line":56,"column":21},"end":{"line":56,"column":25}},{"start":{"line":56,"column":29},"end":{"line":56,"column":31}}],"line":56}},"s":{"0":0,"1":0,"2":0,"3":0,"4":0,"5":0,"6":0,"7":0,"8":0,"9":0,"10":0,"11":0,"12":0,"13":0,"14":0,"15":0,"16":0,"17":0,"18":0,"19":0,"20":0,"21":0,"22":0,"23":0,"24":0,"25":0,"26":0,"27":0,"28":0,"29":0,"30":0,"31":0,"32":0,"33":0,"34":0,"35":0,"36":0,"37":0,"38":0,"39":0,"40":0,"41":0,"42":0,"43":0},"f":{"0":0,"1":0,"2":0,"3":0,"4":0,"5":0,"6":0,"7":0,"8":0,"9":0,"10":0},"b":{"0":[0],"1":[0,0],"2":[0,0],"3":[0,0],"4":[0,0],"5":[0,0],"6":[0,0],"7":[0,0],"8":[0,0],"9":[0,0]},"_coverageSchema":"1a1c01bbd47fc00a2c39e90264f33305004495a9","hash":"9276f3d029d91652e1e69f799ea08511c5df1699"},"C:\\Users\\migue\\Desktop\\Nova pasta\\Bid-Go_Frontend\\src\\pages\\NotificationPage.js":{"path":"C:\\Users\\migue\\Desktop\\Nova pasta\\Bid-Go_Frontend\\src\\pages\\NotificationPage.js","statementMap":{"0":{"start":{"line":9,"column":43},"end":{"line":9,"column":50}},"1":{"start":{"line":22,"column":8},"end":{"line":22,"column":36}},"2":{"start":{"line":24,"column":4},"end":{"line":24,"column":108}},"3":{"start":{"line":24,"column":30},"end":{"line":24,"column":108}},"4":{"start":{"line":25,"column":4},"end":{"line":25,"column":74}},"5":{"start":{"line":25,"column":15},"end":{"line":25,"column":74}},"6":{"start":{"line":27,"column":4},"end":{"line":67,"column":6}},"7":{"start":{"line":37,"column":64},"end":{"line":37,"column":93}},"8":{"start":{"line":46,"column":64},"end":{"line":46,"column":93}},"9":{"start":{"line":52,"column":65},"end":{"line":52,"column":95}},"10":{"start":{"line":62,"column":24},"end":{"line":62,"column":118}},"11":{"start":{"line":62,"column":102},"end":{"line":62,"column":114}}},"fnMap":{"0":{"name":"NotificationPage","decl":{"start":{"line":8,"column":24},"end":{"line":8,"column":40}},"loc":{"start":{"line":8,"column":43},"end":{"line":68,"column":1}},"line":8},"1":{"name":"(anonymous_1)","decl":{"start":{"line":37,"column":57},"end":{"line":37,"column":58}},"loc":{"start":{"line":37,"column":64},"end":{"line":37,"column":93}},"line":37},"2":{"name":"(anonymous_2)","decl":{"start":{"line":46,"column":57},"end":{"line":46,"column":58}},"loc":{"start":{"line":46,"column":64},"end":{"line":46,"column":93}},"line":46},"3":{"name":"(anonymous_3)","decl":{"start":{"line":52,"column":58},"end":{"line":52,"column":59}},"loc":{"start":{"line":52,"column":65},"end":{"line":52,"column":95}},"line":52},"4":{"name":"(anonymous_4)","decl":{"start":{"line":61,"column":34},"end":{"line":61,"column":35}},"loc":{"start":{"line":62,"column":24},"end":{"line":62,"column":118}},"line":62},"5":{"name":"(anonymous_5)","decl":{"start":{"line":62,"column":94},"end":{"line":62,"column":95}},"loc":{"start":{"line":62,"column":102},"end":{"line":62,"column":114}},"line":62}},"branchMap":{"0":{"loc":{"start":{"line":24,"column":4},"end":{"line":24,"column":108}},"type":"if","locations":[{"start":{"line":24,"column":4},"end":{"line":24,"column":108}},{"start":{},"end":{}}],"line":24},"1":{"loc":{"start":{"line":24,"column":8},"end":{"line":24,"column":28}},"type":"binary-expr","locations":[{"start":{"line":24,"column":8},"end":{"line":24,"column":17}},{"start":{"line":24,"column":21},"end":{"line":24,"column":28}}],"line":24},"2":{"loc":{"start":{"line":25,"column":4},"end":{"line":25,"column":74}},"type":"if","locations":[{"start":{"line":25,"column":4},"end":{"line":25,"column":74}},{"start":{},"end":{}}],"line":25},"3":{"loc":{"start":{"line":59,"column":21},"end":{"line":59,"column":105}},"type":"binary-expr","locations":[{"start":{"line":59,"column":21},"end":{"line":59,"column":42}},{"start":{"line":59,"column":46},"end":{"line":59,"column":105}}],"line":59}},"s":{"0":0,"1":0,"2":0,"3":0,"4":0,"5":0,"6":0,"7":0,"8":0,"9":0,"10":0,"11":0},"f":{"0":0,"1":0,"2":0,"3":0,"4":0,"5":0},"b":{"0":[0,0],"1":[0,0],"2":[0,0],"3":[0,0]},"_coverageSchema":"1a1c01bbd47fc00a2c39e90264f33305004495a9","hash":"3bae4323566d7f04ee95dd0340a2f75356a5d44b"},"C:\\Users\\migue\\Desktop\\Nova pasta\\Bid-Go_Frontend\\src\\AppRouter.js":{"path":"C:\\Users\\migue\\Desktop\\Nova pasta\\Bid-Go_Frontend\\src\\AppRouter.js","statementMap":{"0":{"start":{"line":16,"column":2},"end":{"line":42,"column":4}}},"fnMap":{"0":{"name":"AppRouter","decl":{"start":{"line":15,"column":24},"end":{"line":15,"column":33}},"loc":{"start":{"line":15,"column":36},"end":{"line":43,"column":1}},"line":15}},"branchMap":{},"s":{"0":2},"f":{"0":2},"b":{},"_coverageSchema":"1a1c01bbd47fc00a2c39e90264f33305004495a9","hash":"584c97ecc1d5153f2c60675567b16b84462b4b58"},"C:\\Users\\migue\\Desktop\\Nova pasta\\Bid-Go_Frontend\\src\\index.js":{"path":"C:\\Users\\migue\\Desktop\\Nova pasta\\Bid-Go_Frontend\\src\\index.js","statementMap":{"0":{"start":{"line":8,"column":13},"end":{"line":8,"column":65}},"1":{"start":{"line":9,"column":0},"end":{"line":15,"column":2}},"2":{"start":{"line":17,"column":0},"end":{"line":17,"column":18}}},"fnMap":{},"branchMap":{},"s":{"0":1,"1":1,"2":1},"f":{},"b":{},"_coverageSchema":"1a1c01bbd47fc00a2c39e90264f33305004495a9","hash":"9a7dab78746c1c8758a03a27fd30cb7d0ab9e663"}}